2021-08-09 20:06:07.774085 [warning] Task[10844]: First alternate filename format string () does not contain %name placeholder. Switching to default (%name - copy%ext).
2021-08-09 20:06:07.774085 [warning] Task[10844]: Subsequent alternate filename format string () does not contain %name or %count placeholder. Switching to default (%name - copy (%count)%ext).
2021-08-09 20:06:07.829127 [error] Filesystem[10844]: Failed to fast-move file E:\Vortex Mods\falloutnv\xEditFilterPatch\DialogResponse to C:\Modding\Working\DialogResponse. Error: 17
2021-08-09 20:06:07.861771 [error] Filesystem[10844]: Failed to fast-move file E:\Vortex Mods\falloutnv\xEditFilterPatch\DialogTopic to C:\Modding\Working\DialogTopic. Error: 17
2021-08-09 20:06:07.861771 [error] Filesystem[10844]: Failed to fast-move file E:\Vortex Mods\falloutnv\xEditFilterPatch\Door to C:\Modding\Working\Door. Error: 17
2021-08-09 20:06:07.861771 [error] Filesystem[10844]: Failed to fast-move file E:\Vortex Mods\falloutnv\xEditFilterPatch\EffectShader to C:\Modding\Working\EffectShader. Error: 17
2021-08-09 20:06:07.862770 [error] Filesystem[10844]: Failed to fast-move file E:\Vortex Mods\falloutnv\xEditFilterPatch\EncounterZone to C:\Modding\Working\EncounterZone. Error: 17
2021-08-09 20:06:07.862770 [error] Filesystem[10844]: Failed to fast-move file E:\Vortex Mods\falloutnv\xEditFilterPatch\Explosion to C:\Modding\Working\Explosion. Error: 17
2021-08-09 20:06:07.862770 [error] Filesystem[10844]: Failed to fast-move file E:\Vortex Mods\falloutnv\xEditFilterPatch\Faction to C:\Modding\Working\Faction. Error: 17
2021-08-09 20:06:07.863769 [error] Filesystem[10844]: Failed to fast-move file E:\Vortex Mods\falloutnv\xEditFilterPatch\FormiD to C:\Modding\Working\FormiD. Error: 17
2021-08-09 20:06:07.863769 [error] Filesystem[10844]: Failed to fast-move file E:\Vortex Mods\falloutnv\xEditFilterPatch\Furniture to C:\Modding\Working\Furniture. Error: 17
2021-08-09 20:06:07.863769 [error] Filesystem[10844]: Failed to fast-move file E:\Vortex Mods\falloutnv\xEditFilterPatch\GameSettings to C:\Modding\Working\GameSettings. Error: 17
2021-08-09 20:06:07.863769 [error] Filesystem[10844]: Failed to fast-move file E:\Vortex Mods\falloutnv\xEditFilterPatch\Global to C:\Modding\Working\Global. Error: 17
2021-08-09 20:06:07.864767 [error] Filesystem[10844]: Failed to fast-move file E:\Vortex Mods\falloutnv\xEditFilterPatch\IdleAnimation to C:\Modding\Working\IdleAnimation. Error: 17
2021-08-09 20:06:07.864767 [error] Filesystem[10844]: Failed to fast-move file E:\Vortex Mods\falloutnv\xEditFilterPatch\IdleMarker to C:\Modding\Working\IdleMarker. Error: 17
2021-08-09 20:06:07.864767 [error] Filesystem[10844]: Failed to fast-move file E:\Vortex Mods\falloutnv\xEditFilterPatch\ImageSpace to C:\Modding\Working\ImageSpace. Error: 17
2021-08-09 20:06:07.864767 [error] Filesystem[10844]: Failed to fast-move file E:\Vortex Mods\falloutnv\xEditFilterPatch\Ingestable to C:\Modding\Working\Ingestable. Error: 17
2021-08-09 20:06:07.865444 [error] Filesystem[10844]: Failed to fast-move file E:\Vortex Mods\falloutnv\xEditFilterPatch\ItemMod to C:\Modding\Working\ItemMod. Error: 17
2021-08-09 20:06:07.865444 [error] Filesystem[10844]: Failed to fast-move file E:\Vortex Mods\falloutnv\xEditFilterPatch\Key to C:\Modding\Working\Key. Error: 17
2021-08-09 20:06:07.865444 [error] Filesystem[10844]: Failed to fast-move file E:\Vortex Mods\falloutnv\xEditFilterPatch\Landscape to C:\Modding\Working\Landscape. Error: 17
2021-08-09 20:06:07.865444 [error] Filesystem[10844]: Failed to fast-move file E:\Vortex Mods\falloutnv\xEditFilterPatch\Light to C:\Modding\Working\Light. Error: 17
2021-08-09 20:06:07.865444 [error] Filesystem[10844]: Failed to fast-move file E:\Vortex Mods\falloutnv\xEditFilterPatch\LoadScreen to C:\Modding\Working\LoadScreen. Error: 17
2021-08-09 20:06:07.866438 [error] Filesystem[10844]: Failed to fast-move file E:\Vortex Mods\falloutnv\xEditFilterPatch\LvlCreatures to C:\Modding\Working\LvlCreatures. Error: 17
2021-08-09 20:06:07.866438 [error] Filesystem[10844]: Failed to fast-move file E:\Vortex Mods\falloutnv\xEditFilterPatch\LvlItems to C:\Modding\Working\LvlItems. Error: 17
2021-08-09 20:06:07.866438 [error] Filesystem[10844]: Failed to fast-move file E:\Vortex Mods\falloutnv\xEditFilterPatch\LvlNpcs to C:\Modding\Working\LvlNpcs. Error: 17
2021-08-09 20:06:07.866438 [error] Filesystem[10844]: Failed to fast-move file E:\Vortex Mods\falloutnv\xEditFilterPatch\Messages to C:\Modding\Working\Messages. Error: 17
2021-08-09 20:06:07.866438 [error] Filesystem[10844]: Failed to fast-move file E:\Vortex Mods\falloutnv\xEditFilterPatch\MiscItem to C:\Modding\Working\MiscItem. Error: 17
2021-08-09 20:06:07.867436 [error] Filesystem[10844]: Failed to fast-move file E:\Vortex Mods\falloutnv\xEditFilterPatch\MovableStatics to C:\Modding\Working\MovableStatics. Error: 17
2021-08-09 20:06:07.867436 [error] Filesystem[10844]: Failed to fast-move file E:\Vortex Mods\falloutnv\xEditFilterPatch\NavigationMesh to C:\Modding\Working\NavigationMesh. Error: 17
2021-08-09 20:06:07.867436 [error] Filesystem[10844]: Failed to fast-move file E:\Vortex Mods\falloutnv\xEditFilterPatch\NavigationMeshInfoMapping to C:\Modding\Working\NavigationMeshInfoMapping. Error: 17
2021-08-09 20:06:07.867436 [error] Filesystem[10844]: Failed to fast-move file E:\Vortex Mods\falloutnv\xEditFilterPatch\nonplayerchar to C:\Modding\Working\nonplayerchar. Error: 17
2021-08-09 20:06:07.867436 [error] Filesystem[10844]: Failed to fast-move file E:\Vortex Mods\falloutnv\xEditFilterPatch\Note to C:\Modding\Working\Note. Error: 17
2021-08-09 20:06:07.868435 [error] Filesystem[10844]: Failed to fast-move file E:\Vortex Mods\falloutnv\xEditFilterPatch\ObjectEffect to C:\Modding\Working\ObjectEffect. Error: 17
2021-08-09 20:06:07.868435 [error] Filesystem[10844]: Failed to fast-move file E:\Vortex Mods\falloutnv\xEditFilterPatch\package to C:\Modding\Working\package. Error: 17
2021-08-09 20:06:07.868435 [error] Filesystem[10844]: Failed to fast-move file E:\Vortex Mods\falloutnv\xEditFilterPatch\perk to C:\Modding\Working\perk. Error: 17
2021-08-09 20:06:07.868435 [error] Filesystem[10844]: Failed to fast-move file E:\Vortex Mods\falloutnv\xEditFilterPatch\PlacedCreature to C:\Modding\Working\PlacedCreature. Error: 17
2021-08-09 20:06:07.868435 [error] Filesystem[10844]: Failed to fast-move file E:\Vortex Mods\falloutnv\xEditFilterPatch\placedGranede to C:\Modding\Working\placedGranede. Error: 17
2021-08-09 20:06:07.869434 [error] Filesystem[10844]: Failed to fast-move file E:\Vortex Mods\falloutnv\xEditFilterPatch\PlacedNpc to C:\Modding\Working\PlacedNpc. Error: 17
2021-08-09 20:06:07.869434 [error] Filesystem[10844]: Failed to fast-move file E:\Vortex Mods\falloutnv\xEditFilterPatch\PlacedObjects to C:\Modding\Working\PlacedObjects. Error: 17
2021-08-09 20:06:07.869434 [error] Filesystem[10844]: Failed to fast-move file E:\Vortex Mods\falloutnv\xEditFilterPatch\projectiles to C:\Modding\Working\projectiles. Error: 17
2021-08-09 20:06:07.869434 [error] Filesystem[10844]: Failed to fast-move file E:\Vortex Mods\falloutnv\xEditFilterPatch\Quest to C:\Modding\Working\Quest. Error: 17
2021-08-09 20:06:07.869434 [error] Filesystem[10844]: Failed to fast-move file E:\Vortex Mods\falloutnv\xEditFilterPatch\race to C:\Modding\Working\race. Error: 17
2021-08-09 20:06:07.869434 [error] Filesystem[10844]: Failed to fast-move file E:\Vortex Mods\falloutnv\xEditFilterPatch\recepie to C:\Modding\Working\recepie. Error: 17
2021-08-09 20:06:07.870433 [error] Filesystem[10844]: Failed to fast-move file E:\Vortex Mods\falloutnv\xEditFilterPatch\RecepieCategory to C:\Modding\Working\RecepieCategory. Error: 17
2021-08-09 20:06:07.870433 [error] Filesystem[10844]: Failed to fast-move file E:\Vortex Mods\falloutnv\xEditFilterPatch\script to C:\Modding\Working\script. Error: 17
2021-08-09 20:06:07.870433 [error] Filesystem[10844]: Failed to fast-move file E:\Vortex Mods\falloutnv\xEditFilterPatch\Sound to C:\Modding\Working\Sound. Error: 17
2021-08-09 20:06:07.870433 [error] Filesystem[10844]: Failed to fast-move file E:\Vortex Mods\falloutnv\xEditFilterPatch\StatticCollection to C:\Modding\Working\StatticCollection. Error: 17
2021-08-09 20:06:07.870433 [error] Filesystem[10844]: Failed to fast-move file E:\Vortex Mods\falloutnv\xEditFilterPatch\talkingActivator to C:\Modding\Working\talkingActivator. Error: 17
2021-08-09 20:06:07.871432 [error] Filesystem[10844]: Failed to fast-move file E:\Vortex Mods\falloutnv\xEditFilterPatch\terminal to C:\Modding\Working\terminal. Error: 17
2021-08-09 20:06:07.871432 [error] Filesystem[10844]: Failed to fast-move file E:\Vortex Mods\falloutnv\xEditFilterPatch\TextureSet to C:\Modding\Working\TextureSet. Error: 17
2021-08-09 20:06:07.871432 [error] Filesystem[10844]: Failed to fast-move file E:\Vortex Mods\falloutnv\xEditFilterPatch\water to C:\Modding\Working\water. Error: 17
2021-08-09 20:06:07.871432 [error] Filesystem[10844]: Failed to fast-move file E:\Vortex Mods\falloutnv\xEditFilterPatch\weapons to C:\Modding\Working\weapons. Error: 17
2021-08-09 20:06:07.871432 [error] Filesystem[10844]: Failed to fast-move file E:\Vortex Mods\falloutnv\xEditFilterPatch\worldspace to C:\Modding\Working\worldspace. Error: 17
2021-08-09 20:06:07.871432 [error] Filesystem[10844]: Failed to fast-move file E:\Vortex Mods\falloutnv\xEditFilterPatch\Activator to C:\Modding\Working\Activator. Error: 17
2021-08-09 20:06:07.872431 [error] Filesystem[10844]: Failed to fast-move file E:\Vortex Mods\falloutnv\xEditFilterPatch\ActorEffect to C:\Modding\Working\ActorEffect. Error: 17
2021-08-09 20:06:07.872431 [error] Filesystem[10844]: Failed to fast-move file E:\Vortex Mods\falloutnv\xEditFilterPatch\AmmoEffect to C:\Modding\Working\AmmoEffect. Error: 17
2021-08-09 20:06:07.872431 [error] Filesystem[10844]: Failed to fast-move file E:\Vortex Mods\falloutnv\xEditFilterPatch\Ammunition to C:\Modding\Working\Ammunition. Error: 17
2021-08-09 20:06:07.872431 [error] Filesystem[10844]: Failed to fast-move file E:\Vortex Mods\falloutnv\xEditFilterPatch\ArmorAddon to C:\Modding\Working\ArmorAddon. Error: 17
2021-08-09 20:06:07.872431 [error] Filesystem[10844]: Failed to fast-move file E:\Vortex Mods\falloutnv\xEditFilterPatch\Armour to C:\Modding\Working\Armour. Error: 17
2021-08-09 20:06:07.873430 [error] Filesystem[10844]: Failed to fast-move file E:\Vortex Mods\falloutnv\xEditFilterPatch\BaseEffects to C:\Modding\Working\BaseEffects. Error: 17
2021-08-09 20:06:07.873430 [error] Filesystem[10844]: Failed to fast-move file E:\Vortex Mods\falloutnv\xEditFilterPatch\BodyPartsData to C:\Modding\Working\BodyPartsData. Error: 17
2021-08-09 20:06:07.873430 [error] Filesystem[10844]: Failed to fast-move file E:\Vortex Mods\falloutnv\xEditFilterPatch\Book to C:\Modding\Working\Book. Error: 17
2021-08-09 20:06:07.873430 [error] Filesystem[10844]: Failed to fast-move file E:\Vortex Mods\falloutnv\xEditFilterPatch\cell to C:\Modding\Working\cell. Error: 17
2021-08-09 20:06:07.873430 [error] Filesystem[10844]: Failed to fast-move file E:\Vortex Mods\falloutnv\xEditFilterPatch\Challenger to C:\Modding\Working\Challenger. Error: 17
2021-08-09 20:06:07.873430 [error] Filesystem[10844]: Failed to fast-move file E:\Vortex Mods\falloutnv\xEditFilterPatch\Class to C:\Modding\Working\Class. Error: 17
2021-08-09 20:06:07.874429 [error] Filesystem[10844]: Failed to fast-move file E:\Vortex Mods\falloutnv\xEditFilterPatch\container to C:\Modding\Working\container. Error: 17
2021-08-09 20:06:07.874429 [error] Filesystem[10844]: Failed to fast-move file E:\Vortex Mods\falloutnv\xEditFilterPatch\Creature to C:\Modding\Working\Creature. Error: 17
Asynchronous logger critical failure: waiting failed with error 87. Logging will be disabled until the application will be restarted.Asynchronous logger critical failure: waiting failed with error 87. Logging will be disabled until the application will be restarted.Asynchronous logger critical failure: waiting failed with error 87. Logging will be disabled until the application will be restarted.Asynchronous logger critical failure: waiting failed with error 87. Logging will be disabled until the application will be restarted.Asynchronous logger critical failure: waiting failed with error 87. Logging will be disabled until the application will be restarted.Asynchronous logger critical failure: waiting failed with error 87. Logging will be disabled until the application will be restarted.