Wed, 23 Mar 2022 21:46:30 GMT - info: invalid game=untitledgoosegame, path=D:\Steam\steamapps\common\Cursed Pantsu Demo\
Wed, 23 Mar 2022 21:46:30 GMT - info: invalid game=untitledgoosegame, path=D:\Steam\steamapps\common\Dehumanized\
Wed, 23 Mar 2022 21:46:30 GMT - info: invalid game=untitledgoosegame, path=D:\Steam\steamapps\common\Dominatrix Simulator Threshold Demo\
Wed, 23 Mar 2022 21:46:30 GMT - info: invalid game=untitledgoosegame, path=D:\Steam\steamapps\common\Dungeon Coup Demo\
Wed, 23 Mar 2022 21:46:30 GMT - info: invalid game=untitledgoosegame, path=D:\Steam\steamapps\common\Epic Conquest 2\
Wed, 23 Mar 2022 21:46:30 GMT - info: invalid game=untitledgoosegame, path=D:\Steam\steamapps\common\Escape from the death castle\
Wed, 23 Mar 2022 21:46:30 GMT - info: invalid game=untitledgoosegame, path=D:\Steam\steamapps\common\EscapeDungeon2_Demo\
Wed, 23 Mar 2022 21:46:30 GMT - info: invalid game=untitledgoosegame, path=D:\Steam\steamapps\common\EscapeDungeonDemo\
Wed, 23 Mar 2022 21:46:30 GMT - info: invalid game=untitledgoosegame, path=D:\Steam\steamapps\common\Faild Adventurer Demo\
Wed, 23 Mar 2022 21:46:30 GMT - debug: updated estimate searchPath=D:\Steam\steamapps\common, estimatedDirectories=12479.35744960378, seenDirectories=6396, topLevelTotal=158, processedTL=52
Wed, 23 Mar 2022 21:46:30 GMT - debug: updated estimate searchPath=D:\Steam\steamapps\common, estimatedDirectories=13904.336450249062, seenDirectories=6511, topLevelTotal=158, processedTL=53
Wed, 23 Mar 2022 21:46:30 GMT - debug: updated estimate searchPath=D:\Steam\steamapps\common, estimatedDirectories=14975.84856760666, seenDirectories=6518, topLevelTotal=158, processedTL=54
Wed, 23 Mar 2022 21:46:30 GMT - debug: updated estimate searchPath=D:\Steam\steamapps\common, estimatedDirectories=15763.595290448964, seenDirectories=6519, topLevelTotal=158, processedTL=55
Wed, 23 Mar 2022 21:46:30 GMT - info: potential match D:\Steam\steamapps\common\Forever To You! Demo\FTW\UnityPlayer.dll
Wed, 23 Mar 2022 21:46:30 GMT - debug: updated estimate searchPath=D:\Steam\steamapps\common, estimatedDirectories=16334.78951807346, seenDirectories=6534, topLevelTotal=158, processedTL=56
Wed, 23 Mar 2022 21:46:30 GMT - info: potential match D:\Steam\steamapps\common\Ghost Marriage Demo\UnityPlayer.dll
Wed, 23 Mar 2022 21:46:30 GMT - debug: updated estimate searchPath=D:\Steam\steamapps\common, estimatedDirectories=16739.85140393245, seenDirectories=6558, topLevelTotal=158, processedTL=57
Wed, 23 Mar 2022 21:46:30 GMT - debug: updated estimate searchPath=D:\Steam\steamapps\common, estimatedDirectories=17029.754847283893, seenDirectories=6611, topLevelTotal=158, processedTL=58
Wed, 23 Mar 2022 21:46:30 GMT - debug: updated estimate searchPath=D:\Steam\steamapps\common, estimatedDirectories=17213.5424540983, seenDirectories=6636, topLevelTotal=158, processedTL=59
Wed, 23 Mar 2022 21:46:30 GMT - debug: updated estimate searchPath=D:\Steam\steamapps\common, estimatedDirectories=17300.74356327864, seenDirectories=6636, topLevelTotal=158, processedTL=60
Wed, 23 Mar 2022 21:46:30 GMT - info: potential match D:\Steam\steamapps\common\Gunman And The Witch\UnityPlayer.dll
Wed, 23 Mar 2022 21:46:30 GMT - debug: updated estimate searchPath=D:\Steam\steamapps\common, estimatedDirectories=17318.91563750816, seenDirectories=6648, topLevelTotal=158, processedTL=61
Wed, 23 Mar 2022 21:46:30 GMT - debug: updated estimate searchPath=D:\Steam\steamapps\common, estimatedDirectories=17278.89567129685, seenDirectories=6651, topLevelTotal=158, processedTL=62
Wed, 23 Mar 2022 21:46:30 GMT - debug: updated estimate searchPath=D:\Steam\steamapps\common, estimatedDirectories=17198.10688624383, seenDirectories=6662, topLevelTotal=158, processedTL=63
Wed, 23 Mar 2022 21:46:30 GMT - debug: updated estimate searchPath=D:\Steam\steamapps\common, estimatedDirectories=17080.741633995065, seenDirectories=6662, topLevelTotal=158, processedTL=64
Wed, 23 Mar 2022 21:46:30 GMT - debug: updated estimate searchPath=D:\Steam\steamapps\common, estimatedDirectories=16941.62998411913, seenDirectories=6674, topLevelTotal=158, processedTL=65
Wed, 23 Mar 2022 21:46:30 GMT - info: potential match D:\Steam\steamapps\common\HMB\UnityPlayer.dll
Wed, 23 Mar 2022 21:46:30 GMT - debug: updated estimate searchPath=D:\Steam\steamapps\common, estimatedDirectories=16788.42580547712, seenDirectories=6690, topLevelTotal=158, processedTL=66
Wed, 23 Mar 2022 21:46:30 GMT - info: potential match D:\Steam\steamapps\common\Horny Warp Demo\UnityPlayer.dll
Wed, 23 Mar 2022 21:46:30 GMT - debug: updated estimate searchPath=D:\Steam\steamapps\common, estimatedDirectories=16625.198793635427, seenDirectories=6706, topLevelTotal=158, processedTL=67
Wed, 23 Mar 2022 21:46:30 GMT - debug: updated estimate searchPath=D:\Steam\steamapps\common, estimatedDirectories=16457.026917261283, seenDirectories=6726, topLevelTotal=158, processedTL=68
Wed, 23 Mar 2022 21:46:30 GMT - info: potential match D:\Steam\steamapps\common\How to punish a witch\UnityPlayer.dll
Wed, 23 Mar 2022 21:46:30 GMT - debug: updated estimate searchPath=D:\Steam\steamapps\common, estimatedDirectories=16283.675968591635, seenDirectories=6741, topLevelTotal=158, processedTL=69
Wed, 23 Mar 2022 21:46:30 GMT - debug: updated estimate searchPath=D:\Steam\steamapps\common, estimatedDirectories=16149.237460587594, seenDirectories=6848, topLevelTotal=158, processedTL=70
Wed, 23 Mar 2022 21:46:30 GMT - debug: updated estimate searchPath=D:\Steam\steamapps\common, estimatedDirectories=15999.958250160216, seenDirectories=6853, topLevelTotal=158, processedTL=71
Wed, 23 Mar 2022 21:46:30 GMT - info: invalid game=untitledgoosegame, path=D:\Steam\steamapps\common\Forever To You! Demo\FTW\
Wed, 23 Mar 2022 21:46:30 GMT - info: invalid game=untitledgoosegame, path=D:\Steam\steamapps\common\Ghost Marriage Demo\
Wed, 23 Mar 2022 21:46:30 GMT - info: invalid game=untitledgoosegame, path=D:\Steam\steamapps\common\Gunman And The Witch\
Wed, 23 Mar 2022 21:46:30 GMT - info: invalid game=untitledgoosegame, path=D:\Steam\steamapps\common\HMB\
Wed, 23 Mar 2022 21:46:30 GMT - info: invalid game=untitledgoosegame, path=D:\Steam\steamapps\common\Horny Warp Demo\
Wed, 23 Mar 2022 21:46:30 GMT - info: invalid game=untitledgoosegame, path=D:\Steam\steamapps\common\How to punish a witch\
Wed, 23 Mar 2022 21:46:30 GMT - debug: updated estimate searchPath=D:\Steam\steamapps\common, estimatedDirectories=15894.488766794839, seenDirectories=6981, topLevelTotal=158, processedTL=72
Wed, 23 Mar 2022 21:46:30 GMT - debug: updated estimate searchPath=D:\Steam\steamapps\common, estimatedDirectories=15803.573314805733, seenDirectories=7063, topLevelTotal=158, processedTL=73
Wed, 23 Mar 2022 21:46:30 GMT - debug: updated estimate searchPath=D:\Steam\steamapps\common, estimatedDirectories=15689.111462655399, seenDirectories=7063, topLevelTotal=158, processedTL=74
Wed, 23 Mar 2022 21:46:30 GMT - debug: updated estimate searchPath=D:\Steam\steamapps\common, estimatedDirectories=15565.43621012432, seenDirectories=7083, topLevelTotal=158, processedTL=75
Wed, 23 Mar 2022 21:46:30 GMT - info: potential match D:\Steam\steamapps\common\Lands Of Peace\UnityPlayer.dll
Wed, 23 Mar 2022 21:46:30 GMT - debug: updated estimate searchPath=D:\Steam\steamapps\common, estimatedDirectories=15432.715441783668, seenDirectories=7097, topLevelTotal=158, processedTL=76
Wed, 23 Mar 2022 21:46:30 GMT - debug: updated estimate searchPath=D:\Steam\steamapps\common, estimatedDirectories=15288.661756024338, seenDirectories=7099, topLevelTotal=158, processedTL=77
Wed, 23 Mar 2022 21:46:30 GMT - debug: updated estimate searchPath=D:\Steam\steamapps\common, estimatedDirectories=15141.423097127165, seenDirectories=7113, topLevelTotal=158, processedTL=78
Wed, 23 Mar 2022 21:46:30 GMT - info: potential match D:\Steam\steamapps\common\LEWDAPOCALYPSE\Lewdapocalypse\UnityPlayer.dll
Wed, 23 Mar 2022 21:46:30 GMT - debug: updated estimate searchPath=D:\Steam\steamapps\common, estimatedDirectories=14993.254477701732, seenDirectories=7129, topLevelTotal=158, processedTL=79
Wed, 23 Mar 2022 21:46:30 GMT - debug: updated estimate searchPath=D:\Steam\steamapps\common, estimatedDirectories=14910.928082161387, seenDirectories=7310, topLevelTotal=158, processedTL=80
Wed, 23 Mar 2022 21:46:30 GMT - debug: updated estimate searchPath=D:\Steam\steamapps\common, estimatedDirectories=14850.435552148863, seenDirectories=7415, topLevelTotal=158, processedTL=81
Wed, 23 Mar 2022 21:46:30 GMT - debug: updated estimate searchPath=D:\Steam\steamapps\common, estimatedDirectories=14767.189563670312, seenDirectories=7417, topLevelTotal=158, processedTL=82
Wed, 23 Mar 2022 21:46:30 GMT - debug: updated estimate searchPath=D:\Steam\steamapps\common, estimatedDirectories=14673.886687080829, seenDirectories=7438, topLevelTotal=158, processedTL=83
Wed, 23 Mar 2022 21:46:30 GMT - info: potential match D:\Steam\steamapps\common\Megacraft Hentai Edition\UnityPlayer.dll
Wed, 23 Mar 2022 21:46:30 GMT - debug: updated estimate searchPath=D:\Steam\steamapps\common, estimatedDirectories=14570.514492521808, seenDirectories=7452, topLevelTotal=158, processedTL=84
Wed, 23 Mar 2022 21:46:30 GMT - debug: updated estimate searchPath=D:\Steam\steamapps\common, estimatedDirectories=14454.881570488036, seenDirectories=7453, topLevelTotal=158, processedTL=85
Wed, 23 Mar 2022 21:46:30 GMT - debug: updated estimate searchPath=D:\Steam\steamapps\common, estimatedDirectories=14329.834884297406, seenDirectories=7453, topLevelTotal=158, processedTL=86
Wed, 23 Mar 2022 21:46:30 GMT - debug: updated estimate searchPath=D:\Steam\steamapps\common, estimatedDirectories=14238.725654564361, seenDirectories=7564, topLevelTotal=158, processedTL=87
Wed, 23 Mar 2022 21:46:30 GMT - info: potential match D:\Steam\steamapps\common\Moe Ninja Girls\UnityPlayer.dll
Wed, 23 Mar 2022 21:46:30 GMT - debug: updated estimate searchPath=D:\Steam\steamapps\common, estimatedDirectories=14139.746023651489, seenDirectories=7579, topLevelTotal=158, processedTL=88
Wed, 23 Mar 2022 21:46:30 GMT - info: potential match D:\Steam\steamapps\common\Monster Demo\UnityPlayer.dll
Wed, 23 Mar 2022 21:46:30 GMT - debug: updated estimate searchPath=D:\Steam\steamapps\common, estimatedDirectories=14035.415021168383, seenDirectories=7595, topLevelTotal=158, processedTL=89
Wed, 23 Mar 2022 21:46:30 GMT - debug: updated estimate searchPath=D:\Steam\steamapps\common, estimatedDirectories=13933.035705823595, seenDirectories=7627, topLevelTotal=158, processedTL=90
Wed, 23 Mar 2022 21:46:30 GMT - debug: updated estimate searchPath=D:\Steam\steamapps\common, estimatedDirectories=13828.074015208327, seenDirectories=7646, topLevelTotal=158, processedTL=91
Wed, 23 Mar 2022 21:46:30 GMT - debug: updated estimate searchPath=D:\Steam\steamapps\common, estimatedDirectories=13717.384733905794, seenDirectories=7653, topLevelTotal=158, processedTL=92
Wed, 23 Mar 2022 21:46:30 GMT - info: potential match D:\Steam\steamapps\common\NEOMORPH\UnityPlayer.dll
Wed, 23 Mar 2022 21:46:30 GMT - debug: updated estimate searchPath=D:\Steam\steamapps\common, estimatedDirectories=13605.43346454399, seenDirectories=7668, topLevelTotal=158, processedTL=93
Wed, 23 Mar 2022 21:46:30 GMT - debug: updated estimate searchPath=D:\Steam\steamapps\common, estimatedDirectories=13526.244601422428, seenDirectories=7781, topLevelTotal=158, processedTL=94
Wed, 23 Mar 2022 21:46:30 GMT - debug: updated estimate searchPath=D:\Steam\steamapps\common, estimatedDirectories=13435.755975874785, seenDirectories=7783, topLevelTotal=158, processedTL=95
Wed, 23 Mar 2022 21:46:30 GMT - debug: updated estimate searchPath=D:\Steam\steamapps\common, estimatedDirectories=13339.78503069983, seenDirectories=7794, topLevelTotal=158, processedTL=96
Wed, 23 Mar 2022 21:46:30 GMT - info: potential match D:\Steam\steamapps\common\OxygenNotIncluded\UnityPlayer.dll
Wed, 23 Mar 2022 21:46:30 GMT - debug: updated estimate searchPath=D:\Steam\steamapps\common, estimatedDirectories=13262.288519405227, seenDirectories=7873, topLevelTotal=158, processedTL=97
Wed, 23 Mar 2022 21:46:30 GMT - debug: updated estimate searchPath=D:\Steam\steamapps\common, estimatedDirectories=13181.348529809897, seenDirectories=7896, topLevelTotal=158, processedTL=98
Wed, 23 Mar 2022 21:46:30 GMT - debug: updated estimate searchPath=D:\Steam\steamapps\common, estimatedDirectories=13401.72201576711, seenDirectories=8861, topLevelTotal=158, processedTL=99
Wed, 23 Mar 2022 21:46:30 GMT - debug: updated estimate searchPath=D:\Steam\steamapps\common, estimatedDirectories=13555.19925261369, seenDirectories=8879, topLevelTotal=158, processedTL=100
Wed, 23 Mar 2022 21:46:30 GMT - debug: updated estimate searchPath=D:\Steam\steamapps\common, estimatedDirectories=13649.923402090953, seenDirectories=8879, topLevelTotal=158, processedTL=101
Wed, 23 Mar 2022 21:46:30 GMT - debug: updated estimate searchPath=D:\Steam\steamapps\common, estimatedDirectories=13698.195231476684, seenDirectories=8879, topLevelTotal=158, processedTL=102
Wed, 23 Mar 2022 21:46:30 GMT - info: potential match D:\Steam\steamapps\common\Pixel Starships\UnityPlayer.dll
Wed, 23 Mar 2022 21:46:30 GMT - debug: updated estimate searchPath=D:\Steam\steamapps\common, estimatedDirectories=13715.107020132804, seenDirectories=8896, topLevelTotal=158, processedTL=103
Wed, 23 Mar 2022 21:46:30 GMT - debug: updated estimate searchPath=D:\Steam\steamapps\common, estimatedDirectories=13708.575731490859, seenDirectories=8917, topLevelTotal=158, processedTL=104
Wed, 23 Mar 2022 21:46:30 GMT - debug: updated estimate searchPath=D:\Steam\steamapps\common, estimatedDirectories=13680.936432811735, seenDirectories=8929, topLevelTotal=158, processedTL=105
Wed, 23 Mar 2022 21:46:30 GMT - debug: updated estimate searchPath=D:\Steam\steamapps\common, estimatedDirectories=13636.532542475805, seenDirectories=8940, topLevelTotal=158, processedTL=106
Wed, 23 Mar 2022 21:46:30 GMT - debug: updated estimate searchPath=D:\Steam\steamapps\common, estimatedDirectories=13580.625062018029, seenDirectories=8956, topLevelTotal=158, processedTL=107
Wed, 23 Mar 2022 21:46:30 GMT - debug: updated estimate searchPath=D:\Steam\steamapps\common, estimatedDirectories=13515.892197762572, seenDirectories=8972, topLevelTotal=158, processedTL=108
Wed, 23 Mar 2022 21:46:30 GMT - info: potential match D:\Steam\steamapps\common\Realm of the Mad God\UnityPlayer.dll
Wed, 23 Mar 2022 21:46:30 GMT - debug: updated estimate searchPath=D:\Steam\steamapps\common, estimatedDirectories=13444.466125182536, seenDirectories=8988, topLevelTotal=158, processedTL=109
Wed, 23 Mar 2022 21:46:30 GMT - debug: updated estimate searchPath=D:\Steam\steamapps\common, estimatedDirectories=13385.741445600575, seenDirectories=9065, topLevelTotal=158, processedTL=110
Wed, 23 Mar 2022 21:46:30 GMT - debug: updated estimate searchPath=D:\Steam\steamapps\common, estimatedDirectories=13315.066489813795, seenDirectories=9065, topLevelTotal=158, processedTL=111
Wed, 23 Mar 2022 21:46:30 GMT - debug: updated estimate searchPath=D:\Steam\steamapps\common, estimatedDirectories=13235.539406136751, seenDirectories=9066, topLevelTotal=158, processedTL=112
Wed, 23 Mar 2022 21:46:30 GMT - debug: updated estimate searchPath=D:\Steam\steamapps\common, estimatedDirectories=13149.337471812056, seenDirectories=9067, topLevelTotal=158, processedTL=113
Wed, 23 Mar 2022 21:46:30 GMT - debug: updated estimate searchPath=D:\Steam\steamapps\common, estimatedDirectories=13061.831345870698, seenDirectories=9081, topLevelTotal=158, processedTL=114
Wed, 23 Mar 2022 21:46:30 GMT - debug: updated estimate searchPath=D:\Steam\steamapps\common, estimatedDirectories=12972.216728870471, seenDirectories=9090, topLevelTotal=158, processedTL=115
Wed, 23 Mar 2022 21:46:30 GMT - debug: updated estimate searchPath=D:\Steam\steamapps\common, estimatedDirectories=12878.777176199825, seenDirectories=9090, topLevelTotal=158, processedTL=116
Wed, 23 Mar 2022 21:46:30 GMT - debug: updated estimate searchPath=D:\Steam\steamapps\common, estimatedDirectories=12782.649433267554, seenDirectories=9090, topLevelTotal=158, processedTL=117
Wed, 23 Mar 2022 21:46:30 GMT - debug: updated estimate searchPath=D:\Steam\steamapps\common, estimatedDirectories=12685.003919495399, seenDirectories=9091, topLevelTotal=158, processedTL=118
Wed, 23 Mar 2022 21:46:30 GMT - debug: updated estimate searchPath=D:\Steam\steamapps\common, estimatedDirectories=12586.224614587918, seenDirectories=9091, topLevelTotal=158, processedTL=119
Wed, 23 Mar 2022 21:46:30 GMT - debug: updated estimate searchPath=D:\Steam\steamapps\common, estimatedDirectories=12492.201991670334, seenDirectories=9111, topLevelTotal=158, processedTL=120
Wed, 23 Mar 2022 21:46:30 GMT - debug: updated estimate searchPath=D:\Steam\steamapps\common, estimatedDirectories=12422.806585071805, seenDirectories=9209, topLevelTotal=158, processedTL=121
Wed, 23 Mar 2022 21:46:30 GMT - debug: updated estimate searchPath=D:\Steam\steamapps\common, estimatedDirectories=12523.9644811722, seenDirectories=9884, topLevelTotal=158, processedTL=122
Wed, 23 Mar 2022 21:46:30 GMT - debug: updated estimate searchPath=D:\Steam\steamapps\common, estimatedDirectories=12584.387649978411, seenDirectories=9886, topLevelTotal=158, processedTL=123
Wed, 23 Mar 2022 21:46:30 GMT - debug: updated estimate searchPath=D:\Steam\steamapps\common, estimatedDirectories=12615.127603853698, seenDirectories=9898, topLevelTotal=158, processedTL=124
Wed, 23 Mar 2022 21:46:30 GMT - debug: updated estimate searchPath=D:\Steam\steamapps\common, estimatedDirectories=12619.338627082958, seenDirectories=9898, topLevelTotal=158, processedTL=125
Wed, 23 Mar 2022 21:46:30 GMT - info: potential match D:\Steam\steamapps\common\SpookyMilkLife Demo\UnityPlayer.dll
Wed, 23 Mar 2022 21:46:30 GMT - debug: updated estimate searchPath=D:\Steam\steamapps\common, estimatedDirectories=12606.956139761605, seenDirectories=9915, topLevelTotal=158, processedTL=126
Wed, 23 Mar 2022 21:46:30 GMT - debug: updated estimate searchPath=D:\Steam\steamapps\common, estimatedDirectories=12583.80865984078, seenDirectories=9941, topLevelTotal=158, processedTL=127
Wed, 23 Mar 2022 21:46:30 GMT - debug: updated estimate searchPath=D:\Steam\steamapps\common, estimatedDirectories=12549.014615372625, seenDirectories=9954, topLevelTotal=158, processedTL=128
Wed, 23 Mar 2022 21:46:30 GMT - debug: updated estimate searchPath=D:\Steam\steamapps\common, estimatedDirectories=12502.434141910504, seenDirectories=9956, topLevelTotal=158, processedTL=129
Wed, 23 Mar 2022 21:46:30 GMT - debug: updated estimate searchPath=D:\Steam\steamapps\common, estimatedDirectories=12450.150021220712, seenDirectories=9972, topLevelTotal=158, processedTL=130
Wed, 23 Mar 2022 21:46:30 GMT - debug: updated estimate searchPath=D:\Steam\steamapps\common, estimatedDirectories=12393.775925373517, seenDirectories=9989, topLevelTotal=158, processedTL=131
Wed, 23 Mar 2022 21:46:30 GMT - debug: updated estimate searchPath=D:\Steam\steamapps\common, estimatedDirectories=12338.460649389724, seenDirectories=10023, topLevelTotal=158, processedTL=132
Wed, 23 Mar 2022 21:46:30 GMT - debug: updated estimate searchPath=D:\Steam\steamapps\common, estimatedDirectories=12276.946955602007, seenDirectories=10027, topLevelTotal=158, processedTL=133
Wed, 23 Mar 2022 21:46:30 GMT - info: potential match D:\Steam\steamapps\common\Swimmer Admiration Demo\UnityPlayer.dll
Wed, 23 Mar 2022 21:46:30 GMT - debug: updated estimate searchPath=D:\Steam\steamapps\common, estimatedDirectories=12213.113952541307, seenDirectories=10041, topLevelTotal=158, processedTL=134
Wed, 23 Mar 2022 21:46:30 GMT - debug: updated estimate searchPath=D:\Steam\steamapps\common, estimatedDirectories=12146.223636107121, seenDirectories=10049, topLevelTotal=158, processedTL=135
Wed, 23 Mar 2022 21:46:30 GMT - debug: updated estimate searchPath=D:\Steam\steamapps\common, estimatedDirectories=12087.915291238638, seenDirectories=10103, topLevelTotal=158, processedTL=136
Wed, 23 Mar 2022 21:46:30 GMT - debug: updated estimate searchPath=D:\Steam\steamapps\common, estimatedDirectories=12028.155853428867, seenDirectories=10121, topLevelTotal=158, processedTL=137
Wed, 23 Mar 2022 21:46:30 GMT - debug: updated estimate searchPath=D:\Steam\steamapps\common, estimatedDirectories=11969.969610279326, seenDirectories=10150, topLevelTotal=158, processedTL=138
Wed, 23 Mar 2022 21:46:30 GMT - debug: updated estimate searchPath=D:\Steam\steamapps\common, estimatedDirectories=11951.306767360153, seenDirectories=10345, topLevelTotal=158, processedTL=139
Wed, 23 Mar 2022 21:46:30 GMT - info: potential match D:\Steam\steamapps\common\the witcher 2\Launcher.exe
Wed, 23 Mar 2022 21:46:30 GMT - debug: updated estimate searchPath=D:\Steam\steamapps\common, estimatedDirectories=11933.316099602409, seenDirectories=10406, topLevelTotal=158, processedTL=140
Wed, 23 Mar 2022 21:46:30 GMT - debug: updated estimate searchPath=D:\Steam\steamapps\common, estimatedDirectories=11902.551659823772, seenDirectories=10408, topLevelTotal=158, processedTL=141
Wed, 23 Mar 2022 21:46:30 GMT - info: potential match D:\Steam\steamapps\common\Third Crisis Demo\UnityPlayer.dll
Wed, 23 Mar 2022 21:46:30 GMT - debug: updated estimate searchPath=D:\Steam\steamapps\common, estimatedDirectories=11864.720679971695, seenDirectories=10423, topLevelTotal=158, processedTL=142
Wed, 23 Mar 2022 21:46:30 GMT - info: potential match D:\Steam\steamapps\common\TowersRTS\UnityPlayer.dll
Wed, 23 Mar 2022 21:46:30 GMT - debug: updated estimate searchPath=D:\Steam\steamapps\common, estimatedDirectories=11823.653243278055, seenDirectories=10448, topLevelTotal=158, processedTL=143
Wed, 23 Mar 2022 21:46:30 GMT - debug: updated estimate searchPath=D:\Steam\steamapps\common, estimatedDirectories=11774.605705733557, seenDirectories=10448, topLevelTotal=158, processedTL=144
Wed, 23 Mar 2022 21:46:30 GMT - debug: updated estimate searchPath=D:\Steam\steamapps\common, estimatedDirectories=11719.397447345465, seenDirectories=10448, topLevelTotal=158, processedTL=145
Wed, 23 Mar 2022 21:46:30 GMT - debug: updated estimate searchPath=D:\Steam\steamapps\common, estimatedDirectories=11659.479382533907, seenDirectories=10448, topLevelTotal=158, processedTL=146
Wed, 23 Mar 2022 21:46:30 GMT - debug: updated estimate searchPath=D:\Steam\steamapps\common, estimatedDirectories=11596.442009428487, seenDirectories=10450, topLevelTotal=158, processedTL=147
Wed, 23 Mar 2022 21:46:30 GMT - info: potential match D:\Steam\steamapps\common\ValkyrieConnectWW\UnityPlayer.dll
Wed, 23 Mar 2022 21:46:30 GMT - debug: updated estimate searchPath=D:\Steam\steamapps\common, estimatedDirectories=11534.132364299547, seenDirectories=10466, topLevelTotal=158, processedTL=148
Wed, 23 Mar 2022 21:46:30 GMT - debug: updated estimate searchPath=D:\Steam\steamapps\common, estimatedDirectories=11471.707555869167, seenDirectories=10478, topLevelTotal=158, processedTL=149
Wed, 23 Mar 2022 21:46:30 GMT - debug: updated estimate searchPath=D:\Steam\steamapps\common, estimatedDirectories=11408.294444695335, seenDirectories=10485, topLevelTotal=158, processedTL=150
Wed, 23 Mar 2022 21:46:30 GMT - info: potential match D:\Steam\steamapps\common\Wild Wet West\UnityPlayer.dll
Wed, 23 Mar 2022 21:46:30 GMT - debug: updated estimate searchPath=D:\Steam\steamapps\common, estimatedDirectories=11389.923820656932, seenDirectories=10708, topLevelTotal=158, processedTL=151
Wed, 23 Mar 2022 21:46:30 GMT - debug: updated estimate searchPath=D:\Steam\steamapps\common, estimatedDirectories=11363.90681968344, seenDirectories=10725, topLevelTotal=158, processedTL=152
Wed, 23 Mar 2022 21:46:30 GMT - debug: updated estimate searchPath=D:\Steam\steamapps\common, estimatedDirectories=11334.632514570283, seenDirectories=10755, topLevelTotal=158, processedTL=153
Wed, 23 Mar 2022 21:46:30 GMT - debug: updated estimate searchPath=D:\Steam\steamapps\common, estimatedDirectories=11297.059336331551, seenDirectories=10757, topLevelTotal=158, processedTL=154
Wed, 23 Mar 2022 21:46:30 GMT - info: potential match D:\Steam\steamapps\common\Yet Another Zombie Defense HD\UnityPlayer.dll
Wed, 23 Mar 2022 21:46:30 GMT - debug: updated estimate searchPath=D:\Steam\steamapps\common, estimatedDirectories=11260.236527129757, seenDirectories=10794, topLevelTotal=158, processedTL=155
Wed, 23 Mar 2022 21:46:30 GMT - debug: updated estimate searchPath=D:\Steam\steamapps\common, estimatedDirectories=11232.488914011497, seenDirectories=10872, topLevelTotal=158, processedTL=156
Wed, 23 Mar 2022 21:46:30 GMT - debug: updated estimate searchPath=D:\Steam\steamapps\common, estimatedDirectories=11196.123309553148, seenDirectories=10872, topLevelTotal=158, processedTL=157
Wed, 23 Mar 2022 21:46:30 GMT - debug: updated estimate searchPath=D:\Steam\steamapps\common, estimatedDirectories=11155.466647642517, seenDirectories=10884, topLevelTotal=158, processedTL=158
Wed, 23 Mar 2022 21:46:30 GMT - info: invalid game=untitledgoosegame, path=D:\Steam\steamapps\common\Lands Of Peace\
Wed, 23 Mar 2022 21:46:30 GMT - info: invalid game=untitledgoosegame, path=D:\Steam\steamapps\common\LEWDAPOCALYPSE\Lewdapocalypse\
Wed, 23 Mar 2022 21:46:30 GMT - info: invalid game=untitledgoosegame, path=D:\Steam\steamapps\common\Megacraft Hentai Edition\
Wed, 23 Mar 2022 21:46:30 GMT - info: invalid game=untitledgoosegame, path=D:\Steam\steamapps\common\Moe Ninja Girls\
Wed, 23 Mar 2022 21:46:30 GMT - info: invalid game=untitledgoosegame, path=D:\Steam\steamapps\common\Monster Demo\
Wed, 23 Mar 2022 21:46:30 GMT - info: invalid game=untitledgoosegame, path=D:\Steam\steamapps\common\NEOMORPH\
Wed, 23 Mar 2022 21:46:30 GMT - info: invalid game=untitledgoosegame, path=D:\Steam\steamapps\common\OxygenNotIncluded\
Wed, 23 Mar 2022 21:46:30 GMT - info: invalid game=untitledgoosegame, path=D:\Steam\steamapps\common\Pixel Starships\
Wed, 23 Mar 2022 21:46:30 GMT - info: invalid game=untitledgoosegame, path=D:\Steam\steamapps\common\Realm of the Mad God\
Wed, 23 Mar 2022 21:46:30 GMT - info: invalid game=untitledgoosegame, path=D:\Steam\steamapps\common\SpookyMilkLife Demo\
Wed, 23 Mar 2022 21:46:30 GMT - info: invalid game=untitledgoosegame, path=D:\Steam\steamapps\common\Swimmer Admiration Demo\
Wed, 23 Mar 2022 21:46:30 GMT - info: invalid game=untitledgoosegame, path=D:\Steam\steamapps\common\Third Crisis Demo\
Wed, 23 Mar 2022 21:46:30 GMT - info: invalid game=untitledgoosegame, path=D:\Steam\steamapps\common\TowersRTS\
Wed, 23 Mar 2022 21:46:30 GMT - info: invalid game=untitledgoosegame, path=D:\Steam\steamapps\common\ValkyrieConnectWW\
Wed, 23 Mar 2022 21:46:30 GMT - info: invalid game=untitledgoosegame, path=D:\Steam\steamapps\common\Wild Wet West\
Wed, 23 Mar 2022 21:46:30 GMT - info: invalid game=untitledgoosegame, path=D:\Steam\steamapps\common\Yet Another Zombie Defense HD\
Wed, 23 Mar 2022 21:46:30 GMT - info: finished game search searchPath=D:\Steam\steamapps\common
Wed, 23 Mar 2022 21:46:56 GMT - debug: running checks event=settings-changed, count=2
Wed, 23 Mar 2022 21:46:56 GMT - debug: [checking staging folder]
Wed, 23 Mar 2022 21:46:56 GMT - debug: all checks completed event=settings-changed
Wed, 23 Mar 2022 21:47:01 GMT - info: TypeError: Cannot read properties of undefined (reading 'gameId'), 
Error
    at console.error (C:\Program Files\Black Tree Gaming Ltd\Vortex\resources\app.asar\renderer.js:7612:80)
    at Ci (C:\Program Files\Black Tree Gaming Ltd\Vortex\resources\app.asar\node_modules\react-dom\cjs\react-dom.production.min.js:209:195)
    at MainPageContainer.f.componentDidCatch.c.callback (C:\Program Files\Black Tree Gaming Ltd\Vortex\resources\app.asar\node_modules\react-dom\cjs\react-dom.production.min.js:227:319)
    at Cg (C:\Program Files\Black Tree Gaming Ltd\Vortex\resources\app.asar\node_modules\react-dom\cjs\react-dom.production.min.js:131:193)
    at Ji (C:\Program Files\Black Tree Gaming Ltd\Vortex\resources\app.asar\node_modules\react-dom\cjs\react-dom.production.min.js:212:333)
    at Sj (C:\Program Files\Black Tree Gaming Ltd\Vortex\resources\app.asar\node_modules\react-dom\cjs\react-dom.production.min.js:255:229)
    at exports.unstable_runWithPriority (C:\Program Files\Black Tree Gaming Ltd\Vortex\resources\app.asar\node_modules\scheduler\cjs\scheduler.production.min.js:19:467)
    at cg (C:\Program Files\Black Tree Gaming Ltd\Vortex\resources\app.asar\node_modules\react-dom\cjs\react-dom.production.min.js:122:325)
    at Jj (C:\Program Files\Black Tree Gaming Ltd\Vortex\resources\app.asar\node_modules\react-dom\cjs\react-dom.production.min.js:248:370)
    at yj (C:\Program Files\Black Tree Gaming Ltd\Vortex\resources\app.asar\node_modules\react-dom\cjs\react-dom.production.min.js:239:376)
    at C:\Program Files\Black Tree Gaming Ltd\Vortex\resources\app.asar\node_modules\react-dom\cjs\react-dom.production.min.js:123:115
    at exports.unstable_runWithPriority (C:\Program Files\Black Tree Gaming Ltd\Vortex\resources\app.asar\node_modules\scheduler\cjs\scheduler.production.min.js:19:467)
    at cg (C:\Program Files\Black Tree Gaming Ltd\Vortex\resources\app.asar\node_modules\react-dom\cjs\react-dom.production.min.js:122:325)
    at fg (C:\Program Files\Black Tree Gaming Ltd\Vortex\resources\app.asar\node_modules\react-dom\cjs\react-dom.production.min.js:123:61)
    at gg (C:\Program Files\Black Tree Gaming Ltd\Vortex\resources\app.asar\node_modules\react-dom\cjs\react-dom.production.min.js:122:496)
    at Mj (C:\Program Files\Black Tree Gaming Ltd\Vortex\resources\app.asar\node_modules\react-dom\cjs\react-dom.production.min.js:240:66)
Wed, 23 Mar 2022 21:47:04 GMT - info: TypeError: Cannot read properties of undefined (reading 'gameId'), 
Error
    at console.error (C:\Program Files\Black Tree Gaming Ltd\Vortex\resources\app.asar\renderer.js:7612:80)
    at Ci (C:\Program Files\Black Tree Gaming Ltd\Vortex\resources\app.asar\node_modules\react-dom\cjs\react-dom.production.min.js:209:195)
    at MainPageContainer.f.componentDidCatch.c.callback (C:\Program Files\Black Tree Gaming Ltd\Vortex\resources\app.asar\node_modules\react-dom\cjs\react-dom.production.min.js:227:319)
    at Cg (C:\Program Files\Black Tree Gaming Ltd\Vortex\resources\app.asar\node_modules\react-dom\cjs\react-dom.production.min.js:131:193)
    at Ji (C:\Program Files\Black Tree Gaming Ltd\Vortex\resources\app.asar\node_modules\react-dom\cjs\react-dom.production.min.js:212:333)
    at Sj (C:\Program Files\Black Tree Gaming Ltd\Vortex\resources\app.asar\node_modules\react-dom\cjs\react-dom.production.min.js:255:229)
    at exports.unstable_runWithPriority (C:\Program Files\Black Tree Gaming Ltd\Vortex\resources\app.asar\node_modules\scheduler\cjs\scheduler.production.min.js:19:467)
    at cg (C:\Program Files\Black Tree Gaming Ltd\Vortex\resources\app.asar\node_modules\react-dom\cjs\react-dom.production.min.js:122:325)
    at Jj (C:\Program Files\Black Tree Gaming Ltd\Vortex\resources\app.asar\node_modules\react-dom\cjs\react-dom.production.min.js:248:370)
    at yj (C:\Program Files\Black Tree Gaming Ltd\Vortex\resources\app.asar\node_modules\react-dom\cjs\react-dom.production.min.js:239:376)
    at C:\Program Files\Black Tree Gaming Ltd\Vortex\resources\app.asar\node_modules\react-dom\cjs\react-dom.production.min.js:123:115
    at exports.unstable_runWithPriority (C:\Program Files\Black Tree Gaming Ltd\Vortex\resources\app.asar\node_modules\scheduler\cjs\scheduler.production.min.js:19:467)
    at cg (C:\Program Files\Black Tree Gaming Ltd\Vortex\resources\app.asar\node_modules\react-dom\cjs\react-dom.production.min.js:122:325)
    at fg (C:\Program Files\Black Tree Gaming Ltd\Vortex\resources\app.asar\node_modules\react-dom\cjs\react-dom.production.min.js:123:61)
    at gg (C:\Program Files\Black Tree Gaming Ltd\Vortex\resources\app.asar\node_modules\react-dom\cjs\react-dom.production.min.js:122:496)
    at Ga (C:\Program Files\Black Tree Gaming Ltd\Vortex\resources\app.asar\node_modules\react-dom\cjs\react-dom.production.min.js:287:95)
Wed, 23 Mar 2022 21:47:04 GMT - info: TypeError: Cannot read properties of undefined (reading 'gameId'), 
Error
    at console.error (C:\Program Files\Black Tree Gaming Ltd\Vortex\resources\app.asar\renderer.js:7612:80)
    at Ci (C:\Program Files\Black Tree Gaming Ltd\Vortex\resources\app.asar\node_modules\react-dom\cjs\react-dom.production.min.js:209:195)
    at MainPageContainer.f.componentDidCatch.c.callback (C:\Program Files\Black Tree Gaming Ltd\Vortex\resources\app.asar\node_modules\react-dom\cjs\react-dom.production.min.js:227:319)
    at Cg (C:\Program Files\Black Tree Gaming Ltd\Vortex\resources\app.asar\node_modules\react-dom\cjs\react-dom.production.min.js:131:193)
    at Ji (C:\Program Files\Black Tree Gaming Ltd\Vortex\resources\app.asar\node_modules\react-dom\cjs\react-dom.production.min.js:212:333)
    at Sj (C:\Program Files\Black Tree Gaming Ltd\Vortex\resources\app.asar\node_modules\react-dom\cjs\react-dom.production.min.js:255:229)
    at exports.unstable_runWithPriority (C:\Program Files\Black Tree Gaming Ltd\Vortex\resources\app.asar\node_modules\scheduler\cjs\scheduler.production.min.js:19:467)
    at cg (C:\Program Files\Black Tree Gaming Ltd\Vortex\resources\app.asar\node_modules\react-dom\cjs\react-dom.production.min.js:122:325)
    at Jj (C:\Program Files\Black Tree Gaming Ltd\Vortex\resources\app.asar\node_modules\react-dom\cjs\react-dom.production.min.js:248:370)
    at yj (C:\Program Files\Black Tree Gaming Ltd\Vortex\resources\app.asar\node_modules\react-dom\cjs\react-dom.production.min.js:239:376)
    at C:\Program Files\Black Tree Gaming Ltd\Vortex\resources\app.asar\node_modules\react-dom\cjs\react-dom.production.min.js:123:115
    at exports.unstable_runWithPriority (C:\Program Files\Black Tree Gaming Ltd\Vortex\resources\app.asar\node_modules\scheduler\cjs\scheduler.production.min.js:19:467)
    at cg (C:\Program Files\Black Tree Gaming Ltd\Vortex\resources\app.asar\node_modules\react-dom\cjs\react-dom.production.min.js:122:325)
    at fg (C:\Program Files\Black Tree Gaming Ltd\Vortex\resources\app.asar\node_modules\react-dom\cjs\react-dom.production.min.js:123:61)
    at gg (C:\Program Files\Black Tree Gaming Ltd\Vortex\resources\app.asar\node_modules\react-dom\cjs\react-dom.production.min.js:122:496)
    at Ga (C:\Program Files\Black Tree Gaming Ltd\Vortex\resources\app.asar\node_modules\react-dom\cjs\react-dom.production.min.js:287:95)
Wed, 23 Mar 2022 21:47:17 GMT - warn: warning notification message=If this is a new extension it may not have been approved yet., title=Archive not recognized as a Vortex extension.
Wed, 23 Mar 2022 21:47:23 GMT - warn: warning notification message=If this is a new extension it may not have been approved yet., title=Archive not recognized as a Vortex extension.
Wed, 23 Mar 2022 21:48:16 GMT - info: Error: gameId can't be undefined, 
Error
    at console.error (C:\Program Files\Black Tree Gaming Ltd\Vortex\resources\app.asar\renderer.js:7612:80)
    at Ci (C:\Program Files\Black Tree Gaming Ltd\Vortex\resources\app.asar\node_modules\react-dom\cjs\react-dom.production.min.js:209:195)
    at ErrorBoundary.f.componentDidCatch.c.callback (C:\Program Files\Black Tree Gaming Ltd\Vortex\resources\app.asar\node_modules\react-dom\cjs\react-dom.production.min.js:227:319)
    at Cg (C:\Program Files\Black Tree Gaming Ltd\Vortex\resources\app.asar\node_modules\react-dom\cjs\react-dom.production.min.js:131:193)
    at Ji (C:\Program Files\Black Tree Gaming Ltd\Vortex\resources\app.asar\node_modules\react-dom\cjs\react-dom.production.min.js:212:333)
    at Sj (C:\Program Files\Black Tree Gaming Ltd\Vortex\resources\app.asar\node_modules\react-dom\cjs\react-dom.production.min.js:255:229)
    at exports.unstable_runWithPriority (C:\Program Files\Black Tree Gaming Ltd\Vortex\resources\app.asar\node_modules\scheduler\cjs\scheduler.production.min.js:19:467)
    at cg (C:\Program Files\Black Tree Gaming Ltd\Vortex\resources\app.asar\node_modules\react-dom\cjs\react-dom.production.min.js:122:325)
    at Jj (C:\Program Files\Black Tree Gaming Ltd\Vortex\resources\app.asar\node_modules\react-dom\cjs\react-dom.production.min.js:248:370)
    at yj (C:\Program Files\Black Tree Gaming Ltd\Vortex\resources\app.asar\node_modules\react-dom\cjs\react-dom.production.min.js:239:376)
    at C:\Program Files\Black Tree Gaming Ltd\Vortex\resources\app.asar\node_modules\react-dom\cjs\react-dom.production.min.js:123:115
    at exports.unstable_runWithPriority (C:\Program Files\Black Tree Gaming Ltd\Vortex\resources\app.asar\node_modules\scheduler\cjs\scheduler.production.min.js:19:467)
    at cg (C:\Program Files\Black Tree Gaming Ltd\Vortex\resources\app.asar\node_modules\react-dom\cjs\react-dom.production.min.js:122:325)
    at fg (C:\Program Files\Black Tree Gaming Ltd\Vortex\resources\app.asar\node_modules\react-dom\cjs\react-dom.production.min.js:123:61)
    at gg (C:\Program Files\Black Tree Gaming Ltd\Vortex\resources\app.asar\node_modules\react-dom\cjs\react-dom.production.min.js:122:496)
    at Ga (C:\Program Files\Black Tree Gaming Ltd\Vortex\resources\app.asar\node_modules\react-dom\cjs\react-dom.production.min.js:287:95)
Wed, 23 Mar 2022 21:48:16 GMT - warn: error notification message=Failed to render
Wed, 23 Mar 2022 21:48:17 GMT - info: Error: gameId can't be undefined, 
Error
    at console.error (C:\Program Files\Black Tree Gaming Ltd\Vortex\resources\app.asar\renderer.js:7612:80)
    at Ci (C:\Program Files\Black Tree Gaming Ltd\Vortex\resources\app.asar\node_modules\react-dom\cjs\react-dom.production.min.js:209:195)
    at ErrorBoundary.f.componentDidCatch.c.callback (C:\Program Files\Black Tree Gaming Ltd\Vortex\resources\app.asar\node_modules\react-dom\cjs\react-dom.production.min.js:227:319)
    at Cg (C:\Program Files\Black Tree Gaming Ltd\Vortex\resources\app.asar\node_modules\react-dom\cjs\react-dom.production.min.js:131:193)
    at Ji (C:\Program Files\Black Tree Gaming Ltd\Vortex\resources\app.asar\node_modules\react-dom\cjs\react-dom.production.min.js:212:333)
    at Sj (C:\Program Files\Black Tree Gaming Ltd\Vortex\resources\app.asar\node_modules\react-dom\cjs\react-dom.production.min.js:255:229)
    at exports.unstable_runWithPriority (C:\Program Files\Black Tree Gaming Ltd\Vortex\resources\app.asar\node_modules\scheduler\cjs\scheduler.production.min.js:19:467)
    at cg (C:\Program Files\Black Tree Gaming Ltd\Vortex\resources\app.asar\node_modules\react-dom\cjs\react-dom.production.min.js:122:325)
    at Jj (C:\Program Files\Black Tree Gaming Ltd\Vortex\resources\app.asar\node_modules\react-dom\cjs\react-dom.production.min.js:248:370)
    at yj (C:\Program Files\Black Tree Gaming Ltd\Vortex\resources\app.asar\node_modules\react-dom\cjs\react-dom.production.min.js:239:376)
    at C:\Program Files\Black Tree Gaming Ltd\Vortex\resources\app.asar\node_modules\react-dom\cjs\react-dom.production.min.js:123:115
    at exports.unstable_runWithPriority (C:\Program Files\Black Tree Gaming Ltd\Vortex\resources\app.asar\node_modules\scheduler\cjs\scheduler.production.min.js:19:467)
    at cg (C:\Program Files\Black Tree Gaming Ltd\Vortex\resources\app.asar\node_modules\react-dom\cjs\react-dom.production.min.js:122:325)
    at fg (C:\Program Files\Black Tree Gaming Ltd\Vortex\resources\app.asar\node_modules\react-dom\cjs\react-dom.production.min.js:123:61)
    at gg (C:\Program Files\Black Tree Gaming Ltd\Vortex\resources\app.asar\node_modules\react-dom\cjs\react-dom.production.min.js:122:496)
    at Ga (C:\Program Files\Black Tree Gaming Ltd\Vortex\resources\app.asar\node_modules\react-dom\cjs\react-dom.production.min.js:287:95)
Wed, 23 Mar 2022 21:48:17 GMT - warn: error notification message=Failed to render
Wed, 23 Mar 2022 21:48:18 GMT - info: TypeError: Cannot read properties of undefined (reading 'id'), 
Error
    at console.error (C:\Program Files\Black Tree Gaming Ltd\Vortex\resources\app.asar\renderer.js:7612:80)
    at Ci (C:\Program Files\Black Tree Gaming Ltd\Vortex\resources\app.asar\node_modules\react-dom\cjs\react-dom.production.min.js:209:195)
    at MainPageContainer.f.componentDidCatch.c.callback (C:\Program Files\Black Tree Gaming Ltd\Vortex\resources\app.asar\node_modules\react-dom\cjs\react-dom.production.min.js:227:319)
    at Cg (C:\Program Files\Black Tree Gaming Ltd\Vortex\resources\app.asar\node_modules\react-dom\cjs\react-dom.production.min.js:131:193)
    at Ji (C:\Program Files\Black Tree Gaming Ltd\Vortex\resources\app.asar\node_modules\react-dom\cjs\react-dom.production.min.js:212:333)
    at Sj (C:\Program Files\Black Tree Gaming Ltd\Vortex\resources\app.asar\node_modules\react-dom\cjs\react-dom.production.min.js:255:229)
    at exports.unstable_runWithPriority (C:\Program Files\Black Tree Gaming Ltd\Vortex\resources\app.asar\node_modules\scheduler\cjs\scheduler.production.min.js:19:467)
    at cg (C:\Program Files\Black Tree Gaming Ltd\Vortex\resources\app.asar\node_modules\react-dom\cjs\react-dom.production.min.js:122:325)
    at Jj (C:\Program Files\Black Tree Gaming Ltd\Vortex\resources\app.asar\node_modules\react-dom\cjs\react-dom.production.min.js:248:370)
    at yj (C:\Program Files\Black Tree Gaming Ltd\Vortex\resources\app.asar\node_modules\react-dom\cjs\react-dom.production.min.js:239:376)
    at C:\Program Files\Black Tree Gaming Ltd\Vortex\resources\app.asar\node_modules\react-dom\cjs\react-dom.production.min.js:123:115
    at exports.unstable_runWithPriority (C:\Program Files\Black Tree Gaming Ltd\Vortex\resources\app.asar\node_modules\scheduler\cjs\scheduler.production.min.js:19:467)
    at cg (C:\Program Files\Black Tree Gaming Ltd\Vortex\resources\app.asar\node_modules\react-dom\cjs\react-dom.production.min.js:122:325)
    at fg (C:\Program Files\Black Tree Gaming Ltd\Vortex\resources\app.asar\node_modules\react-dom\cjs\react-dom.production.min.js:123:61)
    at gg (C:\Program Files\Black Tree Gaming Ltd\Vortex\resources\app.asar\node_modules\react-dom\cjs\react-dom.production.min.js:122:496)
    at Mj (C:\Program Files\Black Tree Gaming Ltd\Vortex\resources\app.asar\node_modules\react-dom\cjs\react-dom.production.min.js:240:66)
Wed, 23 Mar 2022 21:48:18 GMT - warn: [theme-switcher] theme not found __default
Wed, 23 Mar 2022 21:48:22 GMT - info: from embedded page level=3, message=Uncaught SyntaxError: Failed to execute 'querySelector' on 'Document': The provided selector is empty.
Wed, 23 Mar 2022 21:48:52 GMT - debug: running checks event=settings-changed, count=2
Wed, 23 Mar 2022 21:48:52 GMT - debug: [checking staging folder]
Wed, 23 Mar 2022 21:48:52 GMT - debug: all checks completed event=settings-changed
Wed, 23 Mar 2022 21:48:55 GMT - info: Vortex closing
Wed, 23 Mar 2022 21:48:55 GMT - info: clean application end
