[2022-01-02 15:49:42.498] [exthost] [info] Extension host with pid 17944 started
[2022-01-02 15:49:42.498] [exthost] [info] Skipping acquiring lock for c:\Users\dator\AppData\Roaming\Code\User\workspaceStorage\6b3050d63a05f47ee3d666ee170f3e9f.
[2022-01-02 15:49:43.605] [exthost] [info] ExtensionService#_doActivateExtension vscode.microsoft-authentication, startup: false, activationEvent: 'onAuthenticationRequest:microsoft'
[2022-01-02 15:49:43.814] [exthost] [info] ExtensionService#_doActivateExtension vscode.configuration-editing, startup: false, activationEvent: 'onLanguage:json'
[2022-01-02 15:49:43.872] [exthost] [info] ExtensionService#_doActivateExtension vscode.extension-editing, startup: false, activationEvent: 'onLanguage:json'
[2022-01-02 15:49:44.019] [exthost] [info] ExtensionService#_doActivateExtension vscode.json-language-features, startup: false, activationEvent: 'onLanguage:json'
[2022-01-02 15:49:44.284] [exthost] [info] ExtensionService#_doActivateExtension vscode.npm, startup: false, activationEvent: 'onLanguage:json'
[2022-01-02 15:49:44.449] [exthost] [info] ExtensionService#_doActivateExtension vscode.typescript-language-features, startup: false, activationEvent: 'onLanguage:javascript'
[2022-01-02 15:49:44.668] [exthost] [info] ExtensionService#_doActivateExtension vscode.markdown-language-features, startup: false, activationEvent: 'onLanguage:markdown'
[2022-01-02 15:49:44.806] [exthost] [info] ExtensionService#_doActivateExtension vscode.debug-auto-launch, startup: true, activationEvent: '*'
[2022-01-02 15:49:44.851] [exthost] [info] ExtensionService#_doActivateExtension vscode.git-base, startup: true, activationEvent: '*', root cause: vscode.github
[2022-01-02 15:49:45.033] [exthost] [info] ExtensionService#_doActivateExtension vscode.git, startup: true, activationEvent: '*'
[2022-01-02 15:49:45.383] [exthost] [info] ExtensionService#_doActivateExtension vscode.github, startup: true, activationEvent: '*'
[2022-01-02 15:49:45.594] [exthost] [info] ExtensionService#_doActivateExtension vscode.github-authentication, startup: false, activationEvent: 'onAuthenticationRequest:github'
[2022-01-02 15:49:45.790] [exthost] [info] Eager extensions activated
[2022-01-02 15:49:45.932] [exthost] [info] ExtensionService#_doActivateExtension vscode.emmet, startup: false, activationEvent: 'onStartupFinished'
[2022-01-02 15:49:46.001] [exthost] [info] ExtensionService#_doActivateExtension vscode.merge-conflict, startup: false, activationEvent: 'onStartupFinished'
[2022-01-02 15:49:46.028] [exthost] [info] ExtensionService#_doActivateExtension ms-vscode-remote.remote-wsl-recommender, startup: false, activationEvent: 'onStartupFinished'
[2022-01-02 15:49:46.105] [exthost] [info] ExtensionService#_doActivateExtension aboqasem.mergeconf, startup: false, activationEvent: 'onStartupFinished'
[2022-01-02 15:55:45.664] [exthost] [info] extension host terminating: renderer closed the socket
[2022-01-02 15:55:45.673] [exthost] [info] Extension host with pid 17944 exiting with code 0
