03-04-2022 13:33:10.889  INFO "Starting WhatPulse 3.6..." 
03-04-2022 13:33:10.890  INFO Rotated app.log to app.old.log 
03-04-2022 13:33:10.902 DEBUG Creating db connection with name:  "wp-db-connection" 
03-04-2022 13:33:10.903 DEBUG Database file:  "C:/Users/Användaren/AppData/Local/WhatPulse/whatpulse.db" 
03-04-2022 13:33:14.704 DEBUG Database check:  "ok" 
03-04-2022 13:33:14.705 DEBUG Opened database in:  3802 ms 
03-04-2022 13:33:14.705 DEBUG Database size:  13 MB 
03-04-2022 13:33:14.797 DEBUG Language changed to "English"  via file:  ":/languages/whatpulse_en.qm" 
03-04-2022 13:33:14.804 DEBUG Not running WhatPulse as Administrator! :-( 
03-04-2022 13:33:14.804 DEBUG Elevating client to Administrator rights! 
03-04-2022 13:33:16.148 DEBUG Shutting down client, we've had enough! 
03-04-2022 13:33:16.152 DEBUG Unable to stop watchdog: process not found. 
03-04-2022 13:33:16.179  INFO "Starting WhatPulse 3.6..." 
03-04-2022 13:33:21.190 DEBUG Creating db connection with name:  "wp-db-connection" 
03-04-2022 13:33:21.191 DEBUG Database file:  "C:/Users/Användaren/AppData/Local/WhatPulse/whatpulse.db" 
03-04-2022 13:33:21.226 DEBUG Database check:  "ok" 
03-04-2022 13:33:21.226 DEBUG Opened database in:  36 ms 
03-04-2022 13:33:21.226 DEBUG Database size:  13 MB 
03-04-2022 13:33:21.277 DEBUG Language changed to "English"  via file:  ":/languages/whatpulse_en.qm" 
03-04-2022 13:33:21.277 DEBUG Running WhatPulse as Administrator! :-) 
03-04-2022 13:33:21.284 DEBUG Encrypted file:  "C:/Users/Användaren/AppData/Local/WhatPulse/whatpulse.wpw" 
03-04-2022 13:33:21.763 DEBUG Loaded application aliases 
03-04-2022 13:33:21.789  WARN libcap not available: 
03-04-2022 13:33:21.789 DEBUG Detected that WinPcap is not available and falling back to Windows APIs! No unpulsed online data this way! :( 
03-04-2022 13:33:22.877 DEBUG Opening GeoIP database:  "C:/Users/Användaren/AppData/Local/WhatPulse/GeoIP.dat" 
03-04-2022 13:33:23.164 DEBUG WhatPulse  3.6  has started 
03-04-2022 13:33:23.271  WARN Unable to find videocard in our database with vendor  "10DE" , device  "13BA"  and subsys  "109710DE" 
03-04-2022 13:33:23.384 DEBUG Found language option for "Swedish" in file:  "sv.qm" 
03-04-2022 13:33:23.384 DEBUG Found language option for "Slovak" in file:  "sk.qm" 
03-04-2022 13:33:23.384 DEBUG Found language option for "French" in file:  "fr.qm" 
03-04-2022 13:33:23.384 DEBUG Found language option for "German" in file:  "de.qm" 
03-04-2022 13:33:23.384 DEBUG Found language option for "English" in file:  "en.qm" 
03-04-2022 13:33:23.384 DEBUG Found language option for "Dutch" in file:  "nl.qm" 
03-04-2022 13:33:25.149 DEBUG Starting timers and collector.. 
03-04-2022 13:33:25.183 DEBUG Started watchdog. 
03-04-2022 13:33:25.210 DEBUG enableInputHook:  true 
03-04-2022 13:33:25.210 DEBUG LowLevelHookHandler starting 
03-04-2022 13:33:25.210 DEBUG Enabling lowlevel input hooks 
03-04-2022 13:33:25.268 DEBUG Network-ports.csv: Unknown protocol ( "DCCP" ) found on line "4677" , ignoring it. 
03-04-2022 13:33:25.273 DEBUG Read file 'network-ports.csv' for port (TCP/UDP) translations. Read 5756 lines, added 5586 tcp and 5453 udp records. 
03-04-2022 13:33:25.322 DEBUG Creating db connection with name:  "wp-db-connection-0x322c" 
03-04-2022 13:33:25.322 DEBUG Database file:  "C:/Users/Användaren/AppData/Local/WhatPulse/whatpulse.db" 
03-04-2022 13:33:25.355 DEBUG Database check:  "ok" 
03-04-2022 13:33:25.356 DEBUG Opened database in:  34 ms 
03-04-2022 13:33:25.356 DEBUG Database size:  13 MB 
03-04-2022 13:33:30.728 DEBUG GetModuleFileNameEx failed for processId:  2144 0 
03-04-2022 13:33:36.224 DEBUG GetModuleFileNameEx failed for processId:  2144 0 
03-04-2022 13:33:41.239 DEBUG GetModuleFileNameEx failed for processId:  2144 0 
03-04-2022 13:33:47.574 DEBUG GetModuleFileNameEx failed for processId:  2144 0 
03-04-2022 13:34:26.262 DEBUG GetModuleFileNameEx failed for processId:  2144 0 
03-04-2022 13:34:31.299 DEBUG GetModuleFileNameEx failed for processId:  2144 0 
03-04-2022 13:34:36.804 DEBUG GetModuleFileNameEx failed for processId:  2144 0 
03-04-2022 13:34:42.294 DEBUG GetModuleFileNameEx failed for processId:  2144 0 
03-04-2022 13:34:47.788 DEBUG GetModuleFileNameEx failed for processId:  2144 0 
03-04-2022 13:34:52.790 DEBUG GetModuleFileNameEx failed for processId:  2144 0 
03-04-2022 13:34:57.800 DEBUG GetModuleFileNameEx failed for processId:  2144 0 
03-04-2022 13:35:02.824 DEBUG GetModuleFileNameEx failed for processId:  2144 0 
03-04-2022 13:35:08.391 DEBUG GetModuleFileNameEx failed for processId:  2144 0 
03-04-2022 13:35:13.818 DEBUG GetModuleFileNameEx failed for processId:  2144 0 
03-04-2022 13:35:18.861 DEBUG GetModuleFileNameEx failed for processId:  2144 0 
03-04-2022 13:35:24.321 DEBUG GetModuleFileNameEx failed for processId:  2144 0 
03-04-2022 13:35:25.390 DEBUG GetModuleFileNameEx failed for processId:  2144 0 
03-04-2022 13:35:29.821 DEBUG GetModuleFileNameEx failed for processId:  2144 0 
03-04-2022 13:35:30.829 DEBUG GetModuleFileNameEx failed for processId:  2144 0 
03-04-2022 13:35:35.319 DEBUG GetModuleFileNameEx failed for processId:  2144 0 
03-04-2022 13:35:36.330 DEBUG GetModuleFileNameEx failed for processId:  2144 0 
03-04-2022 13:35:40.325 DEBUG GetModuleFileNameEx failed for processId:  2144 0 
03-04-2022 13:35:41.820 DEBUG GetModuleFileNameEx failed for processId:  2144 0 
03-04-2022 13:35:45.826 DEBUG GetModuleFileNameEx failed for processId:  2144 0 
03-04-2022 13:35:47.707 DEBUG GetModuleFileNameEx failed for processId:  2144 0 
03-04-2022 13:35:51.948 DEBUG GetModuleFileNameEx failed for processId:  2144 0 
03-04-2022 13:35:57.363 DEBUG GetModuleFileNameEx failed for processId:  2144 0 
03-04-2022 13:35:59.239 DEBUG GetModuleFileNameEx failed for processId:  2144 0 
03-04-2022 13:36:03.462 DEBUG GetModuleFileNameEx failed for processId:  2144 0 
03-04-2022 13:36:05.214 DEBUG GetModuleFileNameEx failed for processId:  2144 0 
03-04-2022 13:36:08.846 DEBUG GetModuleFileNameEx failed for processId:  2144 0 
03-04-2022 13:36:10.318 DEBUG GetModuleFileNameEx failed for processId:  2144 0 
03-04-2022 13:36:15.219 DEBUG GetModuleFileNameEx failed for processId:  2144 0 
03-04-2022 13:36:20.319 DEBUG GetModuleFileNameEx failed for processId:  2144 0 
03-04-2022 13:36:25.832 DEBUG GetModuleFileNameEx failed for processId:  2144 0 
03-04-2022 13:36:31.329 DEBUG GetModuleFileNameEx failed for processId:  2144 0 
03-04-2022 13:36:38.079 DEBUG GetModuleFileNameEx failed for processId:  2144 0 
03-04-2022 13:36:41.828 DEBUG GetModuleFileNameEx failed for processId:  2144 0 
03-04-2022 13:36:43.319 DEBUG GetModuleFileNameEx failed for processId:  2144 0 
03-04-2022 13:36:48.230 DEBUG GetModuleFileNameEx failed for processId:  2144 0 
03-04-2022 13:36:52.821 DEBUG GetModuleFileNameEx failed for processId:  2144 0 
03-04-2022 13:36:54.112 DEBUG GetModuleFileNameEx failed for processId:  2144 0 
03-04-2022 13:36:58.394 DEBUG GetModuleFileNameEx failed for processId:  2144 0 
03-04-2022 13:37:00.705 DEBUG GetModuleFileNameEx failed for processId:  2144 0 
03-04-2022 13:37:03.836 DEBUG GetModuleFileNameEx failed for processId:  2144 0 
03-04-2022 13:37:06.388 DEBUG GetModuleFileNameEx failed for processId:  2144 0 
03-04-2022 13:37:08.886 DEBUG GetModuleFileNameEx failed for processId:  2144 0 
03-04-2022 13:37:11.829 DEBUG GetModuleFileNameEx failed for processId:  2144 0 
03-04-2022 13:37:14.394 DEBUG GetModuleFileNameEx failed for processId:  2144 0 
03-04-2022 13:37:16.842 DEBUG GetModuleFileNameEx failed for processId:  2144 0 
03-04-2022 13:37:20.963 DEBUG GetModuleFileNameEx failed for processId:  2144 0 
03-04-2022 13:37:26.513 DEBUG GetModuleFileNameEx failed for processId:  2144 0 
03-04-2022 13:37:31.865 DEBUG GetModuleFileNameEx failed for processId:  2144 0 
03-04-2022 13:37:37.362 DEBUG GetModuleFileNameEx failed for processId:  2144 0 
03-04-2022 13:37:42.859 DEBUG GetModuleFileNameEx failed for processId:  2144 0 
03-04-2022 13:37:47.875 DEBUG GetModuleFileNameEx failed for processId:  2144 0 
03-04-2022 13:37:53.032 DEBUG GetModuleFileNameEx failed for processId:  2144 0 
03-04-2022 13:37:58.369 DEBUG GetModuleFileNameEx failed for processId:  2144 0 
03-04-2022 13:38:03.857 DEBUG GetModuleFileNameEx failed for processId:  2144 0 
03-04-2022 13:38:05.040 DEBUG GetModuleFileNameEx failed for processId:  2144 0 
03-04-2022 13:38:09.380 DEBUG GetModuleFileNameEx failed for processId:  2144 0 
03-04-2022 13:38:11.661 DEBUG GetModuleFileNameEx failed for processId:  2144 0 
03-04-2022 13:38:14.881 DEBUG GetModuleFileNameEx failed for processId:  2144 0 
03-04-2022 13:38:16.885 DEBUG GetModuleFileNameEx failed for processId:  2144 0 
03-04-2022 13:38:21.513 DEBUG GetModuleFileNameEx failed for processId:  2144 0 
03-04-2022 13:38:23.282 DEBUG GetModuleFileNameEx failed for processId:  2144 0 
03-04-2022 13:38:27.796 DEBUG GetModuleFileNameEx failed for processId:  2144 0 
03-04-2022 13:38:32.897 DEBUG GetModuleFileNameEx failed for processId:  2144 0 
03-04-2022 13:38:37.917 DEBUG GetModuleFileNameEx failed for processId:  2144 0 
03-04-2022 13:38:42.924 DEBUG GetModuleFileNameEx failed for processId:  2144 0 
03-04-2022 13:38:44.657 DEBUG GetModuleFileNameEx failed for processId:  2144 0 
03-04-2022 13:38:49.137 DEBUG GetModuleFileNameEx failed for processId:  2144 0 
03-04-2022 13:38:54.428 DEBUG GetModuleFileNameEx failed for processId:  2144 0 
03-04-2022 13:38:55.902 DEBUG GetModuleFileNameEx failed for processId:  2144 0 
03-04-2022 13:39:00.199 DEBUG GetModuleFileNameEx failed for processId:  2144 0 
03-04-2022 13:39:05.433 DEBUG GetModuleFileNameEx failed for processId:  2144 0 
03-04-2022 13:39:10.436 DEBUG GetModuleFileNameEx failed for processId:  2144 0 
03-04-2022 13:39:15.933 DEBUG GetModuleFileNameEx failed for processId:  2144 0 
03-04-2022 13:39:20.968 DEBUG GetModuleFileNameEx failed for processId:  2144 0 
03-04-2022 13:39:25.978 DEBUG GetModuleFileNameEx failed for processId:  2144 0 
03-04-2022 13:39:30.985 DEBUG GetModuleFileNameEx failed for processId:  2144 0 
03-04-2022 13:39:37.475 DEBUG GetModuleFileNameEx failed for processId:  2144 0 
03-04-2022 13:39:42.491 DEBUG GetModuleFileNameEx failed for processId:  2144 0 
03-04-2022 13:39:47.591 DEBUG GetModuleFileNameEx failed for processId:  2144 0 
03-04-2022 13:39:54.181 DEBUG GetModuleFileNameEx failed for processId:  2144 0 
03-04-2022 13:39:59.516 DEBUG GetModuleFileNameEx failed for processId:  2144 0 
03-04-2022 13:40:05.031 DEBUG GetModuleFileNameEx failed for processId:  2144 0 
03-04-2022 13:40:11.697 DEBUG GetModuleFileNameEx failed for processId:  2144 0 
03-04-2022 13:40:16.023 DEBUG GetModuleFileNameEx failed for processId:  2144 0 
03-04-2022 13:40:18.196 DEBUG GetModuleFileNameEx failed for processId:  2144 0 
03-04-2022 13:40:21.506 DEBUG GetModuleFileNameEx failed for processId:  2144 0 
03-04-2022 13:40:24.449 DEBUG GetModuleFileNameEx failed for processId:  2144 0 
03-04-2022 13:40:26.579 DEBUG GetModuleFileNameEx failed for processId:  2144 0 
03-04-2022 13:40:29.511 DEBUG GetModuleFileNameEx failed for processId:  2144 0 
03-04-2022 13:40:31.672 DEBUG GetModuleFileNameEx failed for processId:  2144 0 
03-04-2022 13:40:34.517 DEBUG GetModuleFileNameEx failed for processId:  2144 0 
03-04-2022 13:40:37.009 DEBUG GetModuleFileNameEx failed for processId:  2144 0 
03-04-2022 13:40:39.515 DEBUG GetModuleFileNameEx failed for processId:  2144 0 
03-04-2022 13:40:42.532 DEBUG GetModuleFileNameEx failed for processId:  2144 0 
03-04-2022 13:40:44.530 DEBUG GetModuleFileNameEx failed for processId:  2144 0 
03-04-2022 13:40:48.619 DEBUG GetModuleFileNameEx failed for processId:  2144 0 
03-04-2022 13:40:50.035 DEBUG GetModuleFileNameEx failed for processId:  2144 0 
03-04-2022 13:40:54.015 DEBUG GetModuleFileNameEx failed for processId:  2144 0 
03-04-2022 13:40:55.515 DEBUG GetModuleFileNameEx failed for processId:  2144 0 
03-04-2022 13:40:59.517 DEBUG GetModuleFileNameEx failed for processId:  2144 0 
03-04-2022 13:41:05.020 DEBUG GetModuleFileNameEx failed for processId:  2144 0 
03-04-2022 13:41:10.509 DEBUG GetModuleFileNameEx failed for processId:  2144 0 
03-04-2022 13:41:15.518 DEBUG GetModuleFileNameEx failed for processId:  2144 0 
03-04-2022 13:41:21.022 DEBUG GetModuleFileNameEx failed for processId:  2144 0 
03-04-2022 13:41:22.409 DEBUG GetModuleFileNameEx failed for processId:  2144 0 
03-04-2022 13:41:26.676 DEBUG GetModuleFileNameEx failed for processId:  2144 0 
03-04-2022 13:41:28.834 DEBUG GetModuleFileNameEx failed for processId:  2144 0 
03-04-2022 13:41:32.024 DEBUG GetModuleFileNameEx failed for processId:  2144 0 
03-04-2022 13:41:34.020 DEBUG GetModuleFileNameEx failed for processId:  2144 0 
03-04-2022 13:41:37.034 DEBUG GetModuleFileNameEx failed for processId:  2144 0 
03-04-2022 13:41:39.032 DEBUG GetModuleFileNameEx failed for processId:  2144 0 
03-04-2022 13:41:42.532 DEBUG GetModuleFileNameEx failed for processId:  2144 0 
03-04-2022 13:41:44.821 DEBUG GetModuleFileNameEx failed for processId:  2144 0 
03-04-2022 13:41:47.532 DEBUG GetModuleFileNameEx failed for processId:  2144 0 
03-04-2022 13:41:50.019 DEBUG GetModuleFileNameEx failed for processId:  2144 0 
03-04-2022 13:41:53.034 DEBUG GetModuleFileNameEx failed for processId:  2144 0 
03-04-2022 13:41:55.520 DEBUG GetModuleFileNameEx failed for processId:  2144 0 
03-04-2022 13:41:58.547 DEBUG GetModuleFileNameEx failed for processId:  2144 0 
03-04-2022 13:42:00.523 DEBUG GetModuleFileNameEx failed for processId:  2144 0 
03-04-2022 13:42:04.031 DEBUG GetModuleFileNameEx failed for processId:  2144 0 
03-04-2022 13:42:06.028 DEBUG GetModuleFileNameEx failed for processId:  2144 0 
03-04-2022 13:42:09.036 DEBUG GetModuleFileNameEx failed for processId:  2144 0 
03-04-2022 13:42:11.037 DEBUG GetModuleFileNameEx failed for processId:  2144 0 
03-04-2022 13:42:14.047 DEBUG GetModuleFileNameEx failed for processId:  2144 0 
03-04-2022 13:42:16.049 DEBUG GetModuleFileNameEx failed for processId:  2144 0 
03-04-2022 13:42:19.048 DEBUG GetModuleFileNameEx failed for processId:  2144 0 
03-04-2022 13:42:21.538 DEBUG GetModuleFileNameEx failed for processId:  2144 0 
03-04-2022 13:42:24.050 DEBUG GetModuleFileNameEx failed for processId:  2144 0 
03-04-2022 13:42:26.538 DEBUG GetModuleFileNameEx failed for processId:  2144 0 
03-04-2022 13:42:29.549 DEBUG GetModuleFileNameEx failed for processId:  2144 0 
03-04-2022 13:42:31.550 DEBUG GetModuleFileNameEx failed for processId:  2144 0 
03-04-2022 13:42:35.049 DEBUG GetModuleFileNameEx failed for processId:  2144 0 
03-04-2022 13:42:37.046 DEBUG GetModuleFileNameEx failed for processId:  2144 0 
03-04-2022 13:42:40.545 DEBUG GetModuleFileNameEx failed for processId:  2144 0 
03-04-2022 13:42:42.096 DEBUG GetModuleFileNameEx failed for processId:  2144 0 
03-04-2022 13:42:45.558 DEBUG GetModuleFileNameEx failed for processId:  2144 0 
03-04-2022 13:42:47.551 DEBUG GetModuleFileNameEx failed for processId:  2144 0 
03-04-2022 13:42:50.563 DEBUG GetModuleFileNameEx failed for processId:  2144 0 
03-04-2022 13:42:53.060 DEBUG GetModuleFileNameEx failed for processId:  2144 0 
03-04-2022 13:42:55.566 DEBUG GetModuleFileNameEx failed for processId:  2144 0 
03-04-2022 13:42:58.067 DEBUG GetModuleFileNameEx failed for processId:  2144 0 
03-04-2022 13:43:00.567 DEBUG GetModuleFileNameEx failed for processId:  2144 0 
03-04-2022 13:43:04.341 DEBUG GetModuleFileNameEx failed for processId:  2144 0 
03-04-2022 13:43:06.471 DEBUG GetModuleFileNameEx failed for processId:  2144 0 
03-04-2022 13:43:09.571 DEBUG GetModuleFileNameEx failed for processId:  2144 0 
03-04-2022 13:43:11.568 DEBUG GetModuleFileNameEx failed for processId:  2144 0 
03-04-2022 13:43:14.577 DEBUG GetModuleFileNameEx failed for processId:  2144 0 
03-04-2022 13:43:17.074 DEBUG GetModuleFileNameEx failed for processId:  2144 0 
03-04-2022 13:43:20.080 DEBUG GetModuleFileNameEx failed for processId:  2144 0 
03-04-2022 13:43:22.576 DEBUG GetModuleFileNameEx failed for processId:  2144 0 
03-04-2022 13:43:25.571 DEBUG GetModuleFileNameEx failed for processId:  2144 0 
03-04-2022 13:43:27.577 DEBUG GetModuleFileNameEx failed for processId:  2144 0 
03-04-2022 13:43:30.575 DEBUG GetModuleFileNameEx failed for processId:  2144 0 
03-04-2022 13:43:33.068 DEBUG GetModuleFileNameEx failed for processId:  2144 0 
03-04-2022 13:43:36.080 DEBUG GetModuleFileNameEx failed for processId:  2144 0 
03-04-2022 13:43:38.082 DEBUG GetModuleFileNameEx failed for processId:  2144 0 
03-04-2022 13:43:41.089 DEBUG GetModuleFileNameEx failed for processId:  2144 0 
03-04-2022 13:43:43.093 DEBUG GetModuleFileNameEx failed for processId:  2144 0 
03-04-2022 13:43:46.583 DEBUG GetModuleFileNameEx failed for processId:  2144 0 
03-04-2022 13:43:48.095 DEBUG GetModuleFileNameEx failed for processId:  2144 0 
03-04-2022 13:43:51.610 DEBUG GetModuleFileNameEx failed for processId:  2144 0 
03-04-2022 13:43:53.110 DEBUG GetModuleFileNameEx failed for processId:  2144 0 
03-04-2022 13:43:57.109 DEBUG GetModuleFileNameEx failed for processId:  2144 0 
03-04-2022 13:43:58.110 DEBUG GetModuleFileNameEx failed for processId:  2144 0 
03-04-2022 13:44:02.486 DEBUG GetModuleFileNameEx failed for processId:  2144 0 
03-04-2022 13:44:03.603 DEBUG GetModuleFileNameEx failed for processId:  2144 0 
03-04-2022 13:44:07.608 DEBUG GetModuleFileNameEx failed for processId:  2144 0 
03-04-2022 13:44:08.613 DEBUG GetModuleFileNameEx failed for processId:  2144 0 
03-04-2022 13:44:13.104 DEBUG GetModuleFileNameEx failed for processId:  2144 0 
03-04-2022 13:44:14.112 DEBUG GetModuleFileNameEx failed for processId:  2144 0 
03-04-2022 13:44:18.108 DEBUG GetModuleFileNameEx failed for processId:  2144 0 
03-04-2022 13:44:19.234 DEBUG GetModuleFileNameEx failed for processId:  2144 0 
03-04-2022 13:44:23.614 DEBUG GetModuleFileNameEx failed for processId:  2144 0 
03-04-2022 13:44:25.765 DEBUG GetModuleFileNameEx failed for processId:  2144 0 
03-04-2022 13:44:29.361 DEBUG GetModuleFileNameEx failed for processId:  2144 0 
03-04-2022 13:44:31.506 DEBUG GetModuleFileNameEx failed for processId:  2144 0 
03-04-2022 13:44:35.976 DEBUG GetModuleFileNameEx failed for processId:  2144 0 
03-04-2022 13:44:41.121 DEBUG GetModuleFileNameEx failed for processId:  2144 0 
03-04-2022 13:44:46.613 DEBUG GetModuleFileNameEx failed for processId:  2144 0 
03-04-2022 13:44:51.865 DEBUG GetModuleFileNameEx failed for processId:  2144 0 
03-04-2022 13:44:58.507 DEBUG GetModuleFileNameEx failed for processId:  2144 0 
03-04-2022 13:45:04.519 DEBUG GetModuleFileNameEx failed for processId:  2144 0 
03-04-2022 13:45:09.615 DEBUG GetModuleFileNameEx failed for processId:  2144 0 
03-04-2022 13:45:10.969 DEBUG GetModuleFileNameEx failed for processId:  2144 0 
03-04-2022 13:45:14.618 DEBUG GetModuleFileNameEx failed for processId:  2144 0 
03-04-2022 13:45:16.161 DEBUG GetModuleFileNameEx failed for processId:  2144 0 
03-04-2022 13:45:19.645 DEBUG GetModuleFileNameEx failed for processId:  2144 0 
03-04-2022 13:45:21.656 DEBUG GetModuleFileNameEx failed for processId:  2144 0 
03-04-2022 13:45:24.654 DEBUG GetModuleFileNameEx failed for processId:  2144 0 
03-04-2022 13:45:27.659 DEBUG GetModuleFileNameEx failed for processId:  2144 0 
03-04-2022 13:45:30.992 DEBUG GetModuleFileNameEx failed for processId:  2144 0 
03-04-2022 13:45:33.145 DEBUG GetModuleFileNameEx failed for processId:  2144 0 
03-04-2022 13:45:36.155 DEBUG GetModuleFileNameEx failed for processId:  2144 0 
03-04-2022 13:45:38.393 DEBUG GetModuleFileNameEx failed for processId:  2144 0 
03-04-2022 13:45:41.641 DEBUG GetModuleFileNameEx failed for processId:  2144 0 
03-04-2022 13:45:43.764 DEBUG GetModuleFileNameEx failed for processId:  2144 0 
03-04-2022 13:45:46.652 DEBUG GetModuleFileNameEx failed for processId:  2144 0 
03-04-2022 13:45:50.404 DEBUG GetModuleFileNameEx failed for processId:  2144 0 
03-04-2022 13:45:51.664 DEBUG GetModuleFileNameEx failed for processId:  2144 0 
03-04-2022 13:45:55.665 DEBUG GetModuleFileNameEx failed for processId:  2144 0 
03-04-2022 13:45:57.735 DEBUG GetModuleFileNameEx failed for processId:  2144 0 
03-04-2022 13:46:01.295 DEBUG GetModuleFileNameEx failed for processId:  2144 0 
03-04-2022 13:46:03.168 DEBUG GetModuleFileNameEx failed for processId:  2144 0 
03-04-2022 13:46:06.664 DEBUG GetModuleFileNameEx failed for processId:  2144 0 
03-04-2022 13:46:08.696 DEBUG GetModuleFileNameEx failed for processId:  2144 0 
03-04-2022 13:46:11.875 DEBUG GetModuleFileNameEx failed for processId:  2144 0 
03-04-2022 13:46:13.750 DEBUG GetModuleFileNameEx failed for processId:  2144 0 
03-04-2022 13:46:17.202 DEBUG GetModuleFileNameEx failed for processId:  2144 0 
03-04-2022 13:46:19.195 DEBUG GetModuleFileNameEx failed for processId:  2144 0 
03-04-2022 13:46:22.700 DEBUG GetModuleFileNameEx failed for processId:  2144 0 
03-04-2022 13:46:24.206 DEBUG GetModuleFileNameEx failed for processId:  2144 0 
03-04-2022 13:46:28.192 DEBUG GetModuleFileNameEx failed for processId:  2144 0 
03-04-2022 13:46:29.207 DEBUG GetModuleFileNameEx failed for processId:  2144 0 
03-04-2022 13:46:33.218 DEBUG GetModuleFileNameEx failed for processId:  2144 0 
03-04-2022 13:46:34.223 DEBUG GetModuleFileNameEx failed for processId:  2144 0 
03-04-2022 13:46:38.219 DEBUG GetModuleFileNameEx failed for processId:  2144 0 
03-04-2022 13:46:39.710 DEBUG GetModuleFileNameEx failed for processId:  2144 0 
03-04-2022 13:46:43.706 DEBUG GetModuleFileNameEx failed for processId:  2144 0 
03-04-2022 13:46:44.714 DEBUG GetModuleFileNameEx failed for processId:  2144 0 
03-04-2022 13:46:48.711 DEBUG GetModuleFileNameEx failed for processId:  2144 0 
03-04-2022 13:46:50.219 DEBUG GetModuleFileNameEx failed for processId:  2144 0 
03-04-2022 13:46:53.734 DEBUG GetModuleFileNameEx failed for processId:  2144 0 
03-04-2022 13:46:55.229 DEBUG GetModuleFileNameEx failed for processId:  2144 0 
03-04-2022 13:46:58.736 DEBUG GetModuleFileNameEx failed for processId:  2144 0 
03-04-2022 13:47:00.229 DEBUG GetModuleFileNameEx failed for processId:  2144 0 
03-04-2022 13:47:03.735 DEBUG GetModuleFileNameEx failed for processId:  2144 0 
03-04-2022 13:47:05.229 DEBUG GetModuleFileNameEx failed for processId:  2144 0 
03-04-2022 13:47:09.230 DEBUG GetModuleFileNameEx failed for processId:  2144 0 
03-04-2022 13:47:10.232 DEBUG GetModuleFileNameEx failed for processId:  2144 0 
03-04-2022 13:47:14.760 DEBUG GetModuleFileNameEx failed for processId:  2144 0 
03-04-2022 13:47:19.742 DEBUG GetModuleFileNameEx failed for processId:  2144 0 
03-04-2022 13:47:24.745 DEBUG GetModuleFileNameEx failed for processId:  2144 0 
03-04-2022 13:47:25.188 DEBUG Started download of Network Port Description Database.. 
03-04-2022 13:47:25.549 DEBUG Found difference in computer information, storing updated info! 
03-04-2022 13:47:25.753 DEBUG Writing downloaded Network Port Description Database into:  "C:/Users/Användaren/AppData/Local/WhatPulse/network-ports.csv" 
03-04-2022 13:47:25.753 DEBUG Successfully downlaoded updated network port descriptions. 
03-04-2022 13:47:25.753 DEBUG Finished downloading Network Port Description database! 
03-04-2022 13:47:25.753 DEBUG Network-ports.csv: Unknown protocol ( "DCCP" ) found on line "4677" , ignoring it. 
03-04-2022 13:47:25.769 DEBUG Read file 'network-ports.csv' for port (TCP/UDP) translations. Read 5756 lines, added 5586 tcp and 5453 udp records. 
03-04-2022 13:47:25.893 DEBUG Successfully updated online computer info. 
03-04-2022 13:47:25.987  WARN void __thiscall ClientCommunication::checkHTTPError(class QString) Error:  "Bad reply from server: empty" 
03-04-2022 13:47:25.987 DEBUG Successfully uploaded the keyboard heatmap. 
03-04-2022 13:47:26.238 DEBUG GetModuleFileNameEx failed for processId:  2144 0 
03-04-2022 13:47:26.254  WARN void __thiscall ClientCommunication::checkHTTPError(class QString) Error:  "Bad reply from server: empty" 
03-04-2022 13:47:26.254 DEBUG Successfully uploaded the keyboard apps heatmap. 
03-04-2022 13:47:26.344  WARN void __thiscall ClientCommunication::checkHTTPError(class QString) Error:  "Bad reply from server: empty" 
03-04-2022 13:47:26.344 DEBUG Successfully uploaded the button heatmap. 
03-04-2022 13:47:26.436  WARN void __thiscall ClientCommunication::checkHTTPError(class QString) Error:  "Bad reply from server: empty" 
03-04-2022 13:47:26.436 DEBUG Successfully uploaded the button apps heatmap. 
03-04-2022 13:47:26.572  WARN void __thiscall ClientCommunication::checkHTTPError(class QString) Error:  "Bad reply from server: empty" 
03-04-2022 13:47:26.573 DEBUG Successfully uploaded the keycombination heatmap. 
03-04-2022 13:47:30.242 DEBUG GetModuleFileNameEx failed for processId:  2144 0 
03-04-2022 13:47:31.771 DEBUG GetModuleFileNameEx failed for processId:  2144 0 
03-04-2022 13:47:35.262 DEBUG GetModuleFileNameEx failed for processId:  2144 0 
03-04-2022 13:47:36.773 DEBUG GetModuleFileNameEx failed for processId:  2144 0 
03-04-2022 13:47:38.609 DEBUG Shutting down client, we've had enough! 
03-04-2022 13:47:38.610 DEBUG Terminating watchdog.. 
03-04-2022 13:47:38.610 DEBUG enableInputHook:  false 
03-04-2022 13:47:38.610 DEBUG LowLevelHookHandler stopping 
03-04-2022 13:47:38.973 DEBUG Stopping CommonSystem! 
04-04-2022 17:14:17.965  INFO "Starting WhatPulse 3.6..." 
04-04-2022 17:14:18.012 DEBUG Creating db connection with name:  "wp-db-connection" 
04-04-2022 17:14:18.028 DEBUG Database file:  "C:/Users/Användaren/AppData/Local/WhatPulse/whatpulse.db" 
04-04-2022 17:14:19.458 DEBUG Database check:  "ok" 
04-04-2022 17:14:19.458 DEBUG Opened database in:  1430 ms 
04-04-2022 17:14:19.458 DEBUG Database size:  13 MB 
04-04-2022 17:14:19.489 DEBUG Language changed to "English"  via file:  ":/languages/whatpulse_en.qm" 
04-04-2022 17:14:19.489 DEBUG Not running WhatPulse as Administrator! :-( 
04-04-2022 17:14:19.489 DEBUG Elevating client to Administrator rights! 
04-04-2022 17:14:41.902 DEBUG Shutting down client, we've had enough! 
04-04-2022 17:14:41.902 DEBUG Unable to stop watchdog: process not found. 
04-04-2022 17:14:41.912  INFO "Starting WhatPulse 3.6..." 
04-04-2022 17:14:46.937 DEBUG Creating db connection with name:  "wp-db-connection" 
04-04-2022 17:14:47.094 DEBUG Database file:  "C:/Users/Användaren/AppData/Local/WhatPulse/whatpulse.db" 
04-04-2022 17:14:47.125 DEBUG Database check:  "ok" 
04-04-2022 17:14:47.156 DEBUG Opened database in:  62 ms 
04-04-2022 17:14:47.156 DEBUG Database size:  13 MB 
04-04-2022 17:14:47.672 DEBUG Language changed to "English"  via file:  ":/languages/whatpulse_en.qm" 
04-04-2022 17:14:47.672 DEBUG Running WhatPulse as Administrator! :-) 
04-04-2022 17:14:47.672 DEBUG Encrypted file:  "C:/Users/Användaren/AppData/Local/WhatPulse/whatpulse.wpw" 
04-04-2022 17:14:48.063 DEBUG Loaded application aliases 
04-04-2022 17:14:48.078  WARN libcap not available: 
04-04-2022 17:14:48.109 DEBUG Detected that WinPcap is not available and falling back to Windows APIs! No unpulsed online data this way! :( 
04-04-2022 17:14:48.609 DEBUG Opening GeoIP database:  "C:/Users/Användaren/AppData/Local/WhatPulse/GeoIP.dat" 
04-04-2022 17:14:49.031 DEBUG WhatPulse  3.6  has started 
04-04-2022 17:14:49.250  WARN Unable to find videocard in our database with vendor  "10DE" , device  "13BA"  and subsys  "109710DE" 
04-04-2022 17:14:49.375 DEBUG Found language option for "Swedish" in file:  "sv.qm" 
04-04-2022 17:14:49.375 DEBUG Found language option for "Slovak" in file:  "sk.qm" 
04-04-2022 17:14:49.375 DEBUG Found language option for "French" in file:  "fr.qm" 
04-04-2022 17:14:49.375 DEBUG Found language option for "German" in file:  "de.qm" 
04-04-2022 17:14:49.375 DEBUG Found language option for "English" in file:  "en.qm" 
04-04-2022 17:14:49.375 DEBUG Found language option for "Dutch" in file:  "nl.qm" 
04-04-2022 17:14:51.000 DEBUG Starting timers and collector.. 
04-04-2022 17:14:51.031 DEBUG Started watchdog. 
04-04-2022 17:14:51.047 DEBUG enableInputHook:  true 
04-04-2022 17:14:51.063 DEBUG LowLevelHookHandler starting 
04-04-2022 17:14:51.063 DEBUG Enabling lowlevel input hooks 
04-04-2022 17:14:51.063 DEBUG Network-ports.csv: Unknown protocol ( "DCCP" ) found on line "4677" , ignoring it. 
04-04-2022 17:14:51.078 DEBUG Read file 'network-ports.csv' for port (TCP/UDP) translations. Read 5756 lines, added 5586 tcp and 5453 udp records. 
04-04-2022 17:14:51.313 DEBUG Creating db connection with name:  "wp-db-connection-0x42d4" 
04-04-2022 17:14:51.313 DEBUG Database file:  "C:/Users/Användaren/AppData/Local/WhatPulse/whatpulse.db" 
04-04-2022 17:14:51.344 DEBUG Database check:  "ok" 
04-04-2022 17:14:51.344 DEBUG Opened database in:  31 ms 
04-04-2022 17:14:51.344 DEBUG Database size:  13 MB 
04-04-2022 17:14:57.688 DEBUG GetModuleFileNameEx failed for processId:  2144 0 
04-04-2022 17:15:03.079 DEBUG GetModuleFileNameEx failed for processId:  2144 0 
04-04-2022 17:15:08.079 DEBUG GetModuleFileNameEx failed for processId:  2144 0 
04-04-2022 17:15:13.080 DEBUG GetModuleFileNameEx failed for processId:  2144 0 
04-04-2022 17:15:18.080 DEBUG GetModuleFileNameEx failed for processId:  2144 0 
04-04-2022 17:15:23.080 DEBUG GetModuleFileNameEx failed for processId:  2144 0 
04-04-2022 17:15:28.081 DEBUG GetModuleFileNameEx failed for processId:  2144 0 
04-04-2022 17:15:33.081 DEBUG GetModuleFileNameEx failed for processId:  2144 0 
04-04-2022 17:15:38.081 DEBUG GetModuleFileNameEx failed for processId:  2144 0 
04-04-2022 17:15:43.082 DEBUG GetModuleFileNameEx failed for processId:  2144 0 
04-04-2022 17:15:48.082 DEBUG GetModuleFileNameEx failed for processId:  2144 0 
04-04-2022 17:15:53.082 DEBUG GetModuleFileNameEx failed for processId:  2144 0 
04-04-2022 17:15:58.083 DEBUG GetModuleFileNameEx failed for processId:  2144 0 
04-04-2022 17:16:03.083 DEBUG GetModuleFileNameEx failed for processId:  2144 0 
04-04-2022 17:16:08.084 DEBUG GetModuleFileNameEx failed for processId:  2144 0 
04-04-2022 17:16:13.084 DEBUG GetModuleFileNameEx failed for processId:  2144 0 
04-04-2022 17:16:18.084 DEBUG GetModuleFileNameEx failed for processId:  2144 0 
04-04-2022 17:16:23.134 DEBUG GetModuleFileNameEx failed for processId:  2144 0 
04-04-2022 17:16:28.181 DEBUG GetModuleFileNameEx failed for processId:  2144 0 
04-04-2022 17:16:33.213 DEBUG GetModuleFileNameEx failed for processId:  2144 0 
04-04-2022 17:16:38.213 DEBUG GetModuleFileNameEx failed for processId:  2144 0 
04-04-2022 17:16:43.213 DEBUG GetModuleFileNameEx failed for processId:  2144 0 
04-04-2022 17:16:48.213 DEBUG GetModuleFileNameEx failed for processId:  2144 0 
04-04-2022 17:16:53.214 DEBUG GetModuleFileNameEx failed for processId:  2144 0 
04-04-2022 17:16:58.712 DEBUG GetModuleFileNameEx failed for processId:  2144 0 
04-04-2022 17:17:04.207 DEBUG GetModuleFileNameEx failed for processId:  2144 0 
04-04-2022 17:17:09.218 DEBUG GetModuleFileNameEx failed for processId:  2144 0 
04-04-2022 17:17:14.235 DEBUG GetModuleFileNameEx failed for processId:  2144 0 
04-04-2022 17:17:19.270 DEBUG GetModuleFileNameEx failed for processId:  2144 0 
04-04-2022 17:17:24.755 DEBUG GetModuleFileNameEx failed for processId:  2144 0 
04-04-2022 17:17:29.759 DEBUG GetModuleFileNameEx failed for processId:  2144 0 
04-04-2022 17:17:34.766 DEBUG GetModuleFileNameEx failed for processId:  2144 0 
04-04-2022 17:17:40.265 DEBUG GetModuleFileNameEx failed for processId:  2144 0 
04-04-2022 17:17:45.766 DEBUG GetModuleFileNameEx failed for processId:  2144 0 
04-04-2022 17:17:50.784 DEBUG GetModuleFileNameEx failed for processId:  2144 0 
04-04-2022 17:17:55.789 DEBUG GetModuleFileNameEx failed for processId:  2144 0 
04-04-2022 17:18:00.812 DEBUG GetModuleFileNameEx failed for processId:  2144 0 
04-04-2022 17:18:05.816 DEBUG GetModuleFileNameEx failed for processId:  2144 0 
04-04-2022 17:18:10.831 DEBUG GetModuleFileNameEx failed for processId:  2144 0 
04-04-2022 17:18:15.838 DEBUG GetModuleFileNameEx failed for processId:  2144 0 
04-04-2022 17:18:21.346 DEBUG GetModuleFileNameEx failed for processId:  2144 0 
04-04-2022 17:18:26.348 DEBUG GetModuleFileNameEx failed for processId:  2144 0 
04-04-2022 17:18:31.349 DEBUG GetModuleFileNameEx failed for processId:  2144 0 
04-04-2022 17:18:36.371 DEBUG GetModuleFileNameEx failed for processId:  2144 0 
04-04-2022 17:18:41.872 DEBUG GetModuleFileNameEx failed for processId:  2144 0 
04-04-2022 17:18:46.874 DEBUG GetModuleFileNameEx failed for processId:  2144 0 
04-04-2022 17:18:52.377 DEBUG GetModuleFileNameEx failed for processId:  2144 0 
04-04-2022 17:18:57.379 DEBUG GetModuleFileNameEx failed for processId:  2144 0 
04-04-2022 17:19:02.380 DEBUG GetModuleFileNameEx failed for processId:  2144 0 
04-04-2022 17:19:07.384 DEBUG GetModuleFileNameEx failed for processId:  2144 0 
04-04-2022 17:19:12.387 DEBUG GetModuleFileNameEx failed for processId:  2144 0 
04-04-2022 17:19:13.391 DEBUG GetModuleFileNameEx failed for processId:  2144 0 
04-04-2022 17:19:17.880 DEBUG GetModuleFileNameEx failed for processId:  2144 0 
04-04-2022 17:19:18.885 DEBUG GetModuleFileNameEx failed for processId:  2144 0 
04-04-2022 17:19:23.389 DEBUG GetModuleFileNameEx failed for processId:  2144 0 
04-04-2022 17:19:28.392 DEBUG GetModuleFileNameEx failed for processId:  2144 0 
04-04-2022 17:19:29.394 DEBUG GetModuleFileNameEx failed for processId:  2144 0 
04-04-2022 17:19:33.879 DEBUG GetModuleFileNameEx failed for processId:  2144 0 
04-04-2022 17:19:34.881 DEBUG GetModuleFileNameEx failed for processId:  2144 0 
04-04-2022 17:19:38.879 DEBUG GetModuleFileNameEx failed for processId:  2144 0 
04-04-2022 17:19:39.887 DEBUG GetModuleFileNameEx failed for processId:  2144 0 
04-04-2022 17:19:43.891 DEBUG GetModuleFileNameEx failed for processId:  2144 0 
04-04-2022 17:19:45.382 DEBUG GetModuleFileNameEx failed for processId:  2144 0 
04-04-2022 17:19:49.381 DEBUG GetModuleFileNameEx failed for processId:  2144 0 
04-04-2022 17:19:50.384 DEBUG GetModuleFileNameEx failed for processId:  2144 0 
04-04-2022 17:19:54.405 DEBUG GetModuleFileNameEx failed for processId:  2144 0 
04-04-2022 17:19:55.406 DEBUG GetModuleFileNameEx failed for processId:  2144 0 
04-04-2022 17:19:59.906 DEBUG GetModuleFileNameEx failed for processId:  2144 0 
04-04-2022 17:20:00.907 DEBUG GetModuleFileNameEx failed for processId:  2144 0 
04-04-2022 17:20:05.411 DEBUG GetModuleFileNameEx failed for processId:  2144 0 
04-04-2022 17:20:10.435 DEBUG GetModuleFileNameEx failed for processId:  2144 0 
04-04-2022 17:20:15.938 DEBUG GetModuleFileNameEx failed for processId:  2144 0 
04-04-2022 17:20:21.429 DEBUG GetModuleFileNameEx failed for processId:  2144 0 
04-04-2022 17:20:26.457 DEBUG GetModuleFileNameEx failed for processId:  2144 0 
04-04-2022 17:20:31.470 DEBUG GetModuleFileNameEx failed for processId:  2144 0 
04-04-2022 17:20:36.473 DEBUG GetModuleFileNameEx failed for processId:  2144 0 
04-04-2022 17:20:41.967 DEBUG GetModuleFileNameEx failed for processId:  2144 0 
04-04-2022 17:20:47.474 DEBUG GetModuleFileNameEx failed for processId:  2144 0 
04-04-2022 17:20:52.487 DEBUG GetModuleFileNameEx failed for processId:  2144 0 
04-04-2022 17:20:57.502 DEBUG GetModuleFileNameEx failed for processId:  2144 0 
04-04-2022 17:21:02.522 DEBUG GetModuleFileNameEx failed for processId:  2144 0 
04-04-2022 17:21:07.531 DEBUG GetModuleFileNameEx failed for processId:  2144 0 
04-04-2022 17:21:12.533 DEBUG GetModuleFileNameEx failed for processId:  2144 0 
04-04-2022 17:21:18.022 DEBUG GetModuleFileNameEx failed for processId:  2144 0 
04-04-2022 17:21:23.037 DEBUG GetModuleFileNameEx failed for processId:  2144 0 
04-04-2022 17:21:28.038 DEBUG GetModuleFileNameEx failed for processId:  2144 0 
04-04-2022 17:21:33.066 DEBUG GetModuleFileNameEx failed for processId:  2144 0 
04-04-2022 17:21:38.080 DEBUG GetModuleFileNameEx failed for processId:  2144 0 
04-04-2022 17:21:43.092 DEBUG GetModuleFileNameEx failed for processId:  2144 0 
04-04-2022 17:21:48.585 DEBUG GetModuleFileNameEx failed for processId:  2144 0 
04-04-2022 17:21:54.092 DEBUG GetModuleFileNameEx failed for processId:  2144 0 
04-04-2022 17:21:59.112 DEBUG GetModuleFileNameEx failed for processId:  2144 0 
04-04-2022 17:22:04.613 DEBUG GetModuleFileNameEx failed for processId:  2144 0 
04-04-2022 17:22:10.106 DEBUG GetModuleFileNameEx failed for processId:  2144 0 
04-04-2022 17:22:15.601 DEBUG GetModuleFileNameEx failed for processId:  2144 0 
04-04-2022 17:22:20.631 DEBUG GetModuleFileNameEx failed for processId:  2144 0 
04-04-2022 17:22:25.637 DEBUG GetModuleFileNameEx failed for processId:  2144 0 
04-04-2022 17:22:30.645 DEBUG GetModuleFileNameEx failed for processId:  2144 0 
04-04-2022 17:22:35.651 DEBUG GetModuleFileNameEx failed for processId:  2144 0 
04-04-2022 17:22:40.653 DEBUG GetModuleFileNameEx failed for processId:  2144 0 
04-04-2022 17:22:45.659 DEBUG GetModuleFileNameEx failed for processId:  2144 0 
04-04-2022 17:22:51.159 DEBUG GetModuleFileNameEx failed for processId:  2144 0 
04-04-2022 17:22:56.183 DEBUG GetModuleFileNameEx failed for processId:  2144 0 
04-04-2022 17:23:01.195 DEBUG GetModuleFileNameEx failed for processId:  2144 0 
04-04-2022 17:23:06.254 DEBUG GetModuleFileNameEx failed for processId:  2144 0 
04-04-2022 17:23:11.261 DEBUG GetModuleFileNameEx failed for processId:  2144 0 
04-04-2022 17:23:16.284 DEBUG GetModuleFileNameEx failed for processId:  2144 0 
04-04-2022 17:23:21.325 DEBUG GetModuleFileNameEx failed for processId:  2144 0 
04-04-2022 17:23:26.829 DEBUG GetModuleFileNameEx failed for processId:  2144 0 
04-04-2022 17:23:31.839 DEBUG GetModuleFileNameEx failed for processId:  2144 0 
04-04-2022 17:23:36.847 DEBUG GetModuleFileNameEx failed for processId:  2144 0 
04-04-2022 17:23:41.862 DEBUG GetModuleFileNameEx failed for processId:  2144 0 
04-04-2022 17:23:47.351 DEBUG GetModuleFileNameEx failed for processId:  2144 0 
04-04-2022 17:23:52.371 DEBUG GetModuleFileNameEx failed for processId:  2144 0 
04-04-2022 17:23:57.388 DEBUG GetModuleFileNameEx failed for processId:  2144 0 
04-04-2022 17:24:02.897 DEBUG GetModuleFileNameEx failed for processId:  2144 0 
04-04-2022 17:24:07.959 DEBUG GetModuleFileNameEx failed for processId:  2144 0 
04-04-2022 17:24:13.015 DEBUG GetModuleFileNameEx failed for processId:  2144 0 
04-04-2022 17:24:18.019 DEBUG GetModuleFileNameEx failed for processId:  2144 0 
04-04-2022 17:24:23.030 DEBUG GetModuleFileNameEx failed for processId:  2144 0 
04-04-2022 17:24:28.532 DEBUG GetModuleFileNameEx failed for processId:  2144 0 
04-04-2022 17:24:34.023 DEBUG GetModuleFileNameEx failed for processId:  2144 0 
04-04-2022 17:24:39.034 DEBUG GetModuleFileNameEx failed for processId:  2144 0 
04-04-2022 17:24:44.037 DEBUG GetModuleFileNameEx failed for processId:  2144 0 
04-04-2022 17:24:49.547 DEBUG GetModuleFileNameEx failed for processId:  2144 0 
04-04-2022 17:24:54.557 DEBUG GetModuleFileNameEx failed for processId:  2144 0 
04-04-2022 17:24:59.558 DEBUG GetModuleFileNameEx failed for processId:  2144 0 
04-04-2022 17:25:04.568 DEBUG GetModuleFileNameEx failed for processId:  2144 0 
04-04-2022 17:25:09.574 DEBUG GetModuleFileNameEx failed for processId:  2144 0 
04-04-2022 17:25:14.589 DEBUG GetModuleFileNameEx failed for processId:  2144 0 
04-04-2022 17:25:15.598 DEBUG GetModuleFileNameEx failed for processId:  2144 0 
04-04-2022 17:25:19.603 DEBUG GetModuleFileNameEx failed for processId:  2144 0 
04-04-2022 17:25:20.612 DEBUG GetModuleFileNameEx failed for processId:  2144 0 
04-04-2022 17:25:24.613 DEBUG GetModuleFileNameEx failed for processId:  2144 0 
04-04-2022 17:25:26.101 DEBUG GetModuleFileNameEx failed for processId:  2144 0 
04-04-2022 17:25:29.612 DEBUG GetModuleFileNameEx failed for processId:  2144 0 
04-04-2022 17:25:31.117 DEBUG GetModuleFileNameEx failed for processId:  2144 0 
04-04-2022 17:25:34.633 DEBUG GetModuleFileNameEx failed for processId:  2144 0 
04-04-2022 17:25:36.130 DEBUG GetModuleFileNameEx failed for processId:  2144 0 
04-04-2022 17:25:39.647 DEBUG GetModuleFileNameEx failed for processId:  2144 0 
04-04-2022 17:25:41.168 DEBUG GetModuleFileNameEx failed for processId:  2144 0 
04-04-2022 17:25:44.661 DEBUG GetModuleFileNameEx failed for processId:  2144 0 
04-04-2022 17:25:46.674 DEBUG GetModuleFileNameEx failed for processId:  2144 0 
04-04-2022 17:25:49.665 DEBUG GetModuleFileNameEx failed for processId:  2144 0 
04-04-2022 17:25:52.163 DEBUG GetModuleFileNameEx failed for processId:  2144 0 
04-04-2022 17:25:54.669 DEBUG GetModuleFileNameEx failed for processId:  2144 0 
04-04-2022 17:25:57.164 DEBUG GetModuleFileNameEx failed for processId:  2144 0 
04-04-2022 17:25:59.675 DEBUG GetModuleFileNameEx failed for processId:  2144 0 
04-04-2022 17:26:02.186 DEBUG GetModuleFileNameEx failed for processId:  2144 0 
04-04-2022 17:26:04.677 DEBUG GetModuleFileNameEx failed for processId:  2144 0 
04-04-2022 17:26:07.190 DEBUG GetModuleFileNameEx failed for processId:  2144 0 
04-04-2022 17:26:09.679 DEBUG GetModuleFileNameEx failed for processId:  2144 0 
04-04-2022 17:26:12.678 DEBUG GetModuleFileNameEx failed for processId:  2144 0 
04-04-2022 17:26:14.685 DEBUG GetModuleFileNameEx failed for processId:  2144 0 
04-04-2022 17:26:17.680 DEBUG GetModuleFileNameEx failed for processId:  2144 0 
04-04-2022 17:26:20.192 DEBUG GetModuleFileNameEx failed for processId:  2144 0 
04-04-2022 17:26:22.699 DEBUG GetModuleFileNameEx failed for processId:  2144 0 
04-04-2022 17:26:25.207 DEBUG GetModuleFileNameEx failed for processId:  2144 0 
04-04-2022 17:26:27.701 DEBUG GetModuleFileNameEx failed for processId:  2144 0 
04-04-2022 17:26:30.695 DEBUG GetModuleFileNameEx failed for processId:  2144 0 
04-04-2022 17:26:33.205 DEBUG GetModuleFileNameEx failed for processId:  2144 0 
04-04-2022 17:26:35.713 DEBUG GetModuleFileNameEx failed for processId:  2144 0 
04-04-2022 17:26:38.208 DEBUG GetModuleFileNameEx failed for processId:  2144 0 
04-04-2022 17:26:40.713 DEBUG GetModuleFileNameEx failed for processId:  2144 0 
04-04-2022 17:26:43.221 DEBUG GetModuleFileNameEx failed for processId:  2144 0 
04-04-2022 17:26:46.218 DEBUG GetModuleFileNameEx failed for processId:  2144 0 
04-04-2022 17:26:48.231 DEBUG GetModuleFileNameEx failed for processId:  2144 0 
04-04-2022 17:26:51.233 DEBUG GetModuleFileNameEx failed for processId:  2144 0 
04-04-2022 17:26:53.232 DEBUG GetModuleFileNameEx failed for processId:  2144 0 
04-04-2022 17:26:56.245 DEBUG GetModuleFileNameEx failed for processId:  2144 0 
04-04-2022 17:26:58.247 DEBUG GetModuleFileNameEx failed for processId:  2144 0 
04-04-2022 17:27:01.259 DEBUG GetModuleFileNameEx failed for processId:  2144 0 
04-04-2022 17:27:03.256 DEBUG GetModuleFileNameEx failed for processId:  2144 0 
04-04-2022 17:27:06.260 DEBUG GetModuleFileNameEx failed for processId:  2144 0 
04-04-2022 17:27:08.268 DEBUG GetModuleFileNameEx failed for processId:  2144 0 
04-04-2022 17:27:11.278 DEBUG GetModuleFileNameEx failed for processId:  2144 0 
04-04-2022 17:27:13.288 DEBUG GetModuleFileNameEx failed for processId:  2144 0 
04-04-2022 17:27:16.310 DEBUG GetModuleFileNameEx failed for processId:  2144 0 
04-04-2022 17:27:18.307 DEBUG GetModuleFileNameEx failed for processId:  2144 0 
04-04-2022 17:27:21.332 DEBUG GetModuleFileNameEx failed for processId:  2144 0 
04-04-2022 17:27:23.341 DEBUG GetModuleFileNameEx failed for processId:  2144 0 
04-04-2022 17:27:26.336 DEBUG GetModuleFileNameEx failed for processId:  2144 0 
04-04-2022 17:27:28.833 DEBUG GetModuleFileNameEx failed for processId:  2144 0 
04-04-2022 17:27:31.844 DEBUG GetModuleFileNameEx failed for processId:  2144 0 
04-04-2022 17:27:33.844 DEBUG GetModuleFileNameEx failed for processId:  2144 0 
04-04-2022 17:27:37.337 DEBUG GetModuleFileNameEx failed for processId:  2144 0 
04-04-2022 17:27:39.347 DEBUG GetModuleFileNameEx failed for processId:  2144 0 
04-04-2022 17:27:42.337 DEBUG GetModuleFileNameEx failed for processId:  2144 0 
04-04-2022 17:27:44.842 DEBUG GetModuleFileNameEx failed for processId:  2144 0 
04-04-2022 17:27:47.344 DEBUG GetModuleFileNameEx failed for processId:  2144 0 
04-04-2022 17:27:50.347 DEBUG GetModuleFileNameEx failed for processId:  2144 0 
04-04-2022 17:27:52.345 DEBUG GetModuleFileNameEx failed for processId:  2144 0 
04-04-2022 17:27:55.358 DEBUG GetModuleFileNameEx failed for processId:  2144 0 
04-04-2022 17:27:57.363 DEBUG GetModuleFileNameEx failed for processId:  2144 0 
04-04-2022 17:28:00.361 DEBUG GetModuleFileNameEx failed for processId:  2144 0 
04-04-2022 17:28:02.855 DEBUG GetModuleFileNameEx failed for processId:  2144 0 
04-04-2022 17:28:05.372 DEBUG GetModuleFileNameEx failed for processId:  2144 0 
04-04-2022 17:28:07.865 DEBUG GetModuleFileNameEx failed for processId:  2144 0 
04-04-2022 17:28:10.876 DEBUG GetModuleFileNameEx failed for processId:  2144 0 
04-04-2022 17:28:12.888 DEBUG GetModuleFileNameEx failed for processId:  2144 0 
04-04-2022 17:28:15.910 DEBUG GetModuleFileNameEx failed for processId:  2144 0 
04-04-2022 17:28:17.921 DEBUG GetModuleFileNameEx failed for processId:  2144 0 
04-04-2022 17:28:20.940 DEBUG GetModuleFileNameEx failed for processId:  2144 0 
04-04-2022 17:28:22.940 DEBUG GetModuleFileNameEx failed for processId:  2144 0 
04-04-2022 17:28:26.426 DEBUG GetModuleFileNameEx failed for processId:  2144 0 
04-04-2022 17:28:28.439 DEBUG GetModuleFileNameEx failed for processId:  2144 0 
04-04-2022 17:28:31.442 DEBUG GetModuleFileNameEx failed for processId:  2144 0 
04-04-2022 17:28:33.450 DEBUG GetModuleFileNameEx failed for processId:  2144 0 
04-04-2022 17:28:36.456 DEBUG GetModuleFileNameEx failed for processId:  2144 0 
04-04-2022 17:28:38.452 DEBUG GetModuleFileNameEx failed for processId:  2144 0 
04-04-2022 17:28:41.465 DEBUG GetModuleFileNameEx failed for processId:  2144 0 
04-04-2022 17:28:43.465 DEBUG GetModuleFileNameEx failed for processId:  2144 0 
04-04-2022 17:28:46.467 DEBUG GetModuleFileNameEx failed for processId:  2144 0 
04-04-2022 17:28:48.478 DEBUG GetModuleFileNameEx failed for processId:  2144 0 
04-04-2022 17:28:51.389  WARN void __thiscall ClientCommunication::checkHTTPError(class QString) Error:  "Bad reply from server: empty" 
04-04-2022 17:28:51.389 DEBUG Successfully uploaded the keycombination apps heatmap. 
04-04-2022 17:28:51.478 DEBUG GetModuleFileNameEx failed for processId:  2144 0 
04-04-2022 17:28:53.484 DEBUG GetModuleFileNameEx failed for processId:  2144 0 
04-04-2022 17:28:56.487 DEBUG GetModuleFileNameEx failed for processId:  2144 0 
04-04-2022 17:28:58.503 DEBUG GetModuleFileNameEx failed for processId:  2144 0 
04-04-2022 17:29:01.503 DEBUG GetModuleFileNameEx failed for processId:  2144 0 
04-04-2022 17:29:03.994 DEBUG GetModuleFileNameEx failed for processId:  2144 0 
04-04-2022 17:29:05.590 DEBUG Shutting down client, we've had enough! 
04-04-2022 17:29:05.595 DEBUG Terminating watchdog.. 
04-04-2022 17:29:05.595 DEBUG enableInputHook:  false 
04-04-2022 17:29:05.595 DEBUG LowLevelHookHandler stopping 
04-04-2022 17:29:05.604 DEBUG Stopping CommonSystem! 
05-04-2022 15:13:23.847  INFO "Starting WhatPulse 3.6..." 
05-04-2022 15:13:23.863 DEBUG Creating db connection with name:  "wp-db-connection" 
05-04-2022 15:13:23.863 DEBUG Database file:  "C:/Users/Användaren/AppData/Local/WhatPulse/whatpulse.db" 
05-04-2022 15:13:24.616 DEBUG Database check:  "ok" 
05-04-2022 15:13:24.616 DEBUG Opened database in:  753 ms 
05-04-2022 15:13:24.616 DEBUG Database size:  13 MB 
05-04-2022 15:13:24.647 DEBUG Language changed to "English"  via file:  ":/languages/whatpulse_en.qm" 
05-04-2022 15:13:24.647 DEBUG Not running WhatPulse as Administrator! :-( 
05-04-2022 15:13:24.647 DEBUG Elevating client to Administrator rights! 
05-04-2022 15:13:38.560 DEBUG Shutting down client, we've had enough! 
05-04-2022 15:13:38.576 DEBUG Unable to stop watchdog: process not found. 
05-04-2022 15:13:38.592  INFO "Starting WhatPulse 3.6..." 
05-04-2022 15:13:43.623 DEBUG Creating db connection with name:  "wp-db-connection" 
05-04-2022 15:13:43.623 DEBUG Database file:  "C:/Users/Användaren/AppData/Local/WhatPulse/whatpulse.db" 
05-04-2022 15:13:43.655 DEBUG Database check:  "ok" 
05-04-2022 15:13:43.655 DEBUG Opened database in:  32 ms 
05-04-2022 15:13:43.670 DEBUG Database size:  13 MB 
05-04-2022 15:13:43.686 DEBUG Language changed to "English"  via file:  ":/languages/whatpulse_en.qm" 
05-04-2022 15:13:43.686 DEBUG Running WhatPulse as Administrator! :-) 
05-04-2022 15:13:43.686 DEBUG Encrypted file:  "C:/Users/Användaren/AppData/Local/WhatPulse/whatpulse.wpw" 
05-04-2022 15:13:43.842 DEBUG Loaded application aliases 
05-04-2022 15:13:43.858  WARN libcap not available: 
05-04-2022 15:13:43.858 DEBUG Detected that WinPcap is not available and falling back to Windows APIs! No unpulsed online data this way! :( 
05-04-2022 15:13:44.389 DEBUG Opening GeoIP database:  "C:/Users/Användaren/AppData/Local/WhatPulse/GeoIP.dat" 
05-04-2022 15:13:44.826 DEBUG WhatPulse  3.6  has started 
05-04-2022 15:13:44.998  WARN Unable to find videocard in our database with vendor  "10DE" , device  "13BA"  and subsys  "109710DE" 
05-04-2022 15:13:45.202 DEBUG Found language option for "Swedish" in file:  "sv.qm" 
05-04-2022 15:13:45.202 DEBUG Found language option for "Slovak" in file:  "sk.qm" 
05-04-2022 15:13:45.202 DEBUG Found language option for "French" in file:  "fr.qm" 
05-04-2022 15:13:45.202 DEBUG Found language option for "German" in file:  "de.qm" 
05-04-2022 15:13:45.202 DEBUG Found language option for "English" in file:  "en.qm" 
05-04-2022 15:13:45.202 DEBUG Found language option for "Dutch" in file:  "nl.qm" 
05-04-2022 15:13:46.811 DEBUG Starting timers and collector.. 
05-04-2022 15:13:46.827 DEBUG Started watchdog. 
05-04-2022 15:13:46.874 DEBUG enableInputHook:  true 
05-04-2022 15:13:46.874 DEBUG LowLevelHookHandler starting 
05-04-2022 15:13:46.874 DEBUG Enabling lowlevel input hooks 
05-04-2022 15:13:46.889 DEBUG Network-ports.csv: Unknown protocol ( "DCCP" ) found on line "4677" , ignoring it. 
05-04-2022 15:13:46.889 DEBUG Read file 'network-ports.csv' for port (TCP/UDP) translations. Read 5756 lines, added 5586 tcp and 5453 udp records. 
05-04-2022 15:13:47.092 DEBUG Creating db connection with name:  "wp-db-connection-0x1940" 
05-04-2022 15:13:47.092 DEBUG Database file:  "C:/Users/Användaren/AppData/Local/WhatPulse/whatpulse.db" 
05-04-2022 15:13:47.108 DEBUG Database check:  "ok" 
05-04-2022 15:13:47.124 DEBUG Opened database in:  32 ms 
05-04-2022 15:13:47.124 DEBUG Database size:  13 MB 
05-04-2022 15:13:52.453 DEBUG GetModuleFileNameEx failed for processId:  2144 0 
05-04-2022 15:13:59.547 DEBUG Creating db connection with name:  "wp-db-connection-0x1488" 
05-04-2022 15:13:59.547 DEBUG Database file:  "C:/Users/Användaren/AppData/Local/WhatPulse/whatpulse.db" 
05-04-2022 15:13:59.579 DEBUG Database check:  "ok" 
05-04-2022 15:13:59.610 DEBUG Opened database in:  63 ms 
05-04-2022 15:13:59.610 DEBUG Database size:  13 MB 
05-04-2022 15:13:59.954 DEBUG GetModuleFileNameEx failed for processId:  2144 0 
05-04-2022 15:14:04.954 DEBUG GetModuleFileNameEx failed for processId:  2144 0 
05-04-2022 15:14:36.581 DEBUG GetModuleFileNameEx failed for processId:  2144 0 
05-04-2022 15:14:41.963 DEBUG GetModuleFileNameEx failed for processId:  2144 0 
05-04-2022 15:14:46.963 DEBUG GetModuleFileNameEx failed for processId:  2144 0 
05-04-2022 15:14:51.963 DEBUG GetModuleFileNameEx failed for processId:  2144 0 
05-04-2022 15:14:56.964 DEBUG GetModuleFileNameEx failed for processId:  2144 0 
05-04-2022 15:15:01.964 DEBUG GetModuleFileNameEx failed for processId:  2144 0 
05-04-2022 15:15:06.964 DEBUG GetModuleFileNameEx failed for processId:  2144 0 
05-04-2022 15:15:11.965 DEBUG GetModuleFileNameEx failed for processId:  2144 0 
05-04-2022 15:15:17.455 DEBUG GetModuleFileNameEx failed for processId:  2144 0 
05-04-2022 15:15:22.455 DEBUG GetModuleFileNameEx failed for processId:  2144 0 
05-04-2022 15:15:27.456 DEBUG GetModuleFileNameEx failed for processId:  2144 0 
05-04-2022 15:15:32.456 DEBUG GetModuleFileNameEx failed for processId:  2144 0 
05-04-2022 15:15:37.456 DEBUG GetModuleFileNameEx failed for processId:  2144 0 
05-04-2022 15:15:42.457 DEBUG GetModuleFileNameEx failed for processId:  2144 0 
05-04-2022 15:15:47.457 DEBUG GetModuleFileNameEx failed for processId:  2144 0 
05-04-2022 15:15:52.457 DEBUG GetModuleFileNameEx failed for processId:  2144 0 
05-04-2022 15:15:57.457 DEBUG GetModuleFileNameEx failed for processId:  2144 0 
05-04-2022 15:16:02.458 DEBUG GetModuleFileNameEx failed for processId:  2144 0 
05-04-2022 15:16:07.458 DEBUG GetModuleFileNameEx failed for processId:  2144 0 
05-04-2022 15:16:12.459 DEBUG GetModuleFileNameEx failed for processId:  2144 0 
05-04-2022 15:16:17.459 DEBUG GetModuleFileNameEx failed for processId:  2144 0 
05-04-2022 15:16:22.466 DEBUG GetModuleFileNameEx failed for processId:  2144 0 
05-04-2022 15:16:27.466 DEBUG GetModuleFileNameEx failed for processId:  2144 0 
05-04-2022 15:16:32.466 DEBUG GetModuleFileNameEx failed for processId:  2144 0 
05-04-2022 15:16:37.467 DEBUG GetModuleFileNameEx failed for processId:  2144 0 
05-04-2022 15:16:42.467 DEBUG GetModuleFileNameEx failed for processId:  2144 0 
05-04-2022 15:16:47.467 DEBUG GetModuleFileNameEx failed for processId:  2144 0 
05-04-2022 15:16:52.468 DEBUG GetModuleFileNameEx failed for processId:  2144 0 
05-04-2022 15:16:57.468 DEBUG GetModuleFileNameEx failed for processId:  2144 0 
05-04-2022 15:17:02.468 DEBUG GetModuleFileNameEx failed for processId:  2144 0 
05-04-2022 15:17:07.469 DEBUG GetModuleFileNameEx failed for processId:  2144 0 
05-04-2022 15:17:12.469 DEBUG GetModuleFileNameEx failed for processId:  2144 0 
05-04-2022 15:17:17.548 DEBUG GetModuleFileNameEx failed for processId:  2144 0 
05-04-2022 15:17:22.579 DEBUG GetModuleFileNameEx failed for processId:  2144 0 
05-04-2022 15:17:27.579 DEBUG GetModuleFileNameEx failed for processId:  2144 0 
05-04-2022 15:17:32.580 DEBUG GetModuleFileNameEx failed for processId:  2144 0 
05-04-2022 15:17:37.580 DEBUG GetModuleFileNameEx failed for processId:  2144 0 
05-04-2022 15:17:42.580 DEBUG GetModuleFileNameEx failed for processId:  2144 0 
05-04-2022 15:17:47.581 DEBUG GetModuleFileNameEx failed for processId:  2144 0 
05-04-2022 15:17:52.581 DEBUG GetModuleFileNameEx failed for processId:  2144 0 
05-04-2022 15:17:57.581 DEBUG GetModuleFileNameEx failed for processId:  2144 0 
05-04-2022 15:18:02.582 DEBUG GetModuleFileNameEx failed for processId:  2144 0 
05-04-2022 15:18:07.591 DEBUG GetModuleFileNameEx failed for processId:  2144 0 
05-04-2022 15:18:13.082 DEBUG GetModuleFileNameEx failed for processId:  2144 0 
05-04-2022 15:18:18.083 DEBUG GetModuleFileNameEx failed for processId:  2144 0 
05-04-2022 15:18:23.582 DEBUG GetModuleFileNameEx failed for processId:  2144 0 
05-04-2022 15:18:28.639 DEBUG GetModuleFileNameEx failed for processId:  2144 0 
05-04-2022 15:18:34.137 DEBUG GetModuleFileNameEx failed for processId:  2144 0 
05-04-2022 15:18:39.641 DEBUG GetModuleFileNameEx failed for processId:  2144 0 
05-04-2022 15:18:45.141 DEBUG GetModuleFileNameEx failed for processId:  2144 0 
05-04-2022 15:18:50.164 DEBUG GetModuleFileNameEx failed for processId:  2144 0 
05-04-2022 15:18:55.184 DEBUG GetModuleFileNameEx failed for processId:  2144 0 
05-04-2022 15:19:00.685 DEBUG GetModuleFileNameEx failed for processId:  2144 0 
05-04-2022 15:19:05.720 DEBUG GetModuleFileNameEx failed for processId:  2144 0 
05-04-2022 15:19:11.206 DEBUG GetModuleFileNameEx failed for processId:  2144 0 
05-04-2022 15:19:16.716 DEBUG GetModuleFileNameEx failed for processId:  2144 0 
05-04-2022 15:19:22.216 DEBUG GetModuleFileNameEx failed for processId:  2144 0 
05-04-2022 15:19:27.712 DEBUG GetModuleFileNameEx failed for processId:  2144 0 
05-04-2022 15:19:33.207 DEBUG GetModuleFileNameEx failed for processId:  2144 0 
05-04-2022 15:19:38.214 DEBUG GetModuleFileNameEx failed for processId:  2144 0 
05-04-2022 15:19:43.251 DEBUG GetModuleFileNameEx failed for processId:  2144 0 
05-04-2022 15:19:48.363 DEBUG GetModuleFileNameEx failed for processId:  2144 0 
05-04-2022 15:19:53.380 DEBUG GetModuleFileNameEx failed for processId:  2144 0 
05-04-2022 15:19:58.415 DEBUG GetModuleFileNameEx failed for processId:  2144 0 
05-04-2022 15:20:03.448 DEBUG GetModuleFileNameEx failed for processId:  2144 0 
05-04-2022 15:20:08.448 DEBUG GetModuleFileNameEx failed for processId:  2144 0 
05-04-2022 15:20:13.484 DEBUG GetModuleFileNameEx failed for processId:  2144 0 
05-04-2022 15:20:18.484 DEBUG GetModuleFileNameEx failed for processId:  2144 0 
05-04-2022 15:20:23.484 DEBUG GetModuleFileNameEx failed for processId:  2144 0 
05-04-2022 15:20:28.508 DEBUG GetModuleFileNameEx failed for processId:  2144 0 
05-04-2022 15:20:33.548 DEBUG GetModuleFileNameEx failed for processId:  2144 0 
05-04-2022 15:20:38.563 DEBUG GetModuleFileNameEx failed for processId:  2144 0 
05-04-2022 15:20:43.575 DEBUG GetModuleFileNameEx failed for processId:  2144 0 
05-04-2022 15:20:49.053 DEBUG GetModuleFileNameEx failed for processId:  2144 0 
05-04-2022 15:20:54.575 DEBUG GetModuleFileNameEx failed for processId:  2144 0 
05-04-2022 15:20:59.588 DEBUG GetModuleFileNameEx failed for processId:  2144 0 
05-04-2022 15:21:04.589 DEBUG GetModuleFileNameEx failed for processId:  2144 0 
05-04-2022 15:21:10.085 DEBUG GetModuleFileNameEx failed for processId:  2144 0 
05-04-2022 15:21:15.133 DEBUG GetModuleFileNameEx failed for processId:  2144 0 
05-04-2022 15:21:20.138 DEBUG GetModuleFileNameEx failed for processId:  2144 0 
05-04-2022 15:21:25.141 DEBUG GetModuleFileNameEx failed for processId:  2144 0 
05-04-2022 15:21:30.201 DEBUG GetModuleFileNameEx failed for processId:  2144 0 
05-04-2022 15:21:35.220 DEBUG GetModuleFileNameEx failed for processId:  2144 0 
05-04-2022 15:21:40.712 DEBUG GetModuleFileNameEx failed for processId:  2144 0 
05-04-2022 15:21:45.752 DEBUG GetModuleFileNameEx failed for processId:  2144 0 
05-04-2022 15:21:50.754 DEBUG GetModuleFileNameEx failed for processId:  2144 0 
05-04-2022 15:21:55.760 DEBUG GetModuleFileNameEx failed for processId:  2144 0 
05-04-2022 15:22:01.270 DEBUG GetModuleFileNameEx failed for processId:  2144 0 
05-04-2022 15:22:06.333 DEBUG GetModuleFileNameEx failed for processId:  2144 0 
05-04-2022 15:22:11.333 DEBUG GetModuleFileNameEx failed for processId:  2144 0 
05-04-2022 15:22:16.333 DEBUG GetModuleFileNameEx failed for processId:  2144 0 
05-04-2022 15:22:21.832 DEBUG GetModuleFileNameEx failed for processId:  2144 0 
05-04-2022 15:22:26.832 DEBUG GetModuleFileNameEx failed for processId:  2144 0 
05-04-2022 15:22:31.833 DEBUG GetModuleFileNameEx failed for processId:  2144 0 
05-04-2022 15:22:36.833 DEBUG GetModuleFileNameEx failed for processId:  2144 0 
05-04-2022 15:22:41.833 DEBUG GetModuleFileNameEx failed for processId:  2144 0 
05-04-2022 15:22:47.332 DEBUG GetModuleFileNameEx failed for processId:  2144 0 
05-04-2022 15:22:52.332 DEBUG GetModuleFileNameEx failed for processId:  2144 0 
05-04-2022 15:22:57.332 DEBUG GetModuleFileNameEx failed for processId:  2144 0 
05-04-2022 15:23:02.333 DEBUG GetModuleFileNameEx failed for processId:  2144 0 
05-04-2022 15:23:07.848 DEBUG GetModuleFileNameEx failed for processId:  2144 0 
05-04-2022 15:23:12.848 DEBUG GetModuleFileNameEx failed for processId:  2144 0 
05-04-2022 15:23:17.873 DEBUG GetModuleFileNameEx failed for processId:  2144 0 
05-04-2022 15:23:22.892 DEBUG GetModuleFileNameEx failed for processId:  2144 0 
05-04-2022 15:23:27.892 DEBUG GetModuleFileNameEx failed for processId:  2144 0 
05-04-2022 15:23:32.966 DEBUG GetModuleFileNameEx failed for processId:  2144 0 
05-04-2022 15:23:38.054 DEBUG GetModuleFileNameEx failed for processId:  2144 0 
05-04-2022 15:23:43.089 DEBUG GetModuleFileNameEx failed for processId:  2144 0 
05-04-2022 15:23:48.584 DEBUG GetModuleFileNameEx failed for processId:  2144 0 
05-04-2022 15:23:53.655 DEBUG GetModuleFileNameEx failed for processId:  2144 0 
05-04-2022 15:23:58.673 DEBUG GetModuleFileNameEx failed for processId:  2144 0 
05-04-2022 15:24:03.705 DEBUG GetModuleFileNameEx failed for processId:  2144 0 
05-04-2022 15:24:08.714 DEBUG GetModuleFileNameEx failed for processId:  2144 0 
05-04-2022 15:24:13.717 DEBUG GetModuleFileNameEx failed for processId:  2144 0 
05-04-2022 15:24:18.718 DEBUG GetModuleFileNameEx failed for processId:  2144 0 
05-04-2022 15:24:23.752 DEBUG GetModuleFileNameEx failed for processId:  2144 0 
05-04-2022 15:24:28.772 DEBUG GetModuleFileNameEx failed for processId:  2144 0 
05-04-2022 15:24:33.809 DEBUG GetModuleFileNameEx failed for processId:  2144 0 
05-04-2022 15:24:39.298 DEBUG GetModuleFileNameEx failed for processId:  2144 0 
05-04-2022 15:24:44.304 DEBUG GetModuleFileNameEx failed for processId:  2144 0 
05-04-2022 15:24:49.308 DEBUG GetModuleFileNameEx failed for processId:  2144 0 
05-04-2022 15:24:54.782 DEBUG GetModuleFileNameEx failed for processId:  2144 0 
05-04-2022 15:24:59.804 DEBUG GetModuleFileNameEx failed for processId:  2144 0 
05-04-2022 15:25:04.808 DEBUG GetModuleFileNameEx failed for processId:  2144 0 
05-04-2022 15:25:09.835 DEBUG GetModuleFileNameEx failed for processId:  2144 0 
05-04-2022 15:25:14.878 DEBUG GetModuleFileNameEx failed for processId:  2144 0 
05-04-2022 15:25:19.888 DEBUG GetModuleFileNameEx failed for processId:  2144 0 
05-04-2022 15:25:25.380 DEBUG GetModuleFileNameEx failed for processId:  2144 0 
05-04-2022 15:25:30.384 DEBUG GetModuleFileNameEx failed for processId:  2144 0 
05-04-2022 15:25:35.388 DEBUG GetModuleFileNameEx failed for processId:  2144 0 
05-04-2022 15:25:40.884 DEBUG GetModuleFileNameEx failed for processId:  2144 0 
05-04-2022 15:25:45.887 DEBUG GetModuleFileNameEx failed for processId:  2144 0 
05-04-2022 15:25:50.887 DEBUG GetModuleFileNameEx failed for processId:  2144 0 
05-04-2022 15:25:55.888 DEBUG GetModuleFileNameEx failed for processId:  2144 0 
05-04-2022 15:26:00.937 DEBUG GetModuleFileNameEx failed for processId:  2144 0 
05-04-2022 15:26:05.959 DEBUG GetModuleFileNameEx failed for processId:  2144 0 
05-04-2022 15:26:11.018 DEBUG GetModuleFileNameEx failed for processId:  2144 0 
05-04-2022 15:26:16.017 DEBUG GetModuleFileNameEx failed for processId:  2144 0 
05-04-2022 15:26:21.053 DEBUG GetModuleFileNameEx failed for processId:  2144 0 
05-04-2022 15:26:26.063 DEBUG GetModuleFileNameEx failed for processId:  2144 0 
05-04-2022 15:26:31.549 DEBUG GetModuleFileNameEx failed for processId:  2144 0 
05-04-2022 15:26:36.555 DEBUG GetModuleFileNameEx failed for processId:  2144 0 
05-04-2022 15:26:41.557 DEBUG GetModuleFileNameEx failed for processId:  2144 0 
05-04-2022 15:26:46.557 DEBUG GetModuleFileNameEx failed for processId:  2144 0 
05-04-2022 15:26:51.560 DEBUG GetModuleFileNameEx failed for processId:  2144 0 
05-04-2022 15:26:56.593 DEBUG GetModuleFileNameEx failed for processId:  2144 0 
05-04-2022 15:27:02.085 DEBUG GetModuleFileNameEx failed for processId:  2144 0 
05-04-2022 15:27:07.581 DEBUG GetModuleFileNameEx failed for processId:  2144 0 
05-04-2022 15:27:12.603 DEBUG GetModuleFileNameEx failed for processId:  2144 0 
05-04-2022 15:27:17.630 DEBUG GetModuleFileNameEx failed for processId:  2144 0 
05-04-2022 15:27:22.633 DEBUG GetModuleFileNameEx failed for processId:  2144 0 
05-04-2022 15:27:27.682 DEBUG GetModuleFileNameEx failed for processId:  2144 0 
05-04-2022 15:27:33.190 DEBUG GetModuleFileNameEx failed for processId:  2144 0 
05-04-2022 15:27:38.187 DEBUG GetModuleFileNameEx failed for processId:  2144 0 
05-04-2022 15:27:43.218 DEBUG GetModuleFileNameEx failed for processId:  2144 0 
05-04-2022 15:27:47.141  WARN void __thiscall ClientCommunication::checkHTTPError(class QString) Error:  "Bad reply from server: empty" 
05-04-2022 15:27:47.141 DEBUG Successfully uploaded the keyboard heatmap. 
05-04-2022 15:27:47.288  WARN void __thiscall ClientCommunication::checkHTTPError(class QString) Error:  "Bad reply from server: empty" 
05-04-2022 15:27:47.288 DEBUG Successfully uploaded the button heatmap. 
05-04-2022 15:27:47.379  WARN void __thiscall ClientCommunication::checkHTTPError(class QString) Error:  "Bad reply from server: empty" 
05-04-2022 15:27:47.379 DEBUG Successfully uploaded the button apps heatmap. 
05-04-2022 15:27:48.220 DEBUG GetModuleFileNameEx failed for processId:  2144 0 
05-04-2022 15:27:53.248 DEBUG GetModuleFileNameEx failed for processId:  2144 0 
05-04-2022 15:27:58.750 DEBUG GetModuleFileNameEx failed for processId:  2144 0 
05-04-2022 15:28:01.084 DEBUG Shutting down client, we've had enough! 
05-04-2022 15:28:01.084 DEBUG Terminating watchdog.. 
05-04-2022 15:28:01.084 DEBUG enableInputHook:  false 
05-04-2022 15:28:01.084 DEBUG LowLevelHookHandler stopping 
05-04-2022 15:28:01.100 DEBUG Stopping CommonSystem! 
07-04-2022 18:28:52.850  INFO "Starting WhatPulse 3.6..." 
07-04-2022 18:28:53.014 DEBUG Creating db connection with name:  "wp-db-connection" 
07-04-2022 18:28:53.014 DEBUG Database file:  "C:/Users/Användaren/AppData/Local/WhatPulse/whatpulse.db" 
07-04-2022 18:28:55.291 DEBUG Database check:  "ok" 
07-04-2022 18:28:55.291 DEBUG Opened database in:  2277 ms 
07-04-2022 18:28:55.291 DEBUG Database size:  13 MB 
07-04-2022 18:28:55.320 DEBUG Language changed to "English"  via file:  ":/languages/whatpulse_en.qm" 
07-04-2022 18:28:55.321 DEBUG Not running WhatPulse as Administrator! :-( 
07-04-2022 18:28:55.321 DEBUG Elevating client to Administrator rights! 
07-04-2022 18:28:56.500 DEBUG Shutting down client, we've had enough! 
07-04-2022 18:28:56.525 DEBUG Unable to stop watchdog: proce07-04-2022 18:29:01.537 DEBUG Creating db connection with name:  "wp-db-connection" 
07-04-2022 18:29:01.537 DEBUG Database file:  "C:/Users/Användaren/AppData/Local/WhatPulse/whatpulse.db" 
07-04-2022 18:29:01.568 DEBUG Database check:  "ok" 
07-04-2022 18:29:01.568 DEBUG Opened database in:  31 ms 
07-04-2022 18:29:01.568 DEBUG Database size:  13 MB 
07-04-2022 18:29:01.583 DEBUG Language changed to "English"  via file:  ":/languages/whatpulse_en.qm" 
07-04-2022 18:29:01.583 DEBUG Running WhatPulse as Administrator! :-) 
07-04-2022 18:29:01.583 DEBUG Encrypted file:  "C:/Users/Användaren/AppData/Local/WhatPulse/whatpulse.wpw" 
07-04-2022 18:29:01.677 DEBUG Loaded application aliases 
07-04-2022 18:29:01.693  WARN libcap not available: 
07-04-2022 18:29:01.693 DEBUG Detected that WinPcap is not available and falling back to Windows APIs! No unpulsed online data this way! :( 
07-04-2022 18:29:02.130 DEBUG Opening GeoIP database:  "C:/Users/Användaren/AppData/Local/WhatPulse/GeoIP.dat" 
07-04-2022 18:29:02.599 DEBUG WhatPulse  3.6  has started 
07-04-2022 18:29:02.966  WARN Unable to find videocard in our database with vendor  "10DE" , device  "13BA"  and subsys  "109710DE" 
07-04-2022 18:29:03.153 DEBUG Found language option for "Swedish" in file:  "sv.qm" 
07-04-2022 18:29:03.153 DEBUG Found language option for "Slovak" in file:  "sk.qm" 
07-04-2022 18:29:03.153 DEBUG Found language option for "French" in file:  "fr.qm" 
07-04-2022 18:29:03.153 DEBUG Found language option for "German" in file:  "de.qm" 
07-04-2022 18:29:03.153 DEBUG Found language option for "English" in file:  "en.qm" 
07-04-2022 18:29:03.153 DEBUG Found language option for "Dutch" in file:  "nl.qm" 
07-04-2022 18:29:04.584 DEBUG Starting timers and collector.. 
07-04-2022 18:29:04.584 DEBUG Started watchdog. 
07-04-2022 18:29:04.600 DEBUG enableInputHook:  true 
07-04-2022 18:29:04.600 DEBUG LowLevelHookHandler starting 
07-04-2022 18:29:04.600 DEBUG Enabling lowlevel input hooks 
07-04-2022 18:29:04.616 DEBUG Network-ports.csv: Unknown protocol ( "DCCP" ) found on line "4677" , ignoring it. 
07-04-2022 18:29:04.616 DEBUG Read file 'network-ports.csv' for port (TCP/UDP) translations. Read 5756 lines, added 5586 tcp and 5453 udp records. 
07-04-2022 18:29:05.069 DEBUG Creating db connection with name:  "wp-db-connection-0x2948" 
07-04-2022 18:29:05.069 DEBUG Database file:  "C:/Users/Användaren/AppData/Local/WhatPulse/whatpulse.db" 
07-04-2022 18:29:05.100 DEBUG Database check:  "ok" 
07-04-2022 18:29:05.131 DEBUG Opened database in:  62 ms 
07-04-2022 18:29:05.131 DEBUG Database size:  13 MB 
07-04-2022 18:29:10.100 DEBUG GetModuleFileNameEx failed for processId:  2148 0 
07-04-2022 18:29:15.108 DEBUG GetModuleFileNameEx failed for processId:  2148 0 
07-04-2022 18:29:20.595 DEBUG GetModuleFileNameEx failed for processId:  2148 0 
07-04-2022 18:29:25.609 DEBUG GetModuleFileNameEx failed for processId:  2148 0 
07-04-2022 18:29:30.638 DEBUG GetModuleFileNameEx failed for processId:  2148 0 
07-04-2022 18:29:35.702 DEBUG GetModuleFileNameEx failed for processId:  2148 0 
07-04-2022 18:29:40.719 DEBUG GetModuleFileNameEx failed for processId:  2148 0 
07-04-2022 18:29:46.203 DEBUG GetModuleFileNameEx failed for processId:  2148 0 
07-04-2022 18:29:51.207 DEBUG GetModuleFileNameEx failed for processId:  2148 0 
07-04-2022 18:29:56.216 DEBUG GetModuleFileNameEx failed for processId:  2148 0 
07-04-2022 18:30:01.330 DEBUG GetModuleFileNameEx failed for processId:  2148 0 
07-04-2022 18:30:06.706 DEBUG GetModuleFileNameEx failed for processId:  2148 0 
07-04-2022 18:30:11.706 DEBUG GetModuleFileNameEx failed for processId:  2148 0 
07-04-2022 18:30:16.707 DEBUG GetModuleFileNameEx failed for processId:  2148 0 
07-04-2022 18:30:21.707 DEBUG GetModuleFileNameEx failed for processId:  2148 0 
07-04-2022 18:30:26.708 DEBUG GetModuleFileNameEx failed for processId:  2148 0 
07-04-2022 18:30:31.726 DEBUG GetModuleFileNameEx failed for processId:  2148 0 
07-04-2022 18:30:36.771 DEBUG GetModuleFileNameEx failed for processId:  2148 0 
07-04-2022 18:30:41.823 DEBUG GetModuleFileNameEx failed for processId:  2148 0 
07-04-2022 18:30:46.852 DEBUG GetModuleFileNameEx failed for processId:  2148 0 
07-04-2022 18:30:51.854 DEBUG GetModuleFileNameEx failed for processId:  2148 0 
07-04-2022 18:30:56.879 DEBUG GetModuleFileNameEx failed for processId:  2148 0 
07-04-2022 18:31:01.961 DEBUG GetModuleFileNameEx failed for processId:  2148 0 
07-04-2022 18:31:07.009 DEBUG GetModuleFileNameEx failed for processId:  2148 0 
07-04-2022 18:31:12.038 DEBUG GetModuleFileNameEx failed for processId:  2148 0 
07-04-2022 18:31:17.125 DEBUG GetModuleFileNameEx failed for processId:  2148 0 
07-04-2022 18:31:22.126 DEBUG GetModuleFileNameEx failed for processId:  2148 0 
07-04-2022 18:31:27.196 DEBUG GetModuleFileNameEx failed for processId:  2148 0 
07-04-2022 18:31:32.234 DEBUG GetModuleFileNameEx failed for processId:  2148 0 
07-04-2022 18:31:37.280 DEBUG GetModuleFileNameEx failed for processId:  2148 0 
07-04-2022 18:31:42.334 DEBUG GetModuleFileNameEx failed for processId:  2148 0 
07-04-2022 18:31:47.833 DEBUG GetModuleFileNameEx failed for processId:  2148 0 
07-04-2022 18:31:52.839 DEBUG GetModuleFileNameEx failed for processId:  2148 0 
07-04-2022 18:31:57.880 DEBUG GetModuleFileNameEx failed for processId:  2148 0 
07-04-2022 18:32:02.961 DEBUG GetModuleFileNameEx failed for processId:  2148 0 
07-04-2022 18:32:08.007 DEBUG GetModuleFileNameEx failed for processId:  2148 0 
07-04-2022 18:32:13.085 DEBUG GetModuleFileNameEx failed for processId:  2148 0 
07-04-2022 18:32:18.582 DEBUG GetModuleFileNameEx failed for processId:  2148 0 
07-04-2022 18:32:24.081 DEBUG GetModuleFileNameEx failed for processId:  2148 0 
07-04-2022 18:32:29.094 DEBUG GetModuleFileNameEx failed for processId:  2148 0 
07-04-2022 18:32:34.127 DEBUG GetModuleFileNameEx failed for processId:  2148 0 
07-04-2022 18:32:39.180 DEBUG GetModuleFileNameEx failed for processId:  2148 0 
07-04-2022 18:32:44.207 DEBUG GetModuleFileNameEx failed for processId:  2148 0 
07-04-2022 18:32:49.272 DEBUG GetModuleFileNameEx failed for processId:  2148 0 
07-04-2022 18:32:54.314 DEBUG GetModuleFileNameEx failed for processId:  2148 0 
07-04-2022 18:32:59.360 DEBUG GetModuleFileNameEx failed for processId:  2148 0 
07-04-2022 18:33:04.428 DEBUG GetModuleFileNameEx failed for processId:  2148 0 
07-04-2022 18:33:09.461 DEBUG GetModuleFileNameEx failed for processId:  2148 0 
07-04-2022 18:33:14.472 DEBUG GetModuleFileNameEx failed for processId:  2148 0 
07-04-2022 18:33:19.566 DEBUG GetModuleFileNameEx failed for processId:  2148 0 
07-04-2022 18:33:24.583 DEBUG GetModuleFileNameEx failed for processId:  2148 0 
07-04-2022 18:33:29.596 DEBUG GetModuleFileNameEx failed for processId:  2148 0 
07-04-2022 18:33:34.596 DEBUG GetModuleFileNameEx failed for processId:  2148 0 
07-04-2022 18:33:39.602 DEBUG GetModuleFileNameEx failed for processId:  2148 0 
07-04-2022 18:33:45.098 DEBUG GetModuleFileNameEx failed for processId:  2148 0 
07-04-2022 18:33:50.100 DEBUG GetModuleFileNameEx failed for processId:  2148 0 
07-04-2022 18:33:55.132 DEBUG GetModuleFileNameEx failed for processId:  2148 0 
07-04-2022 18:34:00.630 DEBUG GetModuleFileNameEx failed for processId:  2148 0 
07-04-2022 18:34:01.636 DEBUG GetModuleFileNameEx failed for processId:  2148 0 
07-04-2022 18:34:05.642 DEBUG GetModuleFileNameEx failed for processId:  2148 0 
07-04-2022 18:34:06.661 DEBUG GetModuleFileNameEx failed for processId:  2148 0 
07-04-2022 18:34:10.660 DEBUG GetModuleFileNameEx failed for processId:  2148 0 
07-04-2022 18:34:11.672 DEBUG GetModuleFileNameEx failed for processId:  2148 0 
07-04-2022 18:34:15.671 DEBUG GetModuleFileNameEx failed for processId:  2148 0 
07-04-2022 18:34:17.163 DEBUG GetModuleFileNameEx failed for processId:  2148 0 
07-04-2022 18:34:21.167 DEBUG GetModuleFileNameEx failed for processId:  2148 0 
07-04-2022 18:34:22.673 DEBUG GetModuleFileNameEx failed for processId:  2148 0 
07-04-2022 18:34:26.671 DEBUG GetModuleFileNameEx failed for processId:  2148 0 
07-04-2022 18:34:28.163 DEBUG GetModuleFileNameEx failed for processId:  2148 0 
07-04-2022 18:34:31.677 DEBUG GetModuleFileNameEx failed for processId:  2148 0 
07-04-2022 18:34:33.175 DEBUG GetModuleFileNameEx failed for processId:  2148 0 
07-04-2022 18:34:37.183 DEBUG GetModuleFileNameEx failed for processId:  2148 0 
07-04-2022 18:34:42.186 DEBUG GetModuleFileNameEx failed for processId:  2148 0 
07-04-2022 18:34:47.188 DEBUG GetModuleFileNameEx failed for processId:  2148 0 
07-04-2022 18:34:48.683 DEBUG GetModuleFileNameEx failed for processId:  2148 0 
07-04-2022 18:34:52.678 DEBUG GetModuleFileNameEx failed for processId:  2148 0 
07-04-2022 18:34:54.178 DEBUG GetModuleFileNameEx failed for processId:  2148 0 
07-04-2022 18:34:58.181 DEBUG GetModuleFileNameEx failed for processId:  2148 0 
07-04-2022 18:34:59.191 DEBUG GetModuleFileNameEx failed for processId:  2148 0 
07-04-2022 18:35:03.213 DEBUG GetModuleFileNameEx failed for processId:  2148 0 
07-04-2022 18:35:08.708 DEBUG GetModuleFileNameEx failed for processId:  2148 0 
07-04-2022 18:35:13.708 DEBUG GetModuleFileNameEx failed for processId:  2148 0 
07-04-2022 18:35:14.715 DEBUG GetModuleFileNameEx failed for processId:  2148 0 
07-04-2022 18:35:18.717 DEBUG GetModuleFileNameEx failed for processId:  2148 0 
07-04-2022 18:35:24.214 DEBUG GetModuleFileNameEx failed for processId:  2148 0 
07-04-2022 18:35:29.718 DEBUG GetModuleFileNameEx failed for processId:  2148 0 
07-04-2022 18:35:35.217 DEBUG GetModuleFileNameEx failed for processId:  2148 0 
07-04-2022 18:35:40.262 DEBUG GetModuleFileNameEx failed for processId:  2148 0 
07-04-2022 18:35:45.757 DEBUG GetModuleFileNameEx failed for processId:  2148 0 
07-04-2022 18:35:50.828 DEBUG GetModuleFileNameEx failed for processId:  2148 0 
07-04-2022 18:35:55.877 DEBUG GetModuleFileNameEx failed for processId:  2148 0 
07-04-2022 18:36:00.891 DEBUG GetModuleFileNameEx failed for processId:  2148 0 
07-04-2022 18:36:05.922 DEBUG GetModuleFileNameEx failed for processId:  2148 0 
07-04-2022 18:36:10.937 DEBUG GetModuleFileNameEx failed for processId:  2148 0 
07-04-2022 18:36:16.426 DEBUG GetModuleFileNameEx failed for processId:  2148 0 
07-04-2022 18:36:21.434 DEBUG GetModuleFileNameEx failed for processId:  2148 0 
07-04-2022 18:36:26.435 DEBUG GetModuleFileNameEx failed for processId:  2148 0 
07-04-2022 18:36:31.938 DEBUG GetModuleFileNameEx failed for processId:  2148 0 
07-04-2022 18:36:36.954 DEBUG GetModuleFileNameEx failed for processId:  2148 0 
07-04-2022 18:36:41.958 DEBUG GetModuleFileNameEx failed for processId:  2148 0 
07-04-2022 18:36:47.009 DEBUG GetModuleFileNameEx failed for processId:  2148 0 
07-04-2022 18:36:52.038 DEBUG GetModuleFileNameEx failed for processId:  2148 0 
07-04-2022 18:36:57.064 DEBUG GetModuleFileNameEx failed for processId:  2148 0 
07-04-2022 18:37:02.555 DEBUG GetModuleFileNameEx failed for processId:  2148 0 
07-04-2022 18:37:08.063 DEBUG GetModuleFileNameEx failed for processId:  2148 0 
07-04-2022 18:37:13.562 DEBUG GetModuleFileNameEx failed for processId:  2148 0 
07-04-2022 18:37:18.594 DEBUG GetModuleFileNameEx failed for processId:  2148 0 
07-04-2022 18:37:23.596 DEBUG GetModuleFileNameEx failed for processId:  2148 0 
07-04-2022 18:37:28.683 DEBUG GetModuleFileNameEx failed for processId:  2148 0 
07-04-2022 18:37:33.687 DEBUG GetModuleFileNameEx failed for processId:  2148 0 
07-04-2022 18:37:39.185 DEBUG GetModuleFileNameEx failed for processId:  2148 0 
07-04-2022 18:37:44.683 DEBUG GetModuleFileNameEx failed for processId:  2148 0 
07-04-2022 18:37:49.683 DEBUG GetModuleFileNameEx failed for processId:  2148 0 
07-04-2022 18:37:54.714 DEBUG GetModuleFileNameEx failed for processId:  2148 0 
07-04-2022 18:38:00.211 DEBUG GetModuleFileNameEx failed for processId:  2148 0 
07-04-2022 18:38:05.715 DEBUG GetModuleFileNameEx failed for processId:  2148 0 
07-04-2022 18:38:11.214 DEBUG GetModuleFileNameEx failed for processId:  2148 0 
07-04-2022 18:38:16.720 DEBUG GetModuleFileNameEx failed for processId:  2148 0 
07-04-2022 18:38:21.718 DEBUG GetModuleFileNameEx failed for processId:  2148 0 
07-04-2022 18:38:27.209 DEBUG GetModuleFileNameEx failed for processId:  2148 0 
07-04-2022 18:38:32.280 DEBUG GetModuleFileNameEx failed for processId:  2148 0 
07-04-2022 18:38:37.313 DEBUG GetModuleFileNameEx failed for processId:  2148 0 
07-04-2022 18:38:42.339 DEBUG GetModuleFileNameEx failed for processId:  2148 0 
07-04-2022 18:38:47.356 DEBUG GetModuleFileNameEx failed for processId:  2148 0 
07-04-2022 18:38:52.382 DEBUG GetModuleFileNameEx failed for processId:  2148 0 
07-04-2022 18:38:57.884 DEBUG GetModuleFileNameEx failed for processId:  2148 0 
07-04-2022 18:39:03.398 DEBUG GetModuleFileNameEx failed for processId:  2148 0 
07-04-2022 18:39:08.436 DEBUG GetModuleFileNameEx failed for processId:  2148 0 
07-04-2022 18:39:13.485 DEBUG GetModuleFileNameEx failed for processId:  2148 0 
07-04-2022 18:39:18.516 DEBUG GetModuleFileNameEx failed for processId:  2148 0 
07-04-2022 18:39:23.519 DEBUG GetModuleFileNameEx failed for processId:  2148 0 
07-04-2022 18:39:28.584 DEBUG GetModuleFileNameEx failed for processId:  2148 0 
07-04-2022 18:39:33.632 DEBUG GetModuleFileNameEx failed for processId:  2148 0 
07-04-2022 18:39:38.637 DEBUG GetModuleFileNameEx failed for processId:  2148 0 
07-04-2022 18:39:43.640 DEBUG GetModuleFileNameEx failed for processId:  2148 0 
07-04-2022 18:39:48.714 DEBUG GetModuleFileNameEx failed for processId:  2148 0 
07-04-2022 18:39:54.220 DEBUG GetModuleFileNameEx failed for processId:  2148 0 
07-04-2022 18:39:59.220 DEBUG GetModuleFileNameEx failed for processId:  2148 0 
07-04-2022 18:40:04.708 DEBUG GetModuleFileNameEx failed for processId:  2148 0 
07-04-2022 18:40:09.715 DEBUG GetModuleFileNameEx failed for processId:  2148 0 
07-04-2022 18:40:14.726 DEBUG GetModuleFileNameEx failed for processId:  2148 0 
07-04-2022 18:40:19.754 DEBUG GetModuleFileNameEx failed for processId:  2148 0 
07-04-2022 18:40:24.753 DEBUG GetModuleFileNameEx failed for processId:  2148 0 
07-04-2022 18:40:30.253 DEBUG GetModuleFileNameEx failed for processId:  2148 0 
07-04-2022 18:40:35.289 DEBUG GetModuleFileNameEx failed for processId:  2148 0 
07-04-2022 18:40:40.337 DEBUG GetModuleFileNameEx failed for processId:  2148 0 
07-04-2022 18:40:45.337 DEBUG GetModuleFileNameEx failed for processId:  2148 0 
07-04-2022 18:40:50.375 DEBUG GetModuleFileNameEx failed for processId:  2148 0 
07-04-2022 18:40:55.392 DEBUG GetModuleFileNameEx failed for processId:  2148 0 
07-04-2022 18:41:00.434 DEBUG GetModuleFileNameEx failed for processId:  2148 0 
07-04-2022 18:41:05.928 DEBUG GetModuleFileNameEx failed for processId:  2148 0 
07-04-2022 18:41:11.427 DEBUG GetModuleFileNameEx failed for processId:  2148 0 
07-04-2022 18:41:16.427 DEBUG GetModuleFileNameEx failed for processId:  2148 0 
07-04-2022 18:41:21.427 DEBUG GetModuleFileNameEx failed for processId:  2148 0 
07-04-2022 18:41:26.427 DEBUG GetModuleFileNameEx failed for processId:  2148 0 
07-04-2022 18:41:31.427 DEBUG GetModuleFileNameEx failed for processId:  2148 0 
07-04-2022 18:41:36.427 DEBUG GetModuleFileNameEx failed for processId:  2148 0 
07-04-2022 18:41:41.427 DEBUG GetModuleFileNameEx failed for processId:  2148 0 
07-04-2022 18:41:46.428 DEBUG GetModuleFileNameEx failed for processId:  2148 0 
07-04-2022 18:41:51.927 DEBUG GetModuleFileNameEx failed for processId:  2148 0 
07-04-2022 18:41:57.430 DEBUG GetModuleFileNameEx failed for processId:  2148 0 
07-04-2022 18:42:02.929 DEBUG GetModuleFileNameEx failed for processId:  2148 0 
07-04-2022 18:42:07.959 DEBUG GetModuleFileNameEx failed for processId:  2148 0 
07-04-2022 18:42:12.983 DEBUG GetModuleFileNameEx failed for processId:  2148 0 
07-04-2022 18:42:18.015 DEBUG GetModuleFileNameEx failed for processId:  2148 0 
07-04-2022 18:42:23.516 DEBUG GetModuleFileNameEx failed for processId:  2148 0 
07-04-2022 18:42:29.011 DEBUG GetModuleFileNameEx failed for processId:  2148 0 
07-04-2022 18:42:34.517 DEBUG GetModuleFileNameEx failed for processId:  2148 0 
07-04-2022 18:42:40.014 DEBUG GetModuleFileNameEx failed for processId:  2148 0 
07-04-2022 18:42:45.505 DEBUG GetModuleFileNameEx failed for processId:  2148 0 
07-04-2022 18:42:50.507 DEBUG GetModuleFileNameEx failed for processId:  2148 0 
07-04-2022 18:42:55.553 DEBUG GetModuleFileNameEx failed for processId:  2148 0 
07-04-2022 18:43:00.562 DEBUG GetModuleFileNameEx failed for processId:  2148 0 
07-04-2022 18:43:04.902  WARN void __thiscall ClientCommunication::checkHTTPError(class QString) Error:  "Bad reply from server: empty" 
07-04-2022 18:43:04.902 DEBUG Successfully uploaded the keycombination heatmap. 
07-04-2022 18:43:06.048 DEBUG GetModuleFileNameEx failed for processId:  2148 0 
07-04-2022 18:43:11.058 DEBUG GetModuleFileNameEx failed for processId:  2148 0 
07-04-2022 18:43:16.058 DEBUG GetModuleFileNameEx failed for processId:  2148 0 
07-04-2022 18:43:18.009 DEBUG Shutting down client, we've had enough! 
07-04-2022 18:43:18.009 DEBUG Terminating watchdog.. 
07-04-2022 18:43:18.009 DEBUG enableInputHook:  false 
07-04-2022 18:43:18.009 DEBUG LowLevelHookHandler stopping 
07-04-2022 18:43:18.025 DEBUG Stopping CommonSystem! 
