2024-04-03 12:32:25.465 [i] Init done in 0.3582s, including 0.2325s (65%) for the Python interpreter.
2024-04-03 12:32:25.465 [i] Plugin loaded: Internal.About
2024-04-03 12:32:25.501 [i] Plugin loaded: Apps.CustomCmds (instance #1)
2024-04-03 12:32:25.501 [i] Plugin loaded: Apps.Desktop (instance #1)
2024-04-03 12:32:25.501 [i] Plugin loaded: Apps.EnvPath (instance #1)
2024-04-03 12:32:25.501 [i] Plugin loaded: Apps.ExtraPaths (instance #1)
2024-04-03 12:32:25.501 [i] Plugin loaded: Apps.StartMenu (instance #1)
2024-04-03 12:32:25.515 [i] Plugin loaded: Bookmarks.Bookmarks (instance #1)
2024-04-03 12:32:25.523 [i] Plugin loaded: Calc.Calc (instance #1)
2024-04-03 12:32:25.524 [i] Plugin loaded: ControlPanel.ControlPanel (instance #1)
2024-04-03 12:32:25.525 [i] Plugin loaded: Env.Env (instance #1)
2024-04-03 12:32:25.529 [i] Plugin loaded: Everything.Everything (instance #1)
2024-04-03 12:32:25.531 [i] Plugin loaded: FileBrowser.FileBrowser (instance #1)
2024-04-03 12:32:25.539 [i] Plugin loaded: FilesCatalog.FilesCatalog (instance #1)
2024-04-03 12:32:25.552 [i] Plugin loaded: FileZilla.FileZilla (instance #1)
2024-04-03 12:32:25.554 [i] Plugin loaded: GoogleTranslate.GoogleTranslate (instance #1)
2024-04-03 12:32:25.556 [i] Plugin loaded: PuTTY.PuTTY (instance #1)
2024-04-03 12:32:25.558 [i] Plugin loaded: RegBrowser.RegBrowser (instance #1)
2024-04-03 12:32:25.562 [i] Plugin loaded: String.String (instance #1)
2024-04-03 12:32:25.564 [i] Plugin loaded: TaskSwitcher.TaskSwitcher (instance #1)
2024-04-03 12:32:25.565 [i] Plugin loaded: URL.URL (instance #1)
2024-04-03 12:32:25.567 [i] Plugin loaded: WebSearch.WebSearch (instance #1)
2024-04-03 12:32:25.570 [i] Plugin loaded: WebSuggest.WebSuggest (instance #1)
2024-04-03 12:32:25.572 [i] Plugin loaded: Winamp.Winamp (instance #1)
2024-04-03 12:32:25.574 [i] Plugin loaded: WinSCP.WinSCP (instance #1)
2024-04-03 12:32:25.610 [i] Apps.Desktop: Cataloged 8 items in 0.0 seconds
2024-04-03 12:32:25.632 [i] Apps.StartMenu: Cataloged 288 items in 0.0 seconds
2024-04-03 12:32:25.716 [i] Apps.EnvPath: Cataloged 1134 items in 0.1 seconds
2024-04-03 12:32:25.735 [i] Bookmarks.Bookmarks: Referenced 1709 bookmarks
2024-04-03 12:34:41.342 [W] Error while parsing config file C:\Users\Användaren\scoop\apps\keypirinha\current\portable\Profile\User\Keypirinha.ini: <class 'configparser.MissingSectionHeaderError'>: File contains no section headers.
file: 'C:\\Users\\Anvￃﾤndaren\\scoop\\apps\\keypirinha\\current\\portable\\Profile\\User\\Keypirinha.ini', line: 1
'launch_at_startup = yes\r\n'
Traceback (most recent call last):
  File "lib\configparser.py", line 722, in read_string
  File "lib\configparser.py", line 717, in read_file
  File "lib\configparser.py", line 1079, in _read

2024-04-03 12:35:13.887 [W] Error while parsing config file C:\Users\Användaren\scoop\apps\keypirinha\current\portable\Profile\User\Keypirinha.ini: <class 'configparser.MissingSectionHeaderError'>: File contains no section headers.
file: 'C:\\Users\\Anvￃﾤndaren\\scoop\\apps\\keypirinha\\current\\portable\\Profile\\User\\Keypirinha.ini', line: 1
'launch_at_startup = yes\r\n'
Traceback (most recent call last):
  File "lib\configparser.py", line 722, in read_string
  File "lib\configparser.py", line 717, in read_file
  File "lib\configparser.py", line 1079, in _read

2024-04-03 12:35:13.891 [i] FileZilla.FileZilla: Configuration changed, rebuilding catalog...
2024-04-03 12:35:13.894 [i] WebSearch.WebSearch: Configuration changed, rebuilding catalog...
2024-04-03 12:35:13.894 [i] PuTTY.PuTTY: Configuration changed, rebuilding catalog...
2024-04-03 12:35:13.894 [i] WinSCP.WinSCP: Configuration changed, rebuilding catalog...
2024-04-03 12:35:13.975 [i] Bookmarks.Bookmarks: Referenced 1709 bookmarks
2024-04-03 12:35:38.378 [i] Application configuration has changed
2024-04-03 12:35:38.379 [W] Malformed 'Run' hotkey: ""Alt+Space""! Please reconfigure.
2024-04-03 12:36:18.528 [i] Application configuration has changed
2024-04-03 12:36:25.475 [i] PuTTY.PuTTY: Configuration changed, rebuilding catalog...
2024-04-03 12:36:25.476 [i] WebSearch.WebSearch: Configuration changed, rebuilding catalog...
2024-04-03 12:36:25.476 [i] FileZilla.FileZilla: Configuration changed, rebuilding catalog...
2024-04-03 12:36:25.476 [i] WinSCP.WinSCP: Configuration changed, rebuilding catalog...
2024-04-03 12:36:25.558 [i] Bookmarks.Bookmarks: Referenced 1709 bookmarks
2024-04-03 14:37:07.254 [i] Received end-of-session message


2024-04-07 12:56:25.223 [i] Loaded 1 item from history file.
2024-04-07 12:56:25.252 [i] Loaded 3292 items from catalog file.
2024-04-07 12:56:25.295 [i] Init done in 0.8743s, including 0.7026s (80%) for the Python interpreter.
2024-04-07 12:56:25.295 [i] Plugin loaded: Internal.About
2024-04-07 12:56:25.349 [i] Plugin loaded: Apps.CustomCmds (instance #1)
2024-04-07 12:56:25.349 [i] Plugin loaded: Apps.Desktop (instance #1)
2024-04-07 12:56:25.349 [i] Plugin loaded: Apps.EnvPath (instance #1)
2024-04-07 12:56:25.349 [i] Plugin loaded: Apps.ExtraPaths (instance #1)
2024-04-07 12:56:25.349 [i] Plugin loaded: Apps.StartMenu (instance #1)
2024-04-07 12:56:25.364 [i] Plugin loaded: Bookmarks.Bookmarks (instance #1)
2024-04-07 12:56:25.374 [i] Plugin loaded: Calc.Calc (instance #1)
2024-04-07 12:56:25.375 [i] Plugin loaded: ControlPanel.ControlPanel (instance #1)
2024-04-07 12:56:25.377 [i] Plugin loaded: Env.Env (instance #1)
2024-04-07 12:56:25.381 [i] Plugin loaded: Everything.Everything (instance #1)
2024-04-07 12:56:25.384 [i] Plugin loaded: FileBrowser.FileBrowser (instance #1)
2024-04-07 12:56:25.397 [i] Plugin loaded: FilesCatalog.FilesCatalog (instance #1)
2024-04-07 12:56:25.413 [i] Plugin loaded: FileZilla.FileZilla (instance #1)
2024-04-07 12:56:25.416 [i] Plugin loaded: GoogleTranslate.GoogleTranslate (instance #1)
2024-04-07 12:56:25.418 [i] Plugin loaded: PuTTY.PuTTY (instance #1)
2024-04-07 12:56:25.422 [i] Plugin loaded: RegBrowser.RegBrowser (instance #1)
2024-04-07 12:56:25.426 [i] Plugin loaded: String.String (instance #1)
2024-04-07 12:56:25.428 [i] Plugin loaded: TaskSwitcher.TaskSwitcher (instance #1)
2024-04-07 12:56:25.430 [i] Plugin loaded: URL.URL (instance #1)
2024-04-07 12:56:25.432 [i] Plugin loaded: WebSearch.WebSearch (instance #1)
2024-04-07 12:56:25.435 [i] Plugin loaded: WebSuggest.WebSuggest (instance #1)
2024-04-07 12:56:25.438 [i] Plugin loaded: Winamp.Winamp (instance #1)
2024-04-07 12:56:25.440 [i] Plugin loaded: WinSCP.WinSCP (instance #1)
2024-04-07 12:56:25.492 [i] Apps.StartMenu: Cataloged 288 items in 0.0 seconds
2024-04-07 12:56:25.493 [i] Apps.Desktop: Cataloged 8 items in 0.0 seconds
2024-04-07 12:56:27.297 [i] Apps.EnvPath: Cataloged 1106 items in 1.8 seconds
2024-04-07 12:56:30.759 [i] Bookmarks.Bookmarks: Referenced 1709 bookmarks
2024-04-07 13:02:24.975 [i] Received end-of-session message


2024-04-07 18:00:19.979 [i] Loaded 1 item from history file.
2024-04-07 18:00:20.005 [i] Loaded 3264 items from catalog file.
2024-04-07 18:00:20.047 [i] Init done in 0.9657s, including 0.8062s (83%) for the Python interpreter.
2024-04-07 18:00:20.047 [i] Plugin loaded: Internal.About
2024-04-07 18:00:20.131 [i] Plugin loaded: Apps.CustomCmds (instance #1)
2024-04-07 18:00:20.131 [i] Plugin loaded: Apps.Desktop (instance #1)
2024-04-07 18:00:20.131 [i] Plugin loaded: Apps.EnvPath (instance #1)
2024-04-07 18:00:20.131 [i] Plugin loaded: Apps.ExtraPaths (instance #1)
2024-04-07 18:00:20.131 [i] Plugin loaded: Apps.StartMenu (instance #1)
2024-04-07 18:00:20.147 [i] Plugin loaded: Bookmarks.Bookmarks (instance #1)
2024-04-07 18:00:20.154 [i] Plugin loaded: Calc.Calc (instance #1)
2024-04-07 18:00:20.155 [i] Plugin loaded: ControlPanel.ControlPanel (instance #1)
2024-04-07 18:00:20.156 [i] Plugin loaded: Env.Env (instance #1)
2024-04-07 18:00:20.160 [i] Plugin loaded: Everything.Everything (instance #1)
2024-04-07 18:00:20.162 [i] Plugin loaded: FileBrowser.FileBrowser (instance #1)
2024-04-07 18:00:20.172 [i] Plugin loaded: FilesCatalog.FilesCatalog (instance #1)
2024-04-07 18:00:20.190 [i] Plugin loaded: FileZilla.FileZilla (instance #1)
2024-04-07 18:00:20.192 [i] Plugin loaded: GoogleTranslate.GoogleTranslate (instance #1)
2024-04-07 18:00:20.194 [i] Plugin loaded: PuTTY.PuTTY (instance #1)
2024-04-07 18:00:20.196 [i] Plugin loaded: RegBrowser.RegBrowser (instance #1)
2024-04-07 18:00:20.199 [i] Plugin loaded: String.String (instance #1)
2024-04-07 18:00:20.201 [i] Plugin loaded: TaskSwitcher.TaskSwitcher (instance #1)
2024-04-07 18:00:20.203 [i] Plugin loaded: URL.URL (instance #1)
2024-04-07 18:00:20.205 [i] Plugin loaded: WebSearch.WebSearch (instance #1)
2024-04-07 18:00:20.207 [i] Plugin loaded: WebSuggest.WebSuggest (instance #1)
2024-04-07 18:00:20.209 [i] Plugin loaded: Winamp.Winamp (instance #1)
2024-04-07 18:00:20.211 [i] Plugin loaded: WinSCP.WinSCP (instance #1)
2024-04-07 18:00:20.245 [i] Apps.Desktop: Cataloged 8 items in 0.0 seconds
2024-04-07 18:00:20.265 [i] Apps.StartMenu: Cataloged 288 items in 0.0 seconds
2024-04-07 18:00:21.211 [i] Apps.EnvPath: Cataloged 1106 items in 1.0 seconds
2024-04-07 18:00:22.771 [i] Bookmarks.Bookmarks: Referenced 1709 bookmarks
2024-04-07 18:50:23.204 [i] Apps.StartMenu: Cataloged 288 items in 0.0 seconds
2024-04-07 19:35:08.285 [i] Received end-of-session message


2024-04-07 19:52:48.850 [i] Loaded 1 item from history file.
2024-04-07 19:52:48.893 [i] Loaded 3264 items from catalog file.
2024-04-07 19:52:48.953 [i] Init done in 0.7520s, including 0.5565s (74%) for the Python interpreter.
2024-04-07 19:52:48.954 [i] Plugin loaded: Internal.About
2024-04-07 19:52:49.037 [i] Plugin loaded: Apps.CustomCmds (instance #1)
2024-04-07 19:52:49.037 [i] Plugin loaded: Apps.Desktop (instance #1)
2024-04-07 19:52:49.037 [i] Plugin loaded: Apps.EnvPath (instance #1)
2024-04-07 19:52:49.037 [i] Plugin loaded: Apps.ExtraPaths (instance #1)
2024-04-07 19:52:49.037 [i] Plugin loaded: Apps.StartMenu (instance #1)
2024-04-07 19:52:49.057 [i] Plugin loaded: Bookmarks.Bookmarks (instance #1)
2024-04-07 19:52:49.070 [i] Plugin loaded: Calc.Calc (instance #1)
2024-04-07 19:52:49.072 [i] Plugin loaded: ControlPanel.ControlPanel (instance #1)
2024-04-07 19:52:49.074 [i] Plugin loaded: Env.Env (instance #1)
2024-04-07 19:52:49.079 [i] Plugin loaded: Everything.Everything (instance #1)
2024-04-07 19:52:49.083 [i] Plugin loaded: FileBrowser.FileBrowser (instance #1)
2024-04-07 19:52:49.116 [i] Plugin loaded: FilesCatalog.FilesCatalog (instance #1)
2024-04-07 19:52:49.143 [i] Plugin loaded: FileZilla.FileZilla (instance #1)
2024-04-07 19:52:49.147 [i] Plugin loaded: GoogleTranslate.GoogleTranslate (instance #1)
2024-04-07 19:52:49.150 [i] Plugin loaded: PuTTY.PuTTY (instance #1)
2024-04-07 19:52:49.157 [i] Plugin loaded: RegBrowser.RegBrowser (instance #1)
2024-04-07 19:52:49.163 [i] Plugin loaded: String.String (instance #1)
2024-04-07 19:52:49.166 [i] Plugin loaded: TaskSwitcher.TaskSwitcher (instance #1)
2024-04-07 19:52:49.168 [i] Plugin loaded: URL.URL (instance #1)
2024-04-07 19:52:49.171 [i] Plugin loaded: WebSearch.WebSearch (instance #1)
2024-04-07 19:52:49.174 [i] Plugin loaded: WebSuggest.WebSuggest (instance #1)
2024-04-07 19:52:49.178 [i] Plugin loaded: Winamp.Winamp (instance #1)
2024-04-07 19:52:49.181 [i] Plugin loaded: WinSCP.WinSCP (instance #1)
2024-04-07 19:52:49.245 [i] Apps.Desktop: Cataloged 8 items in 0.0 seconds
2024-04-07 19:52:49.269 [i] Apps.StartMenu: Cataloged 288 items in 0.0 seconds
2024-04-07 19:52:50.393 [i] Apps.EnvPath: Cataloged 1106 items in 1.2 seconds
2024-04-07 19:52:51.435 [i] Bookmarks.Bookmarks: Referenced 1709 bookmarks
2024-04-07 20:45:44.133 [i] Item properties:
  label:           Bookmark: Teen brunette with curly hair and glasses got fucked on web cam, for the first time ever ::: PERFECT GIRLS (Chrome)
  args:            
  short_desc:      
  target:          http://www.perfectgirls.net/gal/727316/Teen_brunette_with_curly_hair_and_glasses_got_fucked_on_web_cam__for_the_first_time_ever
  category:        url (40)
  args_hint:       forbidden
  hit_hint:        noargs
  plugin:          Bookmarks.Bookmarks (1649721192830038276)
  item_id:         10220036918323029832
  loop_on_suggest: false
  data_bag:        

2024-04-07 20:47:05.906 [i] Python: Failed to execute C:\Users\Användaren\AppData\Roaming\Microsoft\Windows\Start Menu\Programs\Scoop Apps\Everything.lnk (action None). Error: file not found: "C:\Users\chris\scoop\apps\everything\current\Everything.exe" (initial path: "C:\Users\Användaren\AppData\Roaming\Microsoft\Windows\Start Menu\Programs\Scoop Apps\Everything.lnk")
2024-04-07 21:03:59.109 [i] Bookmarks.Bookmarks: Referenced 1709 bookmarks
2024-04-07 21:04:04.270 [i] Item properties:
  label:           Bookmark: Naughty Granny wants to be fucked in every hole - XVIDEOS.COM (Chrome)
  args:            
  short_desc:      
  target:          https://www.xvideos.com/video59997491/naughty_granny_wants_to_be_fucked_in_every_hole
  category:        url (40)
  args_hint:       forbidden
  hit_hint:        noargs
  plugin:          Bookmarks.Bookmarks (1649721192830038276)
  item_id:         9267929524757511952
  loop_on_suggest: false
  data_bag:        

2024-04-07 21:06:14.729 [i] Bookmarks.Bookmarks: Referenced 3657 bookmarks
2024-04-08 18:46:49.210 [i] Received end-of-session message


2024-04-08 18:47:51.973 [i] Loaded 3 items from history file.
2024-04-08 18:47:52.048 [i] Loaded 4431 items from catalog file.
2024-04-08 18:47:52.103 [i] Init done in 0.7577s, including 0.5380s (71%) for the Python interpreter.
2024-04-08 18:47:52.103 [i] Plugin loaded: Internal.About
2024-04-08 18:47:52.168 [i] Plugin loaded: Apps.CustomCmds (instance #1)
2024-04-08 18:47:52.168 [i] Plugin loaded: Apps.Desktop (instance #1)
2024-04-08 18:47:52.168 [i] Plugin loaded: Apps.EnvPath (instance #1)
2024-04-08 18:47:52.168 [i] Plugin loaded: Apps.ExtraPaths (instance #1)
2024-04-08 18:47:52.168 [i] Plugin loaded: Apps.StartMenu (instance #1)
2024-04-08 18:47:52.189 [i] Plugin loaded: Bookmarks.Bookmarks (instance #1)
2024-04-08 18:47:52.200 [i] Plugin loaded: Calc.Calc (instance #1)
2024-04-08 18:47:52.202 [i] Plugin loaded: ControlPanel.ControlPanel (instance #1)
2024-04-08 18:47:52.204 [i] Plugin loaded: Env.Env (instance #1)
2024-04-08 18:47:52.209 [i] Plugin loaded: Everything.Everything (instance #1)
2024-04-08 18:47:52.213 [i] Plugin loaded: FileBrowser.FileBrowser (instance #1)
2024-04-08 18:47:52.235 [i] Plugin loaded: FilesCatalog.FilesCatalog (instance #1)
2024-04-08 18:47:52.271 [i] Plugin loaded: FileZilla.FileZilla (instance #1)
2024-04-08 18:47:52.275 [i] Plugin loaded: GoogleTranslate.GoogleTranslate (instance #1)
2024-04-08 18:47:52.277 [i] Plugin loaded: PuTTY.PuTTY (instance #1)
2024-04-08 18:47:52.279 [i] Plugin loaded: RegBrowser.RegBrowser (instance #1)
2024-04-08 18:47:52.283 [i] Plugin loaded: String.String (instance #1)
2024-04-08 18:47:52.287 [i] Plugin loaded: TaskSwitcher.TaskSwitcher (instance #1)
2024-04-08 18:47:52.289 [i] Plugin loaded: URL.URL (instance #1)
2024-04-08 18:47:52.292 [i] Plugin loaded: WebSearch.WebSearch (instance #1)
2024-04-08 18:47:52.296 [i] Plugin loaded: WebSuggest.WebSuggest (instance #1)
2024-04-08 18:47:52.299 [i] Plugin loaded: Winamp.Winamp (instance #1)
2024-04-08 18:47:52.302 [i] Plugin loaded: WinSCP.WinSCP (instance #1)
2024-04-08 18:47:52.374 [i] Apps.Desktop: Cataloged 8 items in 0.0 seconds
2024-04-08 18:47:52.381 [i] Apps.StartMenu: Cataloged 288 items in 0.0 seconds
2024-04-08 18:47:53.463 [i] Apps.EnvPath: Cataloged 1106 items in 1.1 seconds
2024-04-08 18:47:56.907 [i] Bookmarks.Bookmarks: Referenced 3657 bookmarks
2024-04-08 19:07:53.187 [i] Python: Failed to execute C:\Users\Användaren\AppData\Roaming\Microsoft\Windows\Start Menu\Programs\Scoop Apps\Everything.lnk (action None). Error: file not found: "C:\Users\chris\scoop\apps\everything\current\Everything.exe" (initial path: "C:\Users\Användaren\AppData\Roaming\Microsoft\Windows\Start Menu\Programs\Scoop Apps\Everything.lnk")
2024-04-08 19:28:20.842 [i] Apps.StartMenu: Cataloged 288 items in 0.0 seconds
2024-04-08 19:39:08.345 [i] Apps.Desktop: Cataloged 6 items in 0.0 seconds
2024-04-08 19:39:45.881 [i] Apps.Desktop: Cataloged 8 items in 0.0 seconds
2024-04-09 08:01:40.081 [i] Apps.StartMenu: Cataloged 288 items in 0.0 seconds
2024-04-09 20:18:48.575 [i] Apps.StartMenu: Cataloged 289 items in 0.0 seconds
2024-04-10 06:45:54.920 [i] Received TaskbarCreated system message
2024-04-10 08:47:17.536 [i] Environment changed.
2024-04-10 08:47:17.556 [i] Application configuration has changed
2024-04-10 08:47:17.565 [i] Apps.EnvPath: PATH changed, rebuilding catalog...
2024-04-10 08:47:17.605 [i] Apps.EnvPath: Cataloged 956 items in 0.0 seconds
2024-04-10 10:03:11.553 [i] Apps.Desktop: Cataloged 9 items in 0.0 seconds
2024-04-10 10:03:38.443 [i] Apps.Desktop: Cataloged 9 items in 0.0 seconds
2024-04-10 10:06:43.003 [i] Apps.Desktop: Cataloged 9 items in 0.0 seconds
2024-04-10 10:09:45.708 [i] Apps.Desktop: Cataloged 9 items in 0.0 seconds
2024-04-10 10:10:44.294 [i] Apps.Desktop: Cataloged 9 items in 0.0 seconds
2024-04-10 10:12:55.255 [i] Apps.Desktop: Cataloged 9 items in 0.0 seconds
2024-04-10 10:17:17.769 [i] Apps.Desktop: Cataloged 9 items in 0.0 seconds
2024-04-10 10:18:42.645 [i] Apps.Desktop: Cataloged 8 items in 0.0 seconds
2024-04-10 10:44:29.153 [i] Apps.Desktop: Cataloged 9 items in 0.0 seconds
2024-04-10 10:45:13.808 [i] Apps.Desktop: Cataloged 9 items in 0.0 seconds
2024-04-10 10:45:57.868 [i] Apps.Desktop: Cataloged 9 items in 0.0 seconds
2024-04-10 10:46:17.191 [i] Apps.Desktop: Cataloged 9 items in 0.0 seconds
2024-04-10 10:47:22.821 [i] Apps.Desktop: Cataloged 9 items in 0.0 seconds
2024-04-10 10:50:42.068 [i] Apps.Desktop: Cataloged 9 items in 0.0 seconds
2024-04-10 10:54:02.498 [i] Apps.Desktop: Cataloged 9 items in 0.0 seconds
2024-04-10 10:54:30.657 [i] Apps.Desktop: Cataloged 9 items in 0.0 seconds
2024-04-10 10:54:43.217 [i] Apps.Desktop: Cataloged 9 items in 0.0 seconds
2024-04-10 10:55:05.566 [i] Apps.Desktop: Cataloged 9 items in 0.0 seconds
2024-04-10 10:55:10.468 [i] Apps.Desktop: Cataloged 9 items in 0.0 seconds
2024-04-10 11:32:40.172 [i] Apps.Desktop: Cataloged 9 items in 0.0 seconds
2024-04-10 11:34:18.584 [i] Apps.Desktop: Cataloged 9 items in 0.0 seconds
2024-04-10 11:36:12.726 [i] Apps.Desktop: Cataloged 9 items in 0.0 seconds
2024-04-10 11:37:34.948 [i] Apps.Desktop: Cataloged 9 items in 0.0 seconds
2024-04-11 10:09:53.350 [i] Apps.Desktop: Cataloged 9 items in 0.0 seconds
2024-04-11 12:24:58.337 [i] Environment changed.
2024-04-11 12:24:58.348 [i] Application configuration has changed
2024-04-11 12:24:58.354 [i] Apps.EnvPath: PATH changed, rebuilding catalog...
2024-04-11 12:24:58.389 [i] Apps.EnvPath: Cataloged 956 items in 0.0 seconds
2024-04-11 12:25:01.680 [i] Apps.StartMenu: Cataloged 291 items in 0.0 seconds
2024-04-11 12:36:43.640 [i] Apps.StartMenu: Cataloged 291 items in 0.0 seconds
2024-04-11 16:28:49.482 [i] Apps.StartMenu: Cataloged 291 items in 0.0 seconds
2024-04-11 16:30:55.283 [i] Apps.StartMenu: Cataloged 295 items in 0.0 seconds
2024-04-11 16:30:57.293 [i] Apps.StartMenu: Cataloged 295 items in 0.0 seconds
2024-04-11 16:31:09.167 [i] Apps.StartMenu: Cataloged 307 items in 0.0 seconds
2024-04-11 16:31:17.376 [i] Apps.StartMenu: Cataloged 315 items in 0.0 seconds
2024-04-11 16:31:21.698 [i] Apps.StartMenu: Cataloged 317 items in 0.0 seconds
2024-04-11 16:31:28.498 [i] Apps.StartMenu: Cataloged 323 items in 0.0 seconds
2024-04-11 16:31:37.219 [i] Apps.StartMenu: Cataloged 339 items in 0.0 seconds
2024-04-11 16:31:43.573 [i] Apps.StartMenu: Cataloged 345 items in 0.0 seconds
2024-04-11 16:31:52.871 [i] Apps.StartMenu: Cataloged 351 items in 0.0 seconds
2024-04-11 16:32:00.228 [i] Apps.StartMenu: Cataloged 357 items in 0.0 seconds
2024-04-11 16:32:03.828 [i] Apps.StartMenu: Cataloged 359 items in 0.0 seconds
2024-04-11 16:34:43.205 [i] Apps.StartMenu: Cataloged 365 items in 0.0 seconds
2024-04-11 16:35:02.775 [i] Apps.StartMenu: Cataloged 403 items in 0.0 seconds
2024-04-11 16:35:12.615 [i] Apps.StartMenu: Cataloged 415 items in 0.0 seconds
2024-04-11 16:35:13.550 [i] Environment changed.
2024-04-11 16:35:13.563 [i] Apps.EnvPath: PATH changed, rebuilding catalog...
2024-04-11 16:35:13.597 [i] Apps.EnvPath: Cataloged 956 items in 0.0 seconds
2024-04-11 16:35:18.434 [i] Apps.StartMenu: Cataloged 419 items in 0.0 seconds
2024-04-11 16:45:14.325 [i] Apps.StartMenu: Cataloged 419 items in 0.0 seconds
2024-04-11 16:45:19.229 [i] Apps.StartMenu: Cataloged 419 items in 0.0 seconds
2024-04-11 16:45:22.340 [i] Apps.StartMenu: Cataloged 419 items in 0.0 seconds
2024-04-12 07:00:26.638 [i] Apps.StartMenu: Cataloged 423 items in 0.0 seconds
2024-04-12 12:24:56.657 [i] Apps.StartMenu: Cataloged 423 items in 0.0 seconds
2024-04-12 12:31:06.301 [i] Apps.StartMenu: Cataloged 424 items in 0.0 seconds
2024-04-12 12:42:06.297 [i] Apps.Desktop: Cataloged 11 items in 0.0 seconds
2024-04-12 12:42:08.293 [i] Apps.StartMenu: Cataloged 432 items in 0.0 seconds
2024-04-12 12:59:32.771 [i] Apps.StartMenu: Cataloged 432 items in 0.0 seconds
2024-04-14 01:49:09.931 [i] Apps.StartMenu: Cataloged 432 items in 0.1 seconds
2024-04-14 14:22:04.672 [i] Environment changed.
2024-04-14 14:22:04.685 [i] Application configuration has changed
2024-04-14 14:22:05.190 [i] Environment changed.
2024-04-14 14:22:05.850 [i] Environment changed.
2024-04-14 14:22:05.857 [i] Apps.EnvPath: PATH changed, rebuilding catalog...
2024-04-14 14:22:05.895 [i] Apps.EnvPath: Cataloged 992 items in 0.0 seconds
2024-04-14 14:22:06.338 [i] Environment changed.
2024-04-14 15:18:21.248 [i] Apps.Desktop: Cataloged 12 items in 0.0 seconds
2024-04-14 15:18:21.278 [i] Apps.StartMenu: Cataloged 432 items in 0.0 seconds
2024-04-14 15:18:21.287 [i] Apps.EnvPath: Cataloged 992 items in 0.1 seconds
2024-04-14 15:18:21.497 [i] Bookmarks.Bookmarks: Referenced 3657 bookmarks
2024-04-15 17:24:16.467 [i] Apps.Desktop: Cataloged 8 items in 0.0 seconds
2024-04-15 17:24:18.478 [i] Apps.StartMenu: Cataloged 424 items in 0.1 seconds
2024-04-16 12:10:04.487 [i] Apps.StartMenu: Cataloged 424 items in 0.1 seconds
2024-04-17 15:36:33.583 [i] Python: Failed to execute C:\Users\Användaren\AppData\Roaming\Microsoft\Windows\Start Menu\Programs\Scoop Apps\Everything.lnk (action None). Error: file not found: "C:\Users\chris\scoop\apps\everything\current\Everything.exe" (initial path: "C:\Users\Användaren\AppData\Roaming\Microsoft\Windows\Start Menu\Programs\Scoop Apps\Everything.lnk")
2024-04-17 18:30:39.714 [i] Received TaskbarCreated system message
2024-04-17 19:32:36.894 [i] Received TaskbarCreated system message
2024-04-17 19:39:45.831 [i] Received TaskbarCreated system message
2024-04-18 10:38:00.366 [i] Apps.StartMenu: Cataloged 426 items in 0.1 seconds
2024-04-18 10:38:12.532 [i] Apps.StartMenu: Cataloged 426 items in 0.0 seconds
2024-04-19 17:31:34.965 [i] Received end-of-session message


2024-04-19 17:38:59.087 [i] Loaded 41 items from history file.
2024-04-19 17:38:59.164 [i] Loaded 4455 items from catalog file.
2024-04-19 17:38:59.217 [i] Init done in 0.9105s, including 0.6667s (73%) for the Python interpreter.
2024-04-19 17:38:59.217 [i] Plugin loaded: Internal.About
2024-04-19 17:38:59.294 [i] Plugin loaded: Apps.CustomCmds (instance #1)
2024-04-19 17:38:59.294 [i] Plugin loaded: Apps.Desktop (instance #1)
2024-04-19 17:38:59.294 [i] Plugin loaded: Apps.EnvPath (instance #1)
2024-04-19 17:38:59.294 [i] Plugin loaded: Apps.ExtraPaths (instance #1)
2024-04-19 17:38:59.294 [i] Plugin loaded: Apps.StartMenu (instance #1)
2024-04-19 17:38:59.315 [i] Plugin loaded: Bookmarks.Bookmarks (instance #1)
2024-04-19 17:38:59.329 [i] Plugin loaded: Calc.Calc (instance #1)
2024-04-19 17:38:59.331 [i] Plugin loaded: ControlPanel.ControlPanel (instance #1)
2024-04-19 17:38:59.333 [i] Plugin loaded: Env.Env (instance #1)
2024-04-19 17:38:59.339 [i] Plugin loaded: Everything.Everything (instance #1)
2024-04-19 17:38:59.343 [i] Plugin loaded: FileBrowser.FileBrowser (instance #1)
2024-04-19 17:38:59.362 [i] Plugin loaded: FilesCatalog.FilesCatalog (instance #1)
2024-04-19 17:38:59.386 [i] Plugin loaded: FileZilla.FileZilla (instance #1)
2024-04-19 17:38:59.390 [i] Plugin loaded: GoogleTranslate.GoogleTranslate (instance #1)
2024-04-19 17:38:59.394 [i] Plugin loaded: PuTTY.PuTTY (instance #1)
2024-04-19 17:38:59.398 [i] Plugin loaded: RegBrowser.RegBrowser (instance #1)
2024-04-19 17:38:59.403 [i] Plugin loaded: String.String (instance #1)
2024-04-19 17:38:59.406 [i] Plugin loaded: TaskSwitcher.TaskSwitcher (instance #1)
2024-04-19 17:38:59.410 [i] Plugin loaded: URL.URL (instance #1)
2024-04-19 17:38:59.412 [i] Plugin loaded: WebSearch.WebSearch (instance #1)
2024-04-19 17:38:59.417 [i] Plugin loaded: WebSuggest.WebSuggest (instance #1)
2024-04-19 17:38:59.421 [i] Plugin loaded: Winamp.Winamp (instance #1)
2024-04-19 17:38:59.425 [i] Plugin loaded: WinSCP.WinSCP (instance #1)
2024-04-19 17:38:59.518 [i] Apps.Desktop: Cataloged 11 items in 0.0 seconds
2024-04-19 17:38:59.549 [i] Apps.StartMenu: Cataloged 426 items in 0.1 seconds
2024-04-19 17:38:59.598 [i] Apps.EnvPath: Cataloged 1162 items in 0.1 seconds
2024-04-19 17:39:00.731 [i] Bookmarks.Bookmarks: Referenced 3657 bookmarks
2024-04-19 17:50:48.648 [i] Apps.Desktop: Cataloged 11 items in 0.0 seconds
2024-04-19 17:51:06.532 [i] Apps.Desktop: Cataloged 11 items in 0.0 seconds
2024-04-19 17:51:18.169 [i] Apps.Desktop: Cataloged 11 items in 0.0 seconds
2024-04-19 17:51:29.186 [i] Apps.Desktop: Cataloged 11 items in 0.0 seconds
2024-04-19 17:51:37.453 [i] Apps.Desktop: Cataloged 11 items in 0.0 seconds
2024-04-19 17:56:15.226 [i] Apps.Desktop: Cataloged 11 items in 0.0 seconds
2024-04-19 17:56:46.295 [i] Apps.Desktop: Cataloged 11 items in 0.0 seconds
2024-04-19 17:57:14.826 [i] Apps.Desktop: Cataloged 11 items in 0.0 seconds
2024-04-19 18:00:36.103 [i] Apps.Desktop: Cataloged 11 items in 0.0 seconds
2024-04-19 18:02:26.105 [i] Apps.Desktop: Cataloged 11 items in 0.0 seconds
2024-04-19 18:02:35.193 [i] Apps.Desktop: Cataloged 11 items in 0.0 seconds
2024-04-19 18:03:27.639 [i] Apps.Desktop: Cataloged 11 items in 0.0 seconds
2024-04-19 18:24:05.077 [i] Apps.Desktop: Cataloged 11 items in 0.0 seconds
2024-04-19 18:32:48.525 [i] Apps.Desktop: Cataloged 11 items in 0.0 seconds
2024-04-19 18:33:27.588 [i] Apps.Desktop: Cataloged 11 items in 0.0 seconds
2024-04-19 18:36:07.839 [i] Apps.Desktop: Cataloged 11 items in 0.0 seconds
2024-04-19 18:36:41.371 [i] Apps.Desktop: Cataloged 11 items in 0.0 seconds
2024-04-19 18:36:43.998 [i] Apps.Desktop: Cataloged 11 items in 0.0 seconds
2024-04-19 18:36:53.983 [i] Apps.Desktop: Cataloged 11 items in 0.0 seconds
2024-04-19 18:37:21.826 [i] Apps.Desktop: Cataloged 11 items in 0.0 seconds
2024-04-19 18:37:39.026 [i] Apps.Desktop: Cataloged 11 items in 0.0 seconds
2024-04-19 18:37:55.259 [i] Apps.Desktop: Cataloged 11 items in 0.0 seconds
2024-04-19 18:38:19.705 [i] Apps.Desktop: Cataloged 11 items in 0.0 seconds
2024-04-19 18:38:24.671 [i] Apps.Desktop: Cataloged 11 items in 0.0 seconds
2024-04-19 18:38:35.442 [i] Apps.Desktop: Cataloged 11 items in 0.0 seconds
2024-04-19 18:38:40.174 [i] Apps.Desktop: Cataloged 11 items in 0.0 seconds
2024-04-19 18:38:54.336 [i] Apps.Desktop: Cataloged 11 items in 0.0 seconds
2024-04-19 18:39:00.109 [i] Apps.Desktop: Cataloged 11 items in 0.0 seconds
2024-04-19 18:39:04.905 [i] Apps.Desktop: Cataloged 11 items in 0.0 seconds
2024-04-19 18:39:12.860 [i] Apps.Desktop: Cataloged 11 items in 0.0 seconds
2024-04-19 18:39:15.325 [i] Apps.Desktop: Cataloged 11 items in 0.0 seconds
2024-04-19 18:39:27.074 [i] Apps.Desktop: Cataloged 11 items in 0.0 seconds
2024-04-19 18:39:32.299 [i] Apps.Desktop: Cataloged 11 items in 0.0 seconds
2024-04-19 18:40:12.818 [i] Apps.Desktop: Cataloged 11 items in 0.0 seconds
2024-04-19 18:40:18.679 [i] Apps.Desktop: Cataloged 11 items in 0.0 seconds
2024-04-19 18:40:22.708 [i] Apps.Desktop: Cataloged 11 items in 0.0 seconds
2024-04-19 18:40:25.359 [i] Apps.Desktop: Cataloged 11 items in 0.0 seconds
2024-04-19 18:40:36.834 [i] Apps.Desktop: Cataloged 11 items in 0.0 seconds
2024-04-19 18:40:55.464 [i] Apps.Desktop: Cataloged 11 items in 0.0 seconds
2024-04-19 18:40:58.141 [i] Apps.Desktop: Cataloged 11 items in 0.0 seconds
2024-04-19 18:41:07.215 [i] Apps.Desktop: Cataloged 11 items in 0.0 seconds
2024-04-19 18:41:16.997 [i] Apps.Desktop: Cataloged 11 items in 0.0 seconds
2024-04-19 18:41:21.979 [i] Apps.Desktop: Cataloged 11 items in 0.0 seconds
2024-04-19 18:43:01.428 [i] Apps.Desktop: Cataloged 11 items in 0.0 seconds
2024-04-19 18:43:06.954 [i] Apps.Desktop: Cataloged 11 items in 0.0 seconds
2024-04-19 18:43:14.737 [i] Apps.Desktop: Cataloged 11 items in 0.0 seconds
2024-04-19 18:43:18.477 [i] Apps.Desktop: Cataloged 11 items in 0.0 seconds
2024-04-19 19:13:21.409 [i] Apps.Desktop: Cataloged 11 items in 0.0 seconds
2024-04-19 19:43:21.429 [i] Apps.Desktop: Cataloged 11 items in 0.0 seconds
2024-04-19 20:13:21.430 [i] Apps.Desktop: Cataloged 11 items in 0.0 seconds
2024-04-19 20:48:21.421 [i] Apps.Desktop: Cataloged 11 items in 0.0 seconds
2024-04-19 21:04:27.292 [i] Environment changed.
2024-04-19 21:04:27.301 [i] Apps.EnvPath: PATH changed, rebuilding catalog...
2024-04-19 21:04:27.335 [i] Apps.EnvPath: Cataloged 993 items in 0.0 seconds
2024-04-19 21:23:21.429 [i] Apps.Desktop: Cataloged 11 items in 0.0 seconds
2024-04-19 21:27:26.623 [i] Apps.Desktop: Cataloged 11 items in 0.0 seconds
2024-04-19 21:41:21.663 [i] Apps.Desktop: Cataloged 11 items in 0.0 seconds
2024-04-19 21:57:44.631 [i] Apps.Desktop: Cataloged 11 items in 0.0 seconds
2024-04-19 22:27:44.649 [i] Apps.Desktop: Cataloged 11 items in 0.0 seconds
2024-04-19 22:57:44.668 [i] Apps.Desktop: Cataloged 11 items in 0.0 seconds
2024-04-19 23:32:44.676 [i] Apps.Desktop: Cataloged 11 items in 0.0 seconds
2024-04-19 23:49:22.510 [i] Apps.StartMenu: Cataloged 426 items in 0.0 seconds
2024-04-20 00:07:44.695 [i] Apps.Desktop: Cataloged 11 items in 0.0 seconds
2024-04-20 00:37:44.707 [i] Apps.Desktop: Cataloged 11 items in 0.0 seconds
2024-04-20 01:12:44.705 [i] Apps.Desktop: Cataloged 11 items in 0.0 seconds
2024-04-20 01:47:44.717 [i] Apps.Desktop: Cataloged 11 items in 0.0 seconds
2024-04-20 02:17:44.720 [i] Apps.Desktop: Cataloged 11 items in 0.0 seconds
2024-04-20 02:47:44.735 [i] Apps.Desktop: Cataloged 11 items in 0.0 seconds
2024-04-20 03:17:44.730 [i] Apps.Desktop: Cataloged 11 items in 0.0 seconds
2024-04-20 03:47:44.744 [i] Apps.Desktop: Cataloged 11 items in 0.0 seconds
2024-04-20 04:22:44.741 [i] Apps.Desktop: Cataloged 11 items in 0.0 seconds
2024-04-20 04:52:44.736 [i] Apps.Desktop: Cataloged 11 items in 0.0 seconds
2024-04-20 05:27:44.737 [i] Apps.Desktop: Cataloged 11 items in 0.0 seconds
2024-04-20 05:57:44.752 [i] Apps.Desktop: Cataloged 11 items in 0.0 seconds
2024-04-20 06:27:44.762 [i] Apps.Desktop: Cataloged 11 items in 0.0 seconds
2024-04-20 06:57:44.763 [i] Apps.Desktop: Cataloged 11 items in 0.0 seconds
2024-04-20 07:27:44.755 [i] Apps.Desktop: Cataloged 11 items in 0.0 seconds
2024-04-20 07:57:44.762 [i] Apps.Desktop: Cataloged 11 items in 0.0 seconds
2024-04-20 08:27:44.754 [i] Apps.Desktop: Cataloged 11 items in 0.0 seconds
2024-04-20 09:02:44.763 [i] Apps.Desktop: Cataloged 11 items in 0.0 seconds
2024-04-20 09:37:44.764 [i] Apps.Desktop: Cataloged 11 items in 0.0 seconds
2024-04-20 10:07:44.785 [i] Apps.Desktop: Cataloged 11 items in 0.0 seconds
2024-04-20 10:37:44.823 [i] Apps.Desktop: Cataloged 11 items in 0.0 seconds
2024-04-20 11:12:44.837 [i] Apps.Desktop: Cataloged 11 items in 0.0 seconds
2024-04-20 11:42:44.837 [i] Apps.Desktop: Cataloged 11 items in 0.0 seconds
2024-04-20 12:17:44.845 [i] Apps.Desktop: Cataloged 11 items in 0.0 seconds
2024-04-20 12:47:44.850 [i] Apps.Desktop: Cataloged 11 items in 0.0 seconds
2024-04-20 13:17:44.853 [i] Apps.Desktop: Cataloged 11 items in 0.0 seconds
2024-04-20 13:47:44.851 [i] Apps.Desktop: Cataloged 11 items in 0.0 seconds
2024-04-20 14:22:44.863 [i] Apps.Desktop: Cataloged 11 items in 0.0 seconds
2024-04-20 14:57:44.874 [i] Apps.Desktop: Cataloged 11 items in 0.0 seconds
2024-04-20 15:27:44.876 [i] Apps.Desktop: Cataloged 11 items in 0.0 seconds
2024-04-20 15:57:44.888 [i] Apps.Desktop: Cataloged 11 items in 0.0 seconds
2024-04-20 16:27:44.890 [i] Apps.Desktop: Cataloged 11 items in 0.0 seconds
2024-04-20 16:57:44.893 [i] Apps.Desktop: Cataloged 11 items in 0.0 seconds
2024-04-20 17:27:44.887 [i] Apps.Desktop: Cataloged 11 items in 0.0 seconds
2024-04-20 17:57:04.672 [i] Apps.Desktop: Cataloged 11 items in 0.0 seconds
2024-04-20 17:57:44.916 [i] Apps.Desktop: Cataloged 11 items in 0.0 seconds
2024-04-20 18:32:44.915 [i] Apps.Desktop: Cataloged 11 items in 0.0 seconds
2024-04-20 19:07:44.910 [i] Apps.Desktop: Cataloged 11 items in 0.0 seconds
2024-04-20 19:42:27.622 [i] Apps.Desktop: Cataloged 11 items in 0.0 seconds
2024-04-20 20:17:27.632 [i] Apps.Desktop: Cataloged 11 items in 0.0 seconds
2024-04-20 20:52:27.646 [i] Apps.Desktop: Cataloged 11 items in 0.0 seconds
2024-04-20 21:22:27.640 [i] Apps.Desktop: Cataloged 11 items in 0.0 seconds
2024-04-20 21:57:27.634 [i] Apps.Desktop: Cataloged 11 items in 0.0 seconds
2024-04-20 22:27:27.633 [i] Apps.Desktop: Cataloged 11 items in 0.0 seconds
2024-04-20 22:49:10.613 [i] Apps.Desktop: Cataloged 11 items in 0.0 seconds
2024-04-20 23:02:27.645 [i] Apps.Desktop: Cataloged 11 items in 0.0 seconds
2024-04-20 23:32:27.660 [i] Apps.Desktop: Cataloged 11 items in 0.0 seconds
2024-04-20 23:49:17.062 [i] Apps.Desktop: Cataloged 11 items in 0.0 seconds
2024-04-20 23:54:49.702 [i] Apps.Desktop: Cataloged 11 items in 0.0 seconds
2024-04-20 23:54:52.648 [i] Apps.Desktop: Cataloged 11 items in 0.0 seconds
2024-04-20 23:55:14.431 [i] Apps.Desktop: Cataloged 11 items in 0.0 seconds
2024-04-21 00:05:13.870 [i] Apps.Desktop: Cataloged 11 items in 0.0 seconds
2024-04-21 00:35:13.873 [i] Apps.Desktop: Cataloged 11 items in 0.0 seconds
2024-04-21 00:54:56.512 [i] Apps.Desktop: Cataloged 11 items in 0.0 seconds
2024-04-21 01:05:13.877 [i] Apps.Desktop: Cataloged 11 items in 0.0 seconds
2024-04-21 01:35:13.878 [i] Apps.Desktop: Cataloged 11 items in 0.0 seconds
2024-04-21 01:55:03.047 [i] Apps.Desktop: Cataloged 11 items in 0.0 seconds
2024-04-21 02:10:13.873 [i] Apps.Desktop: Cataloged 11 items in 0.0 seconds
2024-04-21 02:40:13.888 [i] Apps.Desktop: Cataloged 11 items in 0.0 seconds
2024-04-21 03:10:13.892 [i] Apps.Desktop: Cataloged 11 items in 0.0 seconds
2024-04-21 03:40:13.901 [i] Apps.Desktop: Cataloged 11 items in 0.0 seconds
2024-04-21 04:10:13.891 [i] Apps.Desktop: Cataloged 11 items in 0.0 seconds
2024-04-21 04:45:13.900 [i] Apps.Desktop: Cataloged 11 items in 0.0 seconds
2024-04-21 05:15:13.898 [i] Apps.Desktop: Cataloged 11 items in 0.0 seconds
2024-04-21 05:45:13.922 [i] Apps.Desktop: Cataloged 11 items in 0.0 seconds
2024-04-21 06:15:13.908 [i] Apps.Desktop: Cataloged 11 items in 0.0 seconds
2024-04-21 06:50:13.918 [i] Apps.Desktop: Cataloged 11 items in 0.0 seconds
2024-04-21 07:20:13.938 [i] Apps.Desktop: Cataloged 11 items in 0.0 seconds
2024-04-21 07:50:13.943 [i] Apps.Desktop: Cataloged 11 items in 0.0 seconds
2024-04-21 08:25:13.936 [i] Apps.Desktop: Cataloged 11 items in 0.0 seconds
2024-04-21 09:00:13.942 [i] Apps.Desktop: Cataloged 11 items in 0.0 seconds
2024-04-21 09:30:13.954 [i] Apps.Desktop: Cataloged 11 items in 0.0 seconds
2024-04-21 10:00:13.958 [i] Apps.Desktop: Cataloged 11 items in 0.0 seconds
2024-04-21 10:30:13.955 [i] Apps.Desktop: Cataloged 11 items in 0.0 seconds
2024-04-21 11:05:13.956 [i] Apps.Desktop: Cataloged 11 items in 0.0 seconds
2024-04-21 11:40:13.963 [i] Apps.Desktop: Cataloged 11 items in 0.0 seconds
2024-04-21 12:20:13.954 [i] Apps.Desktop: Cataloged 11 items in 0.0 seconds
2024-04-21 12:50:13.971 [i] Apps.Desktop: Cataloged 11 items in 0.0 seconds
2024-04-21 13:25:13.967 [i] Apps.Desktop: Cataloged 11 items in 0.0 seconds
2024-04-21 14:00:13.970 [i] Apps.Desktop: Cataloged 11 items in 0.0 seconds
2024-04-21 14:30:13.979 [i] Apps.Desktop: Cataloged 11 items in 0.0 seconds
2024-04-21 15:05:13.979 [i] Apps.Desktop: Cataloged 11 items in 0.0 seconds
2024-04-21 15:40:13.975 [i] Apps.Desktop: Cataloged 11 items in 0.0 seconds
2024-04-21 16:15:13.978 [i] Apps.Desktop: Cataloged 11 items in 0.0 seconds
2024-04-21 16:45:14.008 [i] Apps.Desktop: Cataloged 11 items in 0.0 seconds
2024-04-21 17:15:14.007 [i] Apps.Desktop: Cataloged 11 items in 0.0 seconds
2024-04-21 17:45:14.022 [i] Apps.Desktop: Cataloged 11 items in 0.0 seconds
2024-04-21 18:15:14.008 [i] Apps.Desktop: Cataloged 11 items in 0.0 seconds
2024-04-21 18:50:14.010 [i] Apps.Desktop: Cataloged 11 items in 0.0 seconds
2024-04-21 19:20:14.017 [i] Apps.Desktop: Cataloged 11 items in 0.0 seconds
2024-04-21 19:50:14.021 [i] Apps.Desktop: Cataloged 11 items in 0.0 seconds
2024-04-21 20:25:14.032 [i] Apps.Desktop: Cataloged 11 items in 0.0 seconds
2024-04-21 20:43:07.448 [i] Apps.StartMenu: Cataloged 426 items in 0.0 seconds
2024-04-21 21:00:14.033 [i] Apps.Desktop: Cataloged 11 items in 0.0 seconds
2024-04-21 21:30:14.031 [i] Apps.Desktop: Cataloged 11 items in 0.0 seconds
2024-04-21 22:00:14.044 [i] Apps.Desktop: Cataloged 11 items in 0.0 seconds
2024-04-21 22:35:14.056 [i] Apps.Desktop: Cataloged 11 items in 0.0 seconds
2024-04-21 23:05:14.055 [i] Apps.Desktop: Cataloged 11 items in 0.0 seconds
2024-04-21 23:35:14.059 [i] Apps.Desktop: Cataloged 11 items in 0.0 seconds
2024-04-22 00:05:14.052 [i] Apps.Desktop: Cataloged 11 items in 0.0 seconds
2024-04-22 00:40:14.049 [i] Apps.Desktop: Cataloged 11 items in 0.0 seconds
2024-04-22 01:15:14.050 [i] Apps.Desktop: Cataloged 11 items in 0.0 seconds
2024-04-22 01:45:14.078 [i] Apps.Desktop: Cataloged 11 items in 0.0 seconds
2024-04-22 02:20:14.082 [i] Apps.Desktop: Cataloged 11 items in 0.0 seconds
2024-04-22 02:50:14.078 [i] Apps.Desktop: Cataloged 11 items in 0.0 seconds
2024-04-22 03:20:14.088 [i] Apps.Desktop: Cataloged 11 items in 0.0 seconds
2024-04-22 03:50:14.088 [i] Apps.Desktop: Cataloged 11 items in 0.0 seconds
2024-04-22 04:25:14.091 [i] Apps.Desktop: Cataloged 11 items in 0.0 seconds
2024-04-22 04:55:14.088 [i] Apps.Desktop: Cataloged 11 items in 0.0 seconds
2024-04-22 05:25:14.090 [i] Apps.Desktop: Cataloged 11 items in 0.0 seconds
2024-04-22 05:55:14.091 [i] Apps.Desktop: Cataloged 11 items in 0.0 seconds
2024-04-22 06:30:14.090 [i] Apps.Desktop: Cataloged 11 items in 0.0 seconds
2024-04-22 07:00:14.098 [i] Apps.Desktop: Cataloged 11 items in 0.0 seconds
2024-04-22 07:30:14.097 [i] Apps.Desktop: Cataloged 11 items in 0.0 seconds
2024-04-22 08:00:14.091 [i] Apps.Desktop: Cataloged 11 items in 0.0 seconds
2024-04-22 08:30:14.106 [i] Apps.Desktop: Cataloged 11 items in 0.0 seconds
2024-04-22 09:05:14.092 [i] Apps.Desktop: Cataloged 11 items in 0.0 seconds
2024-04-22 09:40:14.112 [i] Apps.Desktop: Cataloged 11 items in 0.0 seconds
2024-04-22 10:15:14.104 [i] Apps.Desktop: Cataloged 11 items in 0.0 seconds
2024-04-22 10:45:14.119 [i] Apps.Desktop: Cataloged 11 items in 0.0 seconds
2024-04-22 11:15:14.113 [i] Apps.Desktop: Cataloged 11 items in 0.0 seconds
2024-04-22 11:50:14.124 [i] Apps.Desktop: Cataloged 11 items in 0.0 seconds
2024-04-22 12:25:14.131 [i] Apps.Desktop: Cataloged 11 items in 0.0 seconds
2024-04-22 12:55:14.134 [i] Apps.Desktop: Cataloged 11 items in 0.0 seconds
2024-04-22 13:25:14.148 [i] Apps.Desktop: Cataloged 11 items in 0.0 seconds
2024-04-22 13:55:14.154 [i] Apps.Desktop: Cataloged 11 items in 0.0 seconds
2024-04-22 14:25:14.165 [i] Apps.Desktop: Cataloged 11 items in 0.0 seconds
2024-04-22 14:55:14.175 [i] Apps.Desktop: Cataloged 11 items in 0.0 seconds
2024-04-22 15:30:14.183 [i] Apps.Desktop: Cataloged 11 items in 0.0 seconds
2024-04-22 15:47:21.336 [i] Apps.Desktop: Cataloged 11 items in 0.0 seconds
2024-04-22 15:47:39.802 [i] Apps.Desktop: Cataloged 11 items in 0.0 seconds
2024-04-22 15:47:56.871 [i] Apps.Desktop: Cataloged 11 items in 0.0 seconds
2024-04-22 15:48:07.589 [i] Apps.Desktop: Cataloged 11 items in 0.0 seconds
2024-04-22 15:48:15.556 [i] Apps.Desktop: Cataloged 11 items in 0.0 seconds
2024-04-22 15:48:18.165 [i] Apps.Desktop: Cataloged 11 items in 0.0 seconds
2024-04-22 15:48:59.545 [i] Apps.Desktop: Cataloged 11 items in 0.0 seconds
2024-04-22 15:50:56.591 [i] Apps.Desktop: Cataloged 11 items in 0.0 seconds
2024-04-22 16:03:23.746 [i] Apps.Desktop: Cataloged 11 items in 0.0 seconds
2024-04-22 16:33:23.760 [i] Apps.Desktop: Cataloged 11 items in 0.0 seconds
2024-04-22 16:48:10.599 [i] Apps.Desktop: Cataloged 11 items in 0.0 seconds
2024-04-22 17:03:23.752 [i] Apps.Desktop: Cataloged 11 items in 0.0 seconds
2024-04-22 17:38:23.770 [i] Apps.Desktop: Cataloged 11 items in 0.0 seconds
2024-04-22 18:08:23.773 [i] Apps.Desktop: Cataloged 11 items in 0.0 seconds
2024-04-22 18:43:23.771 [i] Apps.Desktop: Cataloged 11 items in 0.0 seconds
2024-04-22 19:04:01.730 [i] Apps.Desktop: Cataloged 11 items in 0.0 seconds
2024-04-22 19:19:08.710 [i] Apps.Desktop: Cataloged 11 items in 0.0 seconds
2024-04-22 19:29:06.371 [i] Apps.Desktop: Cataloged 11 items in 0.0 seconds
2024-04-22 19:49:09.288 [i] Apps.Desktop: Cataloged 11 items in 0.0 seconds
2024-04-22 20:04:05.683 [i] Apps.Desktop: Cataloged 11 items in 0.0 seconds
2024-04-22 20:24:09.944 [i] Apps.Desktop: Cataloged 11 items in 0.0 seconds
2024-04-22 20:32:34.796 [i] Apps.Desktop: Cataloged 12 items in 0.0 seconds
2024-04-22 20:32:37.863 [i] Apps.StartMenu: Cataloged 434 items in 0.6 seconds
2024-04-22 20:54:09.316 [i] Apps.Desktop: Cataloged 12 items in 0.0 seconds
2024-04-22 21:12:15.709 [i] Apps.Desktop: Cataloged 12 items in 0.0 seconds
2024-04-22 21:22:14.041 [i] Apps.Desktop: Cataloged 12 items in 0.0 seconds
2024-04-22 21:22:17.493 [i] Apps.Desktop: Cataloged 12 items in 0.0 seconds
2024-04-23 14:30:23.745 [i] Apps.StartMenu: Cataloged 434 items in 0.0 seconds
2024-04-23 14:32:45.659 [i] Apps.Desktop: Cataloged 12 items in 0.0 seconds
2024-04-23 14:33:00.891 [i] Apps.Desktop: Cataloged 12 items in 0.0 seconds
2024-04-23 14:33:15.949 [i] Apps.Desktop: Cataloged 12 items in 0.0 seconds
2024-04-23 14:33:22.538 [i] Apps.Desktop: Cataloged 12 items in 0.0 seconds
2024-04-23 14:33:36.732 [i] Apps.Desktop: Cataloged 12 items in 0.0 seconds
2024-04-23 14:34:04.616 [i] Apps.Desktop: Cataloged 12 items in 0.0 seconds
2024-04-23 14:34:55.167 [i] Apps.Desktop: Cataloged 12 items in 0.0 seconds
2024-04-23 14:35:20.193 [i] Apps.Desktop: Cataloged 12 items in 0.0 seconds
2024-04-23 14:36:24.793 [i] Apps.Desktop: Cataloged 12 items in 0.0 seconds
2024-04-23 14:36:54.681 [i] Apps.Desktop: Cataloged 12 items in 0.0 seconds
2024-04-23 14:37:51.534 [i] Apps.Desktop: Cataloged 12 items in 0.0 seconds
2024-04-23 14:38:13.994 [i] Apps.Desktop: Cataloged 12 items in 0.0 seconds
2024-04-23 14:40:23.951 [i] Apps.Desktop: Cataloged 12 items in 0.0 seconds
2024-04-23 14:40:28.635 [i] Apps.Desktop: Cataloged 12 items in 0.0 seconds
2024-04-23 14:42:55.878 [i] Apps.Desktop: Cataloged 12 items in 0.0 seconds
2024-04-23 14:43:00.579 [i] Apps.Desktop: Cataloged 12 items in 0.0 seconds
2024-04-23 14:44:08.117 [i] Apps.Desktop: Cataloged 12 items in 0.0 seconds
2024-04-23 14:45:29.320 [i] Apps.Desktop: Cataloged 12 items in 0.0 seconds
2024-04-23 14:47:31.478 [i] Apps.Desktop: Cataloged 12 items in 0.0 seconds
2024-04-23 14:47:40.275 [i] Apps.Desktop: Cataloged 12 items in 0.0 seconds
2024-04-23 14:47:43.235 [i] Apps.Desktop: Cataloged 12 items in 0.0 seconds
2024-04-23 14:47:57.593 [i] Apps.Desktop: Cataloged 12 items in 0.0 seconds
2024-04-23 14:48:21.090 [i] Apps.Desktop: Cataloged 12 items in 0.0 seconds
2024-04-23 14:48:36.695 [i] Apps.Desktop: Cataloged 12 items in 0.0 seconds
2024-04-23 14:49:34.829 [i] Apps.Desktop: Cataloged 12 items in 0.0 seconds
2024-04-23 14:49:52.339 [i] Apps.Desktop: Cataloged 12 items in 0.0 seconds
2024-04-23 14:50:25.015 [i] Apps.Desktop: Cataloged 12 items in 0.0 seconds
2024-04-23 14:50:41.617 [i] Apps.Desktop: Cataloged 12 items in 0.0 seconds
2024-04-23 14:51:41.866 [i] Apps.Desktop: Cataloged 12 items in 0.0 seconds
2024-04-23 14:51:49.464 [i] Apps.Desktop: Cataloged 12 items in 0.0 seconds
2024-04-23 14:52:20.585 [i] Apps.Desktop: Cataloged 12 items in 0.0 seconds
2024-04-23 14:52:41.264 [i] Apps.Desktop: Cataloged 12 items in 0.0 seconds
2024-04-23 14:52:47.351 [i] Apps.Desktop: Cataloged 12 items in 0.0 seconds
2024-04-23 14:53:20.542 [i] Apps.Desktop: Cataloged 12 items in 0.0 seconds
2024-04-23 14:53:30.798 [i] Apps.Desktop: Cataloged 12 items in 0.0 seconds
2024-04-23 14:53:49.753 [i] Apps.Desktop: Cataloged 12 items in 0.0 seconds
2024-04-23 14:54:26.323 [i] Apps.Desktop: Cataloged 12 items in 0.0 seconds
2024-04-23 14:54:32.992 [i] Apps.Desktop: Cataloged 12 items in 0.0 seconds
2024-04-23 14:55:03.910 [i] Apps.Desktop: Cataloged 12 items in 0.0 seconds
2024-04-23 14:55:16.402 [i] Apps.Desktop: Cataloged 12 items in 0.0 seconds
2024-04-23 14:55:28.783 [i] Apps.Desktop: Cataloged 12 items in 0.0 seconds
2024-04-23 14:55:32.591 [i] Apps.Desktop: Cataloged 12 items in 0.0 seconds
2024-04-23 14:57:42.253 [i] Apps.Desktop: Cataloged 12 items in 0.0 seconds
2024-04-23 14:58:14.418 [i] Apps.Desktop: Cataloged 12 items in 0.0 seconds
2024-04-23 14:58:26.543 [i] Apps.Desktop: Cataloged 12 items in 0.0 seconds
2024-04-23 14:58:28.899 [i] Apps.Desktop: Cataloged 12 items in 0.0 seconds
2024-04-23 14:58:32.791 [i] Apps.Desktop: Cataloged 12 items in 0.0 seconds
2024-04-23 14:59:53.205 [i] Apps.Desktop: Cataloged 12 items in 0.0 seconds
2024-04-23 15:00:02.652 [i] Apps.Desktop: Cataloged 12 items in 0.0 seconds
2024-04-23 15:00:21.122 [i] Apps.Desktop: Cataloged 12 items in 0.0 seconds
2024-04-23 15:01:24.249 [i] Apps.Desktop: Cataloged 12 items in 0.0 seconds
2024-04-23 15:01:37.657 [i] Apps.Desktop: Cataloged 12 items in 0.0 seconds
2024-04-23 15:03:04.797 [i] Apps.Desktop: Cataloged 12 items in 0.0 seconds
2024-04-23 15:03:15.962 [i] Apps.Desktop: Cataloged 12 items in 0.0 seconds
2024-04-23 15:03:20.421 [i] Apps.Desktop: Cataloged 12 items in 0.0 seconds
2024-04-23 15:03:37.681 [i] Apps.Desktop: Cataloged 12 items in 0.0 seconds
2024-04-23 15:03:42.699 [i] Apps.Desktop: Cataloged 12 items in 0.0 seconds
2024-04-23 15:03:45.835 [i] Apps.Desktop: Cataloged 12 items in 0.0 seconds
2024-04-23 15:03:53.659 [i] Apps.Desktop: Cataloged 12 items in 0.0 seconds
2024-04-23 15:03:55.967 [i] Apps.Desktop: Cataloged 12 items in 0.0 seconds
2024-04-23 15:04:02.712 [i] Apps.Desktop: Cataloged 12 items in 0.0 seconds
2024-04-23 15:04:10.554 [i] Apps.Desktop: Cataloged 12 items in 0.0 seconds
2024-04-23 15:04:29.916 [i] Apps.Desktop: Cataloged 12 items in 0.0 seconds
2024-04-23 15:05:26.872 [i] Apps.Desktop: Cataloged 12 items in 0.0 seconds
2024-04-23 15:05:54.914 [i] Apps.Desktop: Cataloged 12 items in 0.0 seconds
2024-04-23 15:05:58.475 [i] Apps.Desktop: Cataloged 12 items in 0.0 seconds
2024-04-23 15:06:10.971 [i] Apps.Desktop: Cataloged 12 items in 0.0 seconds
2024-04-23 15:06:28.505 [i] Apps.Desktop: Cataloged 12 items in 0.0 seconds
2024-04-23 15:06:57.447 [i] Apps.Desktop: Cataloged 12 items in 0.0 seconds
2024-04-23 15:07:01.074 [i] Apps.Desktop: Cataloged 12 items in 0.0 seconds
2024-04-23 15:07:07.126 [i] Apps.Desktop: Cataloged 12 items in 0.0 seconds
2024-04-23 15:07:30.277 [i] Apps.Desktop: Cataloged 12 items in 0.0 seconds
2024-04-23 15:10:31.317 [i] Apps.Desktop: Cataloged 12 items in 0.0 seconds
2024-04-23 15:20:32.366 [i] Apps.Desktop: Cataloged 12 items in 0.0 seconds
2024-04-23 15:21:49.162 [i] Apps.Desktop: Cataloged 12 items in 0.0 seconds
2024-04-23 15:22:35.255 [i] Apps.Desktop: Cataloged 12 items in 0.0 seconds
2024-04-23 15:22:57.996 [i] Apps.Desktop: Cataloged 12 items in 0.0 seconds
2024-04-23 15:26:59.474 [i] Apps.Desktop: Cataloged 12 items in 0.0 seconds
2024-04-23 15:29:12.955 [i] Apps.Desktop: Cataloged 12 items in 0.0 seconds
2024-04-23 15:38:02.071 [i] Apps.Desktop: Cataloged 12 items in 0.0 seconds
2024-04-23 15:41:14.039 [i] Apps.Desktop: Cataloged 12 items in 0.0 seconds
2024-04-23 15:41:24.764 [i] Apps.Desktop: Cataloged 12 items in 0.0 seconds
2024-04-23 15:42:01.296 [i] Apps.Desktop: Cataloged 12 items in 0.0 seconds
2024-04-23 15:46:27.199 [i] Apps.Desktop: Cataloged 12 items in 0.0 seconds
2024-04-23 15:46:43.726 [i] Apps.Desktop: Cataloged 12 items in 0.0 seconds
2024-04-23 15:46:47.777 [i] Apps.Desktop: Cataloged 12 items in 0.0 seconds
2024-04-23 15:47:08.861 [i] Apps.Desktop: Cataloged 12 items in 0.0 seconds
2024-04-23 15:47:13.395 [i] Apps.Desktop: Cataloged 12 items in 0.0 seconds
2024-04-23 15:49:38.106 [i] Apps.Desktop: Cataloged 12 items in 0.0 seconds
2024-04-23 15:51:06.138 [i] Apps.Desktop: Cataloged 12 items in 0.0 seconds
2024-04-23 15:51:09.852 [i] Apps.Desktop: Cataloged 12 items in 0.0 seconds
2024-04-23 15:51:27.058 [i] Apps.Desktop: Cataloged 12 items in 0.0 seconds
2024-04-23 15:51:39.104 [i] Apps.Desktop: Cataloged 12 items in 0.0 seconds
2024-04-23 15:51:41.790 [i] Apps.Desktop: Cataloged 12 items in 0.0 seconds
2024-04-23 15:52:51.423 [i] Apps.Desktop: Cataloged 12 items in 0.0 seconds
2024-04-23 15:53:06.208 [i] Apps.Desktop: Cataloged 12 items in 0.0 seconds
2024-04-23 15:53:14.377 [i] Apps.Desktop: Cataloged 12 items in 0.0 seconds
2024-04-23 15:58:05.943 [i] Apps.Desktop: Cataloged 12 items in 0.0 seconds
2024-04-23 15:58:18.873 [i] Apps.StartMenu: Cataloged 561 items in 0.0 seconds
2024-04-23 16:19:01.683 [i] Apps.Desktop: Cataloged 12 items in 0.0 seconds
2024-04-23 16:19:17.865 [i] Apps.Desktop: Cataloged 12 items in 0.0 seconds
2024-04-23 16:19:33.778 [i] Apps.Desktop: Cataloged 12 items in 0.0 seconds
2024-04-23 16:19:45.171 [i] Apps.Desktop: Cataloged 12 items in 0.0 seconds
2024-04-23 16:19:57.759 [i] Apps.Desktop: Cataloged 12 items in 0.0 seconds
2024-04-23 16:20:02.067 [i] Apps.Desktop: Cataloged 12 items in 0.0 seconds
2024-04-23 16:20:04.547 [i] Apps.Desktop: Cataloged 12 items in 0.0 seconds
2024-04-23 22:49:40.728 [i] Apps.StartMenu: Cataloged 560 items in 0.0 seconds
2024-04-24 05:10:53.595 [i] Apps.StartMenu: Cataloged 560 items in 0.0 seconds
2024-04-24 05:10:56.656 [i] Apps.StartMenu: Cataloged 560 items in 0.0 seconds
2024-04-24 05:11:00.919 [i] Apps.StartMenu: Cataloged 560 items in 0.0 seconds
2024-04-24 05:11:04.224 [i] Apps.StartMenu: Cataloged 560 items in 0.0 seconds
2024-04-24 06:10:22.997 [i] Received TaskbarCreated system message
2024-04-24 07:49:46.068 [i] Apps.Desktop: Cataloged 12 items in 0.0 seconds
2024-04-24 07:50:54.920 [i] Apps.Desktop: Cataloged 12 items in 0.0 seconds
2024-04-24 07:51:04.681 [i] Apps.Desktop: Cataloged 12 items in 0.0 seconds
2024-04-24 07:51:15.171 [i] Apps.Desktop: Cataloged 12 items in 0.0 seconds
2024-04-24 07:51:27.529 [i] Apps.Desktop: Cataloged 12 items in 0.0 seconds
2024-04-24 10:44:38.604 [i] Apps.Desktop: Cataloged 12 items in 0.0 seconds
2024-04-24 10:52:17.808 [i] Apps.Desktop: Cataloged 12 items in 0.0 seconds
2024-04-24 10:56:37.143 [i] Apps.Desktop: Cataloged 12 items in 0.0 seconds
2024-04-24 10:59:04.966 [i] Apps.Desktop: Cataloged 12 items in 0.0 seconds
2024-04-24 11:00:10.676 [i] Received TaskbarCreated system message
2024-04-24 11:07:59.565 [i] Apps.Desktop: Cataloged 12 items in 0.0 seconds
2024-04-24 11:23:24.592 [i] Apps.Desktop: Cataloged 12 items in 0.0 seconds
2024-04-24 12:43:20.842 [i] Apps.Desktop: Cataloged 12 items in 0.0 seconds
2024-04-24 12:43:25.202 [i] Apps.Desktop: Cataloged 12 items in 0.0 seconds
2024-04-24 12:43:30.991 [i] Apps.Desktop: Cataloged 12 items in 0.0 seconds
2024-04-24 12:44:09.328 [i] Apps.Desktop: Cataloged 12 items in 0.0 seconds
2024-04-24 12:44:30.380 [i] Apps.Desktop: Cataloged 12 items in 0.0 seconds
2024-04-24 12:44:33.534 [i] Apps.Desktop: Cataloged 12 items in 0.0 seconds
2024-04-24 12:44:37.132 [i] Apps.Desktop: Cataloged 12 items in 0.0 seconds
2024-04-24 12:44:48.048 [i] Apps.Desktop: Cataloged 12 items in 0.0 seconds
2024-04-24 12:44:52.959 [i] Apps.Desktop: Cataloged 12 items in 0.0 seconds
2024-04-24 12:44:54.978 [i] Apps.Desktop: Cataloged 12 items in 0.0 seconds
2024-04-24 12:46:36.240 [i] Apps.Desktop: Cataloged 12 items in 0.0 seconds
2024-04-24 12:47:40.565 [i] Apps.Desktop: Cataloged 12 items in 0.0 seconds
2024-04-24 12:47:43.872 [i] Apps.Desktop: Cataloged 12 items in 0.0 seconds
2024-04-24 12:48:14.241 [i] Apps.Desktop: Cataloged 12 items in 0.0 seconds
2024-04-24 12:48:57.012 [i] Apps.Desktop: Cataloged 12 items in 0.0 seconds
2024-04-24 12:49:12.510 [i] Apps.Desktop: Cataloged 12 items in 0.0 seconds
2024-04-24 12:49:15.833 [i] Apps.Desktop: Cataloged 12 items in 0.0 seconds
2024-04-24 12:49:17.942 [i] Apps.Desktop: Cataloged 12 items in 0.0 seconds
2024-04-24 12:59:19.430 [i] Apps.Desktop: Cataloged 12 items in 0.0 seconds
2024-04-24 13:29:19.515 [i] Apps.Desktop: Cataloged 12 items in 0.0 seconds
2024-04-24 13:46:49.242 [i] Apps.Desktop: Cataloged 12 items in 0.0 seconds
2024-04-24 13:46:57.582 [i] Apps.Desktop: Cataloged 12 items in 0.0 seconds
2024-04-24 13:48:03.915 [i] Apps.Desktop: Cataloged 12 items in 0.0 seconds
2024-04-24 13:48:08.790 [i] Apps.Desktop: Cataloged 12 items in 0.0 seconds
2024-04-24 13:49:11.455 [i] Apps.Desktop: Cataloged 12 items in 0.0 seconds
2024-04-24 13:49:37.671 [i] Apps.Desktop: Cataloged 12 items in 0.0 seconds
2024-04-24 13:59:17.595 [i] Apps.Desktop: Cataloged 12 items in 0.0 seconds
2024-04-24 14:06:57.454 [i] Apps.Desktop: Cataloged 12 items in 0.0 seconds
2024-04-24 14:10:49.259 [i] Apps.Desktop: Cataloged 12 items in 0.0 seconds
2024-04-24 14:12:18.964 [i] Apps.Desktop: Cataloged 12 items in 0.0 seconds
2024-04-24 14:12:25.844 [i] Apps.Desktop: Cataloged 12 items in 0.0 seconds
2024-04-24 14:12:42.762 [i] Apps.Desktop: Cataloged 12 items in 0.0 seconds
2024-04-24 14:13:26.424 [i] Apps.Desktop: Cataloged 12 items in 0.0 seconds
2024-04-24 14:14:23.393 [i] Apps.Desktop: Cataloged 12 items in 0.0 seconds
2024-04-24 14:14:34.601 [i] Apps.Desktop: Cataloged 12 items in 0.0 seconds
2024-04-24 14:15:05.979 [i] Apps.Desktop: Cataloged 12 items in 0.0 seconds
2024-04-24 14:15:22.863 [i] Apps.Desktop: Cataloged 12 items in 0.0 seconds
2024-04-24 14:15:31.583 [i] Apps.Desktop: Cataloged 12 items in 0.0 seconds
2024-04-24 14:16:10.769 [i] Apps.Desktop: Cataloged 12 items in 0.0 seconds
2024-04-24 14:16:26.726 [i] Apps.Desktop: Cataloged 12 items in 0.0 seconds
2024-04-24 14:16:59.736 [i] Apps.Desktop: Cataloged 12 items in 0.0 seconds
2024-04-24 14:17:01.803 [i] Apps.Desktop: Cataloged 12 items in 0.0 seconds
2024-04-24 14:17:32.415 [i] Apps.Desktop: Cataloged 12 items in 0.0 seconds
2024-04-24 14:17:45.670 [i] Apps.Desktop: Cataloged 12 items in 0.0 seconds
2024-04-24 14:17:49.624 [i] Apps.Desktop: Cataloged 12 items in 0.0 seconds
2024-04-24 14:17:57.736 [i] Apps.Desktop: Cataloged 12 items in 0.0 seconds
2024-04-24 14:19:19.681 [i] Apps.Desktop: Cataloged 12 items in 0.0 seconds
2024-04-24 14:19:22.164 [i] Apps.Desktop: Cataloged 12 items in 0.0 seconds
2024-04-24 14:19:42.050 [i] Apps.Desktop: Cataloged 12 items in 0.0 seconds
2024-04-24 14:19:45.800 [i] Apps.Desktop: Cataloged 12 items in 0.0 seconds
2024-04-24 14:21:05.239 [i] Apps.Desktop: Cataloged 12 items in 0.0 seconds
2024-04-24 14:21:24.392 [i] Apps.Desktop: Cataloged 12 items in 0.0 seconds
2024-04-24 14:21:26.430 [i] Apps.Desktop: Cataloged 12 items in 0.0 seconds
2024-04-24 14:22:21.067 [i] Apps.Desktop: Cataloged 12 items in 0.0 seconds
2024-04-24 14:24:59.854 [i] Apps.Desktop: Cataloged 12 items in 0.0 seconds
2024-04-24 14:25:56.566 [i] Apps.Desktop: Cataloged 12 items in 0.0 seconds
2024-04-24 14:26:08.803 [i] Apps.Desktop: Cataloged 12 items in 0.0 seconds
2024-04-24 14:27:13.519 [i] Apps.Desktop: Cataloged 12 items in 0.0 seconds
2024-04-24 14:27:20.460 [i] Apps.Desktop: Cataloged 12 items in 0.0 seconds
2024-04-24 14:27:38.458 [i] Apps.Desktop: Cataloged 12 items in 0.0 seconds
2024-04-24 14:27:58.548 [i] Apps.Desktop: Cataloged 12 items in 0.0 seconds
2024-04-24 14:28:37.240 [i] Apps.Desktop: Cataloged 12 items in 0.0 seconds
2024-04-24 14:28:43.140 [i] Apps.Desktop: Cataloged 12 items in 0.0 seconds
2024-04-24 14:29:00.761 [i] Apps.Desktop: Cataloged 12 items in 0.0 seconds
2024-04-24 14:32:50.775 [i] Apps.Desktop: Cataloged 12 items in 0.0 seconds
2024-04-24 14:32:59.190 [i] Apps.Desktop: Cataloged 12 items in 0.0 seconds
2024-04-24 14:33:50.885 [i] Apps.Desktop: Cataloged 12 items in 0.0 seconds
2024-04-24 14:34:07.035 [i] Apps.Desktop: Cataloged 12 items in 0.0 seconds
2024-04-24 14:35:04.339 [i] Apps.Desktop: Cataloged 12 items in 0.0 seconds
2024-04-24 14:35:37.625 [i] Apps.Desktop: Cataloged 12 items in 0.0 seconds
2024-04-24 14:35:41.158 [i] Apps.Desktop: Cataloged 12 items in 0.0 seconds
2024-04-24 14:36:03.352 [i] Apps.Desktop: Cataloged 12 items in 0.0 seconds
2024-04-24 14:36:32.660 [i] Apps.Desktop: Cataloged 12 items in 0.0 seconds
2024-04-24 14:41:38.042 [i] Apps.Desktop: Cataloged 12 items in 0.0 seconds
2024-04-24 15:06:38.152 [i] Apps.Desktop: Cataloged 12 items in 0.0 seconds
2024-04-24 15:16:38.052 [i] Apps.Desktop: Cataloged 12 items in 0.0 seconds
2024-04-24 15:26:19.801 [i] Apps.Desktop: Cataloged 12 items in 0.0 seconds
2024-04-24 15:29:08.545 [i] Apps.Desktop: Cataloged 12 items in 0.0 seconds
2024-04-24 15:29:29.166 [i] Apps.Desktop: Cataloged 12 items in 0.0 seconds
2024-04-24 15:29:45.631 [i] Apps.Desktop: Cataloged 12 items in 0.0 seconds
2024-04-24 15:32:53.128 [i] Apps.Desktop: Cataloged 12 items in 0.0 seconds
2024-04-24 15:32:57.427 [i] Apps.Desktop: Cataloged 12 items in 0.0 seconds
2024-04-24 15:33:00.697 [i] Apps.Desktop: Cataloged 12 items in 0.0 seconds
2024-04-24 15:33:08.717 [i] Apps.Desktop: Cataloged 12 items in 0.0 seconds
2024-04-24 15:33:58.767 [i] Apps.Desktop: Cataloged 12 items in 0.0 seconds
2024-04-24 15:34:04.171 [i] Apps.Desktop: Cataloged 12 items in 0.0 seconds
2024-04-24 15:34:29.398 [i] Apps.Desktop: Cataloged 12 items in 0.0 seconds
2024-04-24 15:35:29.523 [i] Apps.Desktop: Cataloged 12 items in 0.0 seconds
2024-04-24 15:35:46.172 [i] Apps.Desktop: Cataloged 12 items in 0.0 seconds
2024-04-24 15:35:49.376 [i] Apps.Desktop: Cataloged 12 items in 0.0 seconds
2024-04-24 15:35:55.149 [i] Apps.Desktop: Cataloged 12 items in 0.0 seconds
2024-04-24 15:36:23.693 [i] Apps.Desktop: Cataloged 12 items in 0.0 seconds
2024-04-24 15:39:33.409 [i] Apps.Desktop: Cataloged 12 items in 0.0 seconds
2024-04-24 15:39:43.936 [i] Apps.Desktop: Cataloged 12 items in 0.0 seconds
2024-04-24 15:39:46.497 [i] Apps.Desktop: Cataloged 12 items in 0.0 seconds
2024-04-24 15:39:52.969 [i] Apps.Desktop: Cataloged 12 items in 0.0 seconds
2024-04-24 15:44:58.100 [i] Apps.Desktop: Cataloged 12 items in 0.0 seconds
2024-04-24 15:49:00.690 [i] Apps.Desktop: Cataloged 12 items in 0.0 seconds
2024-04-24 15:55:16.304 [i] Apps.Desktop: Cataloged 12 items in 0.0 seconds
2024-04-24 15:55:41.632 [i] Apps.Desktop: Cataloged 12 items in 0.0 seconds
2024-04-24 15:55:48.062 [i] Apps.Desktop: Cataloged 12 items in 0.0 seconds
2024-04-24 15:55:51.272 [i] Apps.Desktop: Cataloged 12 items in 0.0 seconds
2024-04-24 15:55:55.630 [i] Apps.Desktop: Cataloged 12 items in 0.0 seconds
2024-04-24 15:55:58.156 [i] Apps.Desktop: Cataloged 12 items in 0.0 seconds
2024-04-24 15:56:04.239 [i] Apps.Desktop: Cataloged 12 items in 0.0 seconds
2024-04-24 15:56:07.425 [i] Apps.Desktop: Cataloged 12 items in 0.0 seconds
2024-04-24 15:57:44.973 [i] Apps.Desktop: Cataloged 12 items in 0.0 seconds
2024-04-24 15:58:29.036 [i] Apps.Desktop: Cataloged 12 items in 0.0 seconds
2024-04-24 15:58:46.106 [i] Apps.Desktop: Cataloged 12 items in 0.0 seconds
2024-04-24 15:58:57.139 [i] Apps.Desktop: Cataloged 12 items in 0.0 seconds
2024-04-24 15:59:27.588 [i] Apps.Desktop: Cataloged 12 items in 0.0 seconds
2024-04-24 16:01:00.947 [i] Apps.Desktop: Cataloged 12 items in 0.0 seconds
2024-04-24 16:01:22.297 [i] Apps.Desktop: Cataloged 12 items in 0.0 seconds
2024-04-24 16:01:25.196 [i] Apps.Desktop: Cataloged 12 items in 0.0 seconds
2024-04-24 16:01:59.580 [i] Apps.Desktop: Cataloged 12 items in 0.0 seconds
2024-04-24 16:02:07.775 [i] Apps.Desktop: Cataloged 12 items in 0.0 seconds
2024-04-24 16:04:21.209 [i] Apps.Desktop: Cataloged 12 items in 0.0 seconds
2024-04-24 16:04:39.553 [i] Apps.Desktop: Cataloged 12 items in 0.0 seconds
2024-04-24 16:04:42.943 [i] Apps.Desktop: Cataloged 12 items in 0.0 seconds
2024-04-24 16:05:04.550 [i] Apps.Desktop: Cataloged 12 items in 0.0 seconds
2024-04-24 16:05:34.837 [i] Apps.Desktop: Cataloged 12 items in 0.0 seconds
2024-04-24 16:05:36.899 [i] Apps.Desktop: Cataloged 12 items in 0.0 seconds
2024-04-24 16:05:41.312 [i] Apps.Desktop: Cataloged 12 items in 0.0 seconds
2024-04-24 16:05:46.046 [i] Apps.Desktop: Cataloged 12 items in 0.0 seconds
2024-04-24 16:05:54.541 [i] Apps.Desktop: Cataloged 12 items in 0.0 seconds
2024-04-24 16:06:04.729 [i] Apps.Desktop: Cataloged 12 items in 0.0 seconds
2024-04-24 16:06:50.178 [i] Apps.Desktop: Cataloged 12 items in 0.0 seconds
2024-04-24 16:07:00.862 [i] Apps.Desktop: Cataloged 12 items in 0.0 seconds
2024-04-24 16:07:14.542 [i] Apps.Desktop: Cataloged 12 items in 0.0 seconds
2024-04-24 16:07:30.023 [i] Apps.Desktop: Cataloged 12 items in 0.0 seconds
2024-04-24 16:07:32.221 [i] Apps.Desktop: Cataloged 12 items in 0.0 seconds
2024-04-24 16:07:35.589 [i] Apps.Desktop: Cataloged 12 items in 0.0 seconds
2024-04-24 16:07:38.750 [i] Apps.Desktop: Cataloged 12 items in 0.0 seconds
2024-04-24 16:07:47.318 [i] Apps.Desktop: Cataloged 12 items in 0.0 seconds
2024-04-24 16:08:02.686 [i] Apps.Desktop: Cataloged 12 items in 0.0 seconds
2024-04-24 16:08:46.273 [i] Apps.Desktop: Cataloged 12 items in 0.0 seconds
2024-04-24 16:09:47.768 [i] Apps.Desktop: Cataloged 12 items in 0.0 seconds
2024-04-24 16:10:00.132 [i] Apps.Desktop: Cataloged 12 items in 0.0 seconds
2024-04-24 16:10:11.708 [i] Apps.Desktop: Cataloged 12 items in 0.0 seconds
2024-04-24 16:10:50.900 [i] Apps.Desktop: Cataloged 12 items in 0.0 seconds
2024-04-24 16:18:07.294 [i] Apps.Desktop: Cataloged 12 items in 0.0 seconds
2024-04-24 16:24:57.023 [i] Apps.Desktop: Cataloged 12 items in 0.0 seconds
2024-04-24 16:25:03.996 [i] Apps.Desktop: Cataloged 12 items in 0.0 seconds
2024-04-24 16:25:07.257 [i] Apps.Desktop: Cataloged 12 items in 0.0 seconds
2024-04-24 16:25:15.390 [i] Apps.Desktop: Cataloged 12 items in 0.0 seconds
2024-04-24 16:25:29.565 [i] Apps.Desktop: Cataloged 12 items in 0.0 seconds
2024-04-24 16:25:46.603 [i] Apps.Desktop: Cataloged 12 items in 0.0 seconds
2024-04-24 16:26:23.537 [i] Apps.Desktop: Cataloged 12 items in 0.0 seconds
2024-04-24 16:26:27.601 [i] Apps.Desktop: Cataloged 12 items in 0.0 seconds
2024-04-24 16:38:02.371 [i] Apps.Desktop: Cataloged 12 items in 0.0 seconds
2024-04-24 16:55:50.501 [i] Apps.Desktop: Cataloged 12 items in 0.0 seconds
2024-04-24 16:56:53.818 [i] Apps.Desktop: Cataloged 12 items in 0.0 seconds
2024-04-24 16:58:04.370 [i] Apps.Desktop: Cataloged 12 items in 0.0 seconds
2024-04-24 16:59:32.163 [i] Apps.Desktop: Cataloged 12 items in 0.0 seconds
2024-04-24 16:59:40.991 [i] Apps.Desktop: Cataloged 12 items in 0.0 seconds
2024-04-24 16:59:44.716 [i] Apps.Desktop: Cataloged 12 items in 0.0 seconds
2024-04-24 16:59:50.838 [i] Apps.Desktop: Cataloged 12 items in 0.0 seconds
2024-04-24 17:01:01.239 [i] Apps.Desktop: Cataloged 12 items in 0.0 seconds
2024-04-24 17:01:32.481 [i] Apps.Desktop: Cataloged 12 items in 0.0 seconds
2024-04-24 17:01:38.899 [i] Apps.Desktop: Cataloged 12 items in 0.0 seconds
2024-04-24 17:01:41.182 [i] Apps.Desktop: Cataloged 12 items in 0.0 seconds
2024-04-24 17:01:51.632 [i] Apps.Desktop: Cataloged 12 items in 0.0 seconds
2024-04-24 17:36:53.314 [i] Apps.Desktop: Cataloged 12 items in 0.0 seconds
2024-04-24 18:06:53.319 [i] Apps.Desktop: Cataloged 12 items in 0.0 seconds
2024-04-24 18:36:53.310 [i] Apps.Desktop: Cataloged 12 items in 0.0 seconds
2024-04-24 19:06:53.327 [i] Apps.Desktop: Cataloged 12 items in 0.0 seconds
2024-04-24 19:36:53.326 [i] Apps.Desktop: Cataloged 12 items in 0.0 seconds
2024-04-24 20:01:33.095 [i] Apps.Desktop: Cataloged 12 items in 0.0 seconds
2024-04-24 20:07:33.108 [i] Apps.Desktop: Cataloged 12 items in 0.0 seconds
2024-04-24 20:11:53.836 [i] Apps.Desktop: Cataloged 12 items in 0.0 seconds
2024-04-24 20:16:29.045 [i] Received TaskbarCreated system message
2024-04-24 20:31:55.686 [i] Apps.Desktop: Cataloged 12 items in 0.0 seconds
2024-04-24 20:31:58.068 [i] Apps.Desktop: Cataloged 12 items in 0.0 seconds
2024-04-24 20:32:25.081 [i] Apps.Desktop: Cataloged 12 items in 0.0 seconds
2024-04-24 20:34:12.486 [i] Apps.Desktop: Cataloged 12 items in 0.0 seconds
2024-04-24 20:34:16.064 [i] Apps.Desktop: Cataloged 12 items in 0.0 seconds
2024-04-24 20:34:21.589 [i] Apps.Desktop: Cataloged 12 items in 0.0 seconds
2024-04-24 20:34:26.733 [i] Apps.Desktop: Cataloged 12 items in 0.0 seconds
2024-04-24 20:34:30.707 [i] Apps.Desktop: Cataloged 12 items in 0.0 seconds
2024-04-24 20:34:32.743 [i] Apps.Desktop: Cataloged 12 items in 0.0 seconds
2024-04-24 20:40:44.956 [i] Apps.Desktop: Cataloged 12 items in 0.0 seconds
2024-04-24 20:42:47.365 [i] Apps.Desktop: Cataloged 12 items in 0.0 seconds
2024-04-24 20:42:53.263 [i] Apps.Desktop: Cataloged 12 items in 0.0 seconds
2024-04-24 20:43:00.405 [i] Apps.Desktop: Cataloged 12 items in 0.0 seconds
2024-04-24 20:43:41.320 [i] Apps.Desktop: Cataloged 12 items in 0.0 seconds
2024-04-24 20:45:25.782 [i] Apps.Desktop: Cataloged 12 items in 0.0 seconds
2024-04-24 20:48:01.218 [i] Apps.Desktop: Cataloged 12 items in 0.0 seconds
2024-04-24 20:57:20.988 [i] Apps.Desktop: Cataloged 12 items in 0.0 seconds
2024-04-24 20:58:41.528 [i] Apps.Desktop: Cataloged 12 items in 0.0 seconds
2024-04-24 20:59:01.336 [i] Apps.Desktop: Cataloged 12 items in 0.0 seconds
2024-04-24 20:59:35.689 [i] Apps.Desktop: Cataloged 12 items in 0.0 seconds
2024-04-24 21:01:58.218 [i] Apps.Desktop: Cataloged 12 items in 0.0 seconds
2024-04-24 21:18:01.207 [i] Apps.Desktop: Cataloged 12 items in 0.0 seconds
2024-04-24 21:19:37.605 [i] Python: Failed to execute C:\Users\Användaren\AppData\Roaming\Microsoft\Windows\Start Menu\Programs\Scoop Apps\VSCodium.lnk (action None). Error: file not found: "C:\ProgramData\scoop\apps\vscodium\current\VSCodium.exe" (initial path: "C:\Users\Användaren\AppData\Roaming\Microsoft\Windows\Start Menu\Programs\Scoop Apps\VSCodium.lnk")
2024-04-24 21:29:51.686 [i] Received end-of-session message


2024-04-25 04:46:28.774 [i] Loaded 48 items from history file.
2024-04-25 04:46:28.909 [i] Loaded 4593 items from catalog file.
2024-04-25 04:46:28.987 [i] Init done in 1.0348s, including 0.6653s (64%) for the Python interpreter.
2024-04-25 04:46:28.990 [i] Plugin loaded: Internal.About
2024-04-25 04:46:29.088 [i] Plugin loaded: Apps.CustomCmds (instance #1)
2024-04-25 04:46:29.088 [i] Plugin loaded: Apps.Desktop (instance #1)
2024-04-25 04:46:29.088 [i] Plugin loaded: Apps.EnvPath (instance #1)
2024-04-25 04:46:29.088 [i] Plugin loaded: Apps.ExtraPaths (instance #1)
2024-04-25 04:46:29.088 [i] Plugin loaded: Apps.StartMenu (instance #1)
2024-04-25 04:46:29.120 [i] Plugin loaded: Bookmarks.Bookmarks (instance #1)
2024-04-25 04:46:29.134 [i] Plugin loaded: Calc.Calc (instance #1)
2024-04-25 04:46:29.140 [i] Plugin loaded: ControlPanel.ControlPanel (instance #1)
2024-04-25 04:46:29.144 [i] Plugin loaded: Env.Env (instance #1)
2024-04-25 04:46:29.153 [i] Plugin loaded: Everything.Everything (instance #1)
2024-04-25 04:46:29.157 [i] Plugin loaded: FileBrowser.FileBrowser (instance #1)
2024-04-25 04:46:29.197 [i] Plugin loaded: FilesCatalog.FilesCatalog (instance #1)
2024-04-25 04:46:29.231 [i] Plugin loaded: FileZilla.FileZilla (instance #1)
2024-04-25 04:46:29.236 [i] Plugin loaded: GoogleTranslate.GoogleTranslate (instance #1)
2024-04-25 04:46:29.280 [i] Plugin loaded: PuTTY.PuTTY (instance #1)
2024-04-25 04:46:29.288 [i] Plugin loaded: RegBrowser.RegBrowser (instance #1)
2024-04-25 04:46:29.294 [i] Plugin loaded: String.String (instance #1)
2024-04-25 04:46:29.298 [i] Plugin loaded: TaskSwitcher.TaskSwitcher (instance #1)
2024-04-25 04:46:29.301 [i] Plugin loaded: URL.URL (instance #1)
2024-04-25 04:46:29.304 [i] Plugin loaded: WebSearch.WebSearch (instance #1)
2024-04-25 04:46:29.309 [i] Plugin loaded: WebSuggest.WebSuggest (instance #1)
2024-04-25 04:46:29.312 [i] Plugin loaded: Winamp.Winamp (instance #1)
2024-04-25 04:46:29.315 [i] Plugin loaded: WinSCP.WinSCP (instance #1)
2024-04-25 04:46:30.145 [i] Apps.Desktop: Cataloged 12 items in 0.7 seconds
2024-04-25 04:46:30.153 [i] Apps.StartMenu: Cataloged 560 items in 0.7 seconds
2024-04-25 04:46:32.167 [i] Apps.EnvPath: Cataloged 1162 items in 2.7 seconds
2024-04-25 04:46:32.991 [i] Bookmarks.Bookmarks: Referenced 3657 bookmarks
2024-04-25 05:27:55.137 [i] Python: Failed to execute C:\Users\Användaren\AppData\Roaming\Microsoft\Windows\Start Menu\Programs\Scoop Apps\VSCodium.lnk (action None). Error: file not found: "C:\ProgramData\scoop\apps\vscodium\current\VSCodium.exe" (initial path: "C:\Users\Användaren\AppData\Roaming\Microsoft\Windows\Start Menu\Programs\Scoop Apps\VSCodium.lnk")
2024-04-25 07:20:42.582 [i] Apps.Desktop: Cataloged 12 items in 0.0 seconds
2024-04-25 07:25:49.380 [i] Apps.Desktop: Cataloged 12 items in 0.0 seconds
2024-04-25 07:26:41.737 [i] Apps.Desktop: Cataloged 12 items in 0.0 seconds
2024-04-25 08:17:46.260 [i] Apps.Desktop: Cataloged 12 items in 0.0 seconds
2024-04-25 15:48:54.060 [i] Apps.StartMenu: Cataloged 560 items in 0.1 seconds
2024-04-26 02:21:30.989 [i] Apps.StartMenu: Cataloged 560 items in 0.1 seconds


2024-04-26 05:36:19.785 [i] Loaded 52 items from history file.
2024-04-26 05:36:19.845 [i] Loaded 4593 items from catalog file.
2024-04-26 05:36:19.889 [i] Init done in 0.8020s, including 0.6034s (75%) for the Python interpreter.
2024-04-26 05:36:19.890 [i] Plugin loaded: Internal.About
2024-04-26 05:36:19.978 [i] Plugin loaded: Apps.CustomCmds (instance #1)
2024-04-26 05:36:19.978 [i] Plugin loaded: Apps.Desktop (instance #1)
2024-04-26 05:36:19.978 [i] Plugin loaded: Apps.EnvPath (instance #1)
2024-04-26 05:36:19.978 [i] Plugin loaded: Apps.ExtraPaths (instance #1)
2024-04-26 05:36:19.978 [i] Plugin loaded: Apps.StartMenu (instance #1)
2024-04-26 05:36:19.999 [i] Plugin loaded: Bookmarks.Bookmarks (instance #1)
2024-04-26 05:36:20.007 [i] Plugin loaded: Calc.Calc (instance #1)
2024-04-26 05:36:20.009 [i] Plugin loaded: ControlPanel.ControlPanel (instance #1)
2024-04-26 05:36:20.010 [i] Plugin loaded: Env.Env (instance #1)
2024-04-26 05:36:20.015 [i] Plugin loaded: Everything.Everything (instance #1)
2024-04-26 05:36:20.017 [i] Plugin loaded: FileBrowser.FileBrowser (instance #1)
2024-04-26 05:36:20.030 [i] Plugin loaded: FilesCatalog.FilesCatalog (instance #1)
2024-04-26 05:36:20.052 [i] Plugin loaded: FileZilla.FileZilla (instance #1)
2024-04-26 05:36:20.055 [i] Plugin loaded: GoogleTranslate.GoogleTranslate (instance #1)
2024-04-26 05:36:20.056 [i] Plugin loaded: PuTTY.PuTTY (instance #1)
2024-04-26 05:36:20.060 [i] Plugin loaded: RegBrowser.RegBrowser (instance #1)
2024-04-26 05:36:20.064 [i] Plugin loaded: String.String (instance #1)
2024-04-26 05:36:20.066 [i] Plugin loaded: TaskSwitcher.TaskSwitcher (instance #1)
2024-04-26 05:36:20.068 [i] Plugin loaded: URL.URL (instance #1)
2024-04-26 05:36:20.070 [i] Plugin loaded: WebSearch.WebSearch (instance #1)
2024-04-26 05:36:20.073 [i] Plugin loaded: WebSuggest.WebSuggest (instance #1)
2024-04-26 05:36:20.075 [i] Plugin loaded: Winamp.Winamp (instance #1)
2024-04-26 05:36:20.077 [i] Plugin loaded: WinSCP.WinSCP (instance #1)
2024-04-26 05:36:20.115 [i] Apps.Desktop: Cataloged 12 items in 0.0 seconds
2024-04-26 05:36:20.144 [i] Apps.StartMenu: Cataloged 560 items in 0.0 seconds
2024-04-26 05:36:21.685 [i] Bookmarks.Bookmarks: Referenced 3657 bookmarks
2024-04-26 05:36:21.710 [i] Apps.EnvPath: Cataloged 1162 items in 1.6 seconds
2024-04-26 05:38:41.694 [i] Apps.StartMenu: Cataloged 560 items in 0.0 seconds
2024-04-26 07:42:51.234 [i] Apps.StartMenu: Cataloged 564 items in 0.0 seconds
2024-04-26 07:54:15.268 [i] Apps.StartMenu: Cataloged 564 items in 0.0 seconds
2024-04-26 12:20:37.116 [i] Apps.StartMenu: Cataloged 564 items in 0.0 seconds
2024-04-28 02:49:32.049 [i] Apps.StartMenu: Cataloged 564 items in 0.0 seconds
2024-04-28 22:19:49.605 [i] Apps.StartMenu: Cataloged 564 items in 0.0 seconds
2024-04-28 22:19:53.303 [i] Apps.StartMenu: Cataloged 564 items in 0.0 seconds
2024-04-28 22:20:02.873 [i] Apps.StartMenu: Cataloged 564 items in 0.0 seconds
2024-04-29 08:12:52.184 [i] Python: Failed to execute C:\Users\Användaren\AppData\Roaming\Microsoft\Windows\Start Menu\Programs\Scoop Apps\VSCodium.lnk (action None). Error: file not found: "C:\ProgramData\scoop\apps\vscodium\current\VSCodium.exe" (initial path: "C:\Users\Användaren\AppData\Roaming\Microsoft\Windows\Start Menu\Programs\Scoop Apps\VSCodium.lnk")
2024-04-29 08:22:03.712 [i] Apps.StartMenu: Cataloged 560 items in 0.0 seconds
2024-04-29 08:22:38.291 [i] Apps.StartMenu: Cataloged 562 items in 0.0 seconds
2024-04-29 08:22:44.515 [i] Apps.StartMenu: Cataloged 564 items in 0.0 seconds
2024-04-29 08:22:48.507 [i] Apps.StartMenu: Cataloged 568 items in 0.0 seconds
2024-04-29 08:22:56.617 [i] Environment changed.
2024-04-29 08:22:56.632 [i] Application configuration has changed
2024-04-29 08:22:56.638 [i] Apps.EnvPath: PATH changed, rebuilding catalog...
2024-04-29 08:22:56.693 [i] Apps.EnvPath: Cataloged 1000 items in 0.1 seconds
2024-04-29 08:24:26.711 [i] Environment changed.
2024-04-29 08:24:26.719 [i] Apps.EnvPath: PATH changed, rebuilding catalog...
2024-04-29 08:24:26.761 [i] Apps.EnvPath: Cataloged 991 items in 0.0 seconds
2024-04-29 10:27:59.352 [i] Apps.Desktop: Cataloged 12 items in 0.0 seconds
2024-04-29 12:30:56.392 [i] Received end-of-session message


2024-04-29 12:33:00.504 [i] Loaded 70 items from history file.
2024-04-29 12:33:00.633 [i] Loaded 4599 items from catalog file.
2024-04-29 12:33:00.728 [i] Init done in 1.9235s, including 1.4784s (77%) for the Python interpreter.
2024-04-29 12:33:00.728 [i] Plugin loaded: Internal.About
2024-04-29 12:33:00.899 [i] Plugin loaded: Apps.CustomCmds (instance #1)
2024-04-29 12:33:00.899 [i] Plugin loaded: Apps.Desktop (instance #1)
2024-04-29 12:33:00.899 [i] Plugin loaded: Apps.EnvPath (instance #1)
2024-04-29 12:33:00.899 [i] Plugin loaded: Apps.ExtraPaths (instance #1)
2024-04-29 12:33:00.899 [i] Plugin loaded: Apps.StartMenu (instance #1)
2024-04-29 12:33:00.928 [i] Plugin loaded: Bookmarks.Bookmarks (instance #1)
2024-04-29 12:33:00.943 [i] Plugin loaded: Calc.Calc (instance #1)
2024-04-29 12:33:00.945 [i] Plugin loaded: ControlPanel.ControlPanel (instance #1)
2024-04-29 12:33:00.946 [i] Plugin loaded: Env.Env (instance #1)
2024-04-29 12:33:00.951 [i] Plugin loaded: Everything.Everything (instance #1)
2024-04-29 12:33:00.955 [i] Plugin loaded: FileBrowser.FileBrowser (instance #1)
2024-04-29 12:33:00.978 [i] Plugin loaded: FilesCatalog.FilesCatalog (instance #1)
2024-04-29 12:33:01.015 [i] Plugin loaded: FileZilla.FileZilla (instance #1)
2024-04-29 12:33:01.020 [i] Plugin loaded: GoogleTranslate.GoogleTranslate (instance #1)
2024-04-29 12:33:01.023 [i] Plugin loaded: PuTTY.PuTTY (instance #1)
2024-04-29 12:33:01.027 [i] Plugin loaded: RegBrowser.RegBrowser (instance #1)
2024-04-29 12:33:01.033 [i] Plugin loaded: String.String (instance #1)
2024-04-29 12:33:01.036 [i] Plugin loaded: TaskSwitcher.TaskSwitcher (instance #1)
2024-04-29 12:33:01.041 [i] Plugin loaded: URL.URL (instance #1)
2024-04-29 12:33:01.045 [i] Plugin loaded: WebSearch.WebSearch (instance #1)
2024-04-29 12:33:01.055 [i] Plugin loaded: WebSuggest.WebSuggest (instance #1)
2024-04-29 12:33:01.058 [i] Plugin loaded: Winamp.Winamp (instance #1)
2024-04-29 12:33:01.061 [i] Plugin loaded: WinSCP.WinSCP (instance #1)
2024-04-29 12:33:01.143 [i] Apps.Desktop: Cataloged 12 items in 0.0 seconds
2024-04-29 12:33:01.187 [i] Apps.StartMenu: Cataloged 568 items in 0.1 seconds
2024-04-29 12:33:04.407 [i] Apps.EnvPath: Cataloged 1128 items in 3.3 seconds
2024-04-29 12:33:21.837 [i] Bookmarks.Bookmarks: Referenced 3657 bookmarks
2024-04-29 12:33:53.639 [i] Environment changed.
2024-04-29 12:33:53.652 [i] Apps.EnvPath: PATH changed, rebuilding catalog...
2024-04-29 12:33:53.707 [i] Apps.EnvPath: Cataloged 975 items in 0.1 seconds
2024-04-29 14:50:10.403 [i] Python: Failed to execute C:\Users\Användaren\AppData\Roaming\Microsoft\Windows\Start Menu\Programs\Scoop Apps\VSCodium.lnk (action None). Error: file not found: "C:\ProgramData\scoop\apps\vscodium\current\VSCodium.exe" (initial path: "C:\Users\Användaren\AppData\Roaming\Microsoft\Windows\Start Menu\Programs\Scoop Apps\VSCodium.lnk")
2024-04-29 15:16:45.828 [i] Apps.Desktop: Cataloged 13 items in 0.0 seconds
2024-04-29 15:17:04.792 [i] Apps.Desktop: Cataloged 13 items in 0.0 seconds
2024-04-29 15:36:43.487 [i] Apps.Desktop: Cataloged 13 items in 0.0 seconds
2024-04-29 15:37:29.150 [i] Apps.Desktop: Cataloged 13 items in 0.0 seconds
2024-04-29 15:46:12.461 [i] Apps.Desktop: Cataloged 13 items in 0.0 seconds
2024-04-29 15:48:30.449 [i] Apps.Desktop: Cataloged 13 items in 0.0 seconds
2024-04-29 15:48:33.612 [i] Apps.Desktop: Cataloged 13 items in 0.0 seconds
2024-04-29 15:49:48.011 [i] Apps.Desktop: Cataloged 13 items in 0.0 seconds
2024-04-29 20:09:45.235 [i] Apps.StartMenu: Cataloged 568 items in 0.1 seconds
2024-04-30 10:41:20.068 [i] Received end-of-session message


2024-04-30 10:42:59.361 [i] Loaded 78 items from history file.
2024-04-30 10:42:59.434 [i] Loaded 4584 items from catalog file.
2024-04-30 10:42:59.503 [i] Init done in 1.0043s, including 0.7631s (76%) for the Python interpreter.
2024-04-30 10:42:59.503 [i] Plugin loaded: Internal.About
2024-04-30 10:42:59.596 [i] Plugin loaded: Apps.CustomCmds (instance #1)
2024-04-30 10:42:59.596 [i] Plugin loaded: Apps.Desktop (instance #1)
2024-04-30 10:42:59.596 [i] Plugin loaded: Apps.EnvPath (instance #1)
2024-04-30 10:42:59.596 [i] Plugin loaded: Apps.ExtraPaths (instance #1)
2024-04-30 10:42:59.596 [i] Plugin loaded: Apps.StartMenu (instance #1)
2024-04-30 10:42:59.618 [i] Plugin loaded: Bookmarks.Bookmarks (instance #1)
2024-04-30 10:42:59.630 [i] Plugin loaded: Calc.Calc (instance #1)
2024-04-30 10:42:59.632 [i] Plugin loaded: ControlPanel.ControlPanel (instance #1)
2024-04-30 10:42:59.634 [i] Plugin loaded: Env.Env (instance #1)
2024-04-30 10:42:59.640 [i] Plugin loaded: Everything.Everything (instance #1)
2024-04-30 10:42:59.644 [i] Plugin loaded: FileBrowser.FileBrowser (instance #1)
2024-04-30 10:42:59.660 [i] Plugin loaded: FilesCatalog.FilesCatalog (instance #1)
2024-04-30 10:42:59.692 [i] Plugin loaded: FileZilla.FileZilla (instance #1)
2024-04-30 10:42:59.697 [i] Plugin loaded: GoogleTranslate.GoogleTranslate (instance #1)
2024-04-30 10:42:59.701 [i] Plugin loaded: PuTTY.PuTTY (instance #1)
2024-04-30 10:42:59.706 [i] Plugin loaded: RegBrowser.RegBrowser (instance #1)
2024-04-30 10:42:59.713 [i] Plugin loaded: String.String (instance #1)
2024-04-30 10:42:59.716 [i] Plugin loaded: TaskSwitcher.TaskSwitcher (instance #1)
2024-04-30 10:42:59.719 [i] Plugin loaded: URL.URL (instance #1)
2024-04-30 10:42:59.722 [i] Plugin loaded: WebSearch.WebSearch (instance #1)
2024-04-30 10:42:59.728 [i] Plugin loaded: WebSuggest.WebSuggest (instance #1)
2024-04-30 10:42:59.732 [i] Plugin loaded: Winamp.Winamp (instance #1)
2024-04-30 10:42:59.735 [i] Plugin loaded: WinSCP.WinSCP (instance #1)
2024-04-30 10:43:00.196 [i] Apps.StartMenu: Cataloged 568 items in 0.4 seconds
2024-04-30 10:43:00.198 [i] Apps.Desktop: Cataloged 13 items in 0.4 seconds
2024-04-30 10:43:02.439 [i] Apps.EnvPath: Cataloged 1133 items in 2.6 seconds
2024-04-30 10:43:04.024 [i] Bookmarks.Bookmarks: Referenced 3657 bookmarks
2024-04-30 10:45:13.080 [i] Apps.StartMenu: Cataloged 568 items in 0.0 seconds
2024-04-30 13:33:52.078 [i] Apps.Desktop: Cataloged 14 items in 0.0 seconds
2024-04-30 13:33:53.049 [i] Apps.StartMenu: Cataloged 569 items in 0.0 seconds
2024-04-30 15:10:15.803 [i] Apps.StartMenu: Cataloged 575 items in 0.0 seconds
2024-04-30 22:43:38.648 [i] Apps.StartMenu: Cataloged 577 items in 0.0 seconds
2024-05-02 03:48:23.374 [i] Received end-of-session message


2024-05-02 12:26:32.157 [i] Loaded 82 items from history file.
2024-05-02 12:26:32.209 [i] Loaded 4594 items from catalog file.
2024-05-02 12:26:32.261 [i] Init done in 0.6896s, including 0.4802s (70%) for the Python interpreter.
2024-05-02 12:26:32.261 [i] Plugin loaded: Internal.About
2024-05-02 12:26:32.365 [i] Plugin loaded: Apps.CustomCmds (instance #1)
2024-05-02 12:26:32.365 [i] Plugin loaded: Apps.Desktop (instance #1)
2024-05-02 12:26:32.365 [i] Plugin loaded: Apps.EnvPath (instance #1)
2024-05-02 12:26:32.365 [i] Plugin loaded: Apps.ExtraPaths (instance #1)
2024-05-02 12:26:32.365 [i] Plugin loaded: Apps.StartMenu (instance #1)
2024-05-02 12:26:32.382 [i] Plugin loaded: Bookmarks.Bookmarks (instance #1)
2024-05-02 12:26:32.390 [i] Plugin loaded: Calc.Calc (instance #1)
2024-05-02 12:26:32.391 [i] Plugin loaded: ControlPanel.ControlPanel (instance #1)
2024-05-02 12:26:32.392 [i] Plugin loaded: Env.Env (instance #1)
2024-05-02 12:26:32.396 [i] Plugin loaded: Everything.Everything (instance #1)
2024-05-02 12:26:32.399 [i] Plugin loaded: FileBrowser.FileBrowser (instance #1)
2024-05-02 12:26:32.408 [i] Plugin loaded: FilesCatalog.FilesCatalog (instance #1)
2024-05-02 12:26:32.430 [i] Plugin loaded: FileZilla.FileZilla (instance #1)
2024-05-02 12:26:32.433 [i] Plugin loaded: GoogleTranslate.GoogleTranslate (instance #1)
2024-05-02 12:26:32.435 [i] Plugin loaded: PuTTY.PuTTY (instance #1)
2024-05-02 12:26:32.438 [i] Plugin loaded: RegBrowser.RegBrowser (instance #1)
2024-05-02 12:26:32.441 [i] Plugin loaded: String.String (instance #1)
2024-05-02 12:26:32.444 [i] Plugin loaded: TaskSwitcher.TaskSwitcher (instance #1)
2024-05-02 12:26:32.446 [i] Plugin loaded: URL.URL (instance #1)
2024-05-02 12:26:32.447 [i] Plugin loaded: WebSearch.WebSearch (instance #1)
2024-05-02 12:26:32.450 [i] Plugin loaded: WebSuggest.WebSuggest (instance #1)
2024-05-02 12:26:32.452 [i] Plugin loaded: Winamp.Winamp (instance #1)
2024-05-02 12:26:32.454 [i] Plugin loaded: WinSCP.WinSCP (instance #1)
2024-05-02 12:26:32.502 [i] Apps.Desktop: Cataloged 14 items in 0.0 seconds
2024-05-02 12:26:32.529 [i] Apps.StartMenu: Cataloged 577 items in 0.0 seconds
2024-05-02 12:26:34.278 [i] Apps.EnvPath: Cataloged 1133 items in 1.8 seconds
2024-05-02 12:26:39.860 [i] Bookmarks.Bookmarks: Referenced 3657 bookmarks
2024-05-02 18:47:40.709 [i] Environment changed.
2024-05-02 18:47:40.717 [i] Apps.EnvPath: PATH changed, rebuilding catalog...
2024-05-02 18:47:40.766 [i] Apps.EnvPath: Cataloged 978 items in 0.0 seconds
2024-05-02 18:47:42.601 [i] Apps.StartMenu: Cataloged 587 items in 0.0 seconds
2024-05-02 18:48:08.088 [i] Apps.StartMenu: Cataloged 587 items in 0.0 seconds
2024-05-02 22:45:40.410 [i] Apps.StartMenu: Cataloged 587 items in 0.0 seconds
2024-05-03 05:31:09.212 [i] Environment changed.
2024-05-03 06:03:17.318 [i] Python: Failed to execute C:\Users\Användaren\AppData\Roaming\Microsoft\Windows\Start Menu\Programs\Scoop Apps\VSCodium.lnk (action None). Error: file not found: "C:\ProgramData\scoop\apps\vscodium\current\VSCodium.exe" (initial path: "C:\Users\Användaren\AppData\Roaming\Microsoft\Windows\Start Menu\Programs\Scoop Apps\VSCodium.lnk")
2024-05-04 19:48:38.484 [i] Apps.StartMenu: Cataloged 587 items in 0.3 seconds
2024-05-05 12:34:47.936 [i] Apps.StartMenu: Cataloged 587 items in 0.1 seconds
2024-05-05 14:13:17.515 [i] Apps.StartMenu: Cataloged 587 items in 0.0 seconds
2024-05-05 14:15:22.136 [i] Apps.StartMenu: Cataloged 587 items in 0.0 seconds
2024-05-05 14:17:01.142 [i] Apps.StartMenu: Cataloged 588 items in 0.0 seconds
2024-05-05 14:23:48.993 [i] Apps.StartMenu: Cataloged 588 items in 0.0 seconds
2024-05-05 14:23:57.168 [i] Apps.StartMenu: Cataloged 588 items in 0.0 seconds
2024-05-05 14:24:09.156 [i] Apps.StartMenu: Cataloged 588 items in 0.0 seconds
2024-05-05 14:24:15.702 [i] Environment changed.
2024-05-05 14:24:15.730 [i] Apps.EnvPath: PATH changed, rebuilding catalog...
2024-05-05 14:24:15.777 [i] Apps.EnvPath: Cataloged 994 items in 0.0 seconds
2024-05-05 14:24:20.219 [i] Environment changed.
2024-05-05 14:24:20.230 [i] Apps.EnvPath: PATH changed, rebuilding catalog...
2024-05-05 14:24:20.276 [i] Apps.EnvPath: Cataloged 995 items in 0.0 seconds
2024-05-05 14:24:27.024 [i] Apps.StartMenu: Cataloged 588 items in 0.0 seconds
2024-05-05 14:24:31.824 [i] Apps.StartMenu: Cataloged 588 items in 0.0 seconds
2024-05-05 14:26:51.534 [i] Apps.StartMenu: Cataloged 588 items in 0.0 seconds
2024-05-05 16:49:37.086 [i] Apps.StartMenu: Cataloged 588 items in 0.0 seconds
2024-05-05 16:49:44.147 [i] Apps.StartMenu: Cataloged 588 items in 0.0 seconds
2024-05-05 16:49:53.346 [i] Apps.StartMenu: Cataloged 588 items in 0.0 seconds
2024-05-05 16:50:01.202 [i] Apps.StartMenu: Cataloged 588 items in 0.0 seconds
2024-05-05 16:50:06.594 [i] Apps.StartMenu: Cataloged 588 items in 0.0 seconds
2024-05-05 16:50:09.352 [i] Apps.StartMenu: Cataloged 588 items in 0.0 seconds
2024-05-05 16:51:41.495 [i] Apps.StartMenu: Cataloged 589 items in 0.3 seconds
2024-05-05 16:51:45.139 [i] Apps.StartMenu: Cataloged 589 items in 0.0 seconds
2024-05-05 16:52:16.270 [i] Apps.StartMenu: Cataloged 589 items in 0.0 seconds
2024-05-05 16:52:19.822 [i] Apps.StartMenu: Cataloged 589 items in 0.0 seconds
2024-05-05 16:52:24.971 [i] Apps.StartMenu: Cataloged 589 items in 0.0 seconds
2024-05-05 17:29:25.145 [i] Apps.StartMenu: Cataloged 589 items in 0.0 seconds
2024-05-05 17:29:51.776 [i] Apps.StartMenu: Cataloged 589 items in 0.0 seconds
2024-05-05 17:29:57.501 [i] Apps.StartMenu: Cataloged 589 items in 0.0 seconds
2024-05-05 18:21:13.423 [i] Apps.StartMenu: Cataloged 589 items in 0.0 seconds
2024-05-05 18:21:21.388 [i] Apps.StartMenu: Cataloged 589 items in 0.0 seconds
2024-05-05 18:21:31.216 [i] Apps.StartMenu: Cataloged 589 items in 0.0 seconds
2024-05-05 18:21:47.623 [i] Apps.StartMenu: Cataloged 589 items in 0.0 seconds
2024-05-05 18:22:20.764 [i] Apps.StartMenu: Cataloged 589 items in 0.0 seconds
2024-05-05 18:22:35.541 [i] Environment changed.
2024-05-05 18:22:35.553 [i] Apps.EnvPath: PATH changed, rebuilding catalog...
2024-05-05 18:22:35.598 [i] Apps.EnvPath: Cataloged 1097 items in 0.0 seconds
2024-05-05 18:22:39.189 [i] Apps.StartMenu: Cataloged 589 items in 0.0 seconds
2024-05-05 18:22:45.078 [i] Apps.StartMenu: Cataloged 589 items in 0.0 seconds
2024-05-05 18:22:49.204 [i] Apps.StartMenu: Cataloged 589 items in 0.0 seconds
2024-05-05 18:22:56.669 [i] Apps.StartMenu: Cataloged 589 items in 0.0 seconds
2024-05-05 18:23:16.612 [i] Apps.StartMenu: Cataloged 590 items in 0.0 seconds
2024-05-05 18:23:36.721 [i] Apps.StartMenu: Cataloged 590 items in 0.0 seconds
2024-05-05 18:23:40.927 [i] Apps.StartMenu: Cataloged 590 items in 0.0 seconds
2024-05-05 18:27:31.627 [i] Apps.StartMenu: Cataloged 590 items in 0.0 seconds
2024-05-05 18:27:34.291 [i] Apps.StartMenu: Cataloged 590 items in 0.0 seconds
2024-05-05 18:27:38.938 [i] Apps.StartMenu: Cataloged 591 items in 0.0 seconds
2024-05-05 18:27:45.813 [i] Apps.StartMenu: Cataloged 591 items in 0.0 seconds
2024-05-05 18:27:48.410 [i] Apps.StartMenu: Cataloged 591 items in 0.0 seconds
2024-05-05 18:28:00.889 [i] Apps.StartMenu: Cataloged 591 items in 0.0 seconds
2024-05-05 18:28:04.045 [i] Apps.StartMenu: Cataloged 591 items in 0.0 seconds
2024-05-05 18:28:42.572 [i] Environment changed.
2024-05-05 18:28:42.582 [i] Apps.EnvPath: PATH changed, rebuilding catalog...
2024-05-05 18:28:42.628 [i] Apps.EnvPath: Cataloged 1123 items in 0.0 seconds
2024-05-05 18:28:43.151 [i] Environment changed.
2024-05-05 18:28:43.160 [i] Apps.EnvPath: PATH changed, rebuilding catalog...
2024-05-05 18:28:43.207 [i] Apps.EnvPath: Cataloged 1138 items in 0.0 seconds
2024-05-05 18:28:43.742 [i] Environment changed.
2024-05-05 18:28:44.281 [i] Environment changed.
2024-05-05 18:28:59.621 [i] Apps.StartMenu: Cataloged 591 items in 0.0 seconds
2024-05-05 18:29:14.363 [i] Apps.StartMenu: Cataloged 592 items in 0.0 seconds
2024-05-05 18:29:23.749 [i] Apps.StartMenu: Cataloged 593 items in 0.0 seconds
2024-05-05 18:29:29.471 [i] Apps.StartMenu: Cataloged 593 items in 0.0 seconds
2024-05-05 18:29:47.641 [i] Apps.StartMenu: Cataloged 593 items in 0.0 seconds
2024-05-05 18:29:51.803 [i] Apps.StartMenu: Cataloged 593 items in 0.0 seconds
2024-05-05 18:34:18.478 [i] Apps.StartMenu: Cataloged 593 items in 0.0 seconds
2024-05-05 18:34:40.360 [i] Environment changed.
2024-05-05 18:34:40.368 [i] Apps.EnvPath: PATH changed, rebuilding catalog...
2024-05-05 18:34:40.414 [i] Apps.EnvPath: Cataloged 1160 items in 0.0 seconds
2024-05-05 18:34:42.121 [i] Apps.StartMenu: Cataloged 593 items in 0.0 seconds
2024-05-05 18:40:17.377 [i] Apps.StartMenu: Cataloged 595 items in 0.0 seconds
2024-05-05 18:40:22.842 [i] Apps.StartMenu: Cataloged 597 items in 0.0 seconds
2024-05-05 19:01:48.054 [i] Python: Failed to execute C:\ProgramData\Microsoft\Windows\Start Menu\Program\Scoop Apps\SmartGit.lnk (action None). Error: file not found: "C:\ProgramData\Scoop\apps\smartgit\current\bin\smartgit.exe" (initial path: "C:\ProgramData\Microsoft\Windows\Start Menu\Program\Scoop Apps\SmartGit.lnk")
2024-05-05 19:03:47.204 [i] Python: Failed to execute C:\ProgramData\Microsoft\Windows\Start Menu\Programs\Scoop Apps\SmartGit.lnk (action None). Error: file not found: "C:\ProgramData\Scoop\apps\smartgit\current\bin\smartgit.exe" (initial path: "C:\ProgramData\Microsoft\Windows\Start Menu\Programs\Scoop Apps\SmartGit.lnk")
2024-05-05 19:03:55.522 [i] Python: Failed to execute C:\Users\Användaren\AppData\Roaming\Microsoft\Windows\Start Menu\SmartGit.lnk (action None). Error: file not found: "C:\ProgramData\scoop\apps\smartgit\current\bin\smartgit.exe" (initial path: "C:\Users\Användaren\AppData\Roaming\Microsoft\Windows\Start Menu\SmartGit.lnk")
2024-05-05 19:13:33.453 [i] Apps.StartMenu: Cataloged 597 items in 0.0 seconds
2024-05-05 19:13:44.205 [i] Python: Failed to execute C:\Users\Användaren\AppData\Roaming\Microsoft\Windows\Start Menu\SmartGit.lnk (action None). Error: file not found: "C:\ProgramData\scoop\apps\smartgit\current\bin\smartgit.exe" (initial path: "C:\Users\Användaren\AppData\Roaming\Microsoft\Windows\Start Menu\SmartGit.lnk")
2024-05-06 04:38:50.112 [i] Apps.StartMenu: Cataloged 597 items in 0.0 seconds
2024-05-07 06:25:33.999 [i] Apps.StartMenu: Cataloged 598 items in 0.1 seconds


2024-05-07 09:19:48.411 [i] Loaded 95 items from history file.
2024-05-07 09:19:48.465 [i] Loaded 4800 items from catalog file.
2024-05-07 09:19:48.507 [i] Init done in 0.9429s, including 0.6792s (72%) for the Python interpreter.
2024-05-07 09:19:48.508 [i] Plugin loaded: Internal.About
2024-05-07 09:19:48.634 [i] Plugin loaded: Apps.CustomCmds (instance #1)
2024-05-07 09:19:48.634 [i] Plugin loaded: Apps.Desktop (instance #1)
2024-05-07 09:19:48.634 [i] Plugin loaded: Apps.EnvPath (instance #1)
2024-05-07 09:19:48.634 [i] Plugin loaded: Apps.ExtraPaths (instance #1)
2024-05-07 09:19:48.634 [i] Plugin loaded: Apps.StartMenu (instance #1)
2024-05-07 09:19:48.656 [i] Plugin loaded: Bookmarks.Bookmarks (instance #1)
2024-05-07 09:19:48.666 [i] Plugin loaded: Calc.Calc (instance #1)
2024-05-07 09:19:48.667 [i] Plugin loaded: ControlPanel.ControlPanel (instance #1)
2024-05-07 09:19:48.668 [i] Plugin loaded: Env.Env (instance #1)
2024-05-07 09:19:48.672 [i] Plugin loaded: Everything.Everything (instance #1)
2024-05-07 09:19:48.674 [i] Plugin loaded: FileBrowser.FileBrowser (instance #1)
2024-05-07 09:19:48.779 [i] Plugin loaded: FilesCatalog.FilesCatalog (instance #1)
2024-05-07 09:19:48.819 [i] Plugin loaded: FileZilla.FileZilla (instance #1)
2024-05-07 09:19:48.822 [i] Plugin loaded: GoogleTranslate.GoogleTranslate (instance #1)
2024-05-07 09:19:48.825 [i] Plugin loaded: PuTTY.PuTTY (instance #1)
2024-05-07 09:19:48.829 [i] Plugin loaded: RegBrowser.RegBrowser (instance #1)
2024-05-07 09:19:48.834 [i] Plugin loaded: String.String (instance #1)
2024-05-07 09:19:48.837 [i] Plugin loaded: TaskSwitcher.TaskSwitcher (instance #1)
2024-05-07 09:19:48.839 [i] Plugin loaded: URL.URL (instance #1)
2024-05-07 09:19:48.841 [i] Plugin loaded: WebSearch.WebSearch (instance #1)
2024-05-07 09:19:48.846 [i] Plugin loaded: WebSuggest.WebSuggest (instance #1)
2024-05-07 09:19:48.849 [i] Plugin loaded: Winamp.Winamp (instance #1)
2024-05-07 09:19:48.851 [i] Plugin loaded: WinSCP.WinSCP (instance #1)
2024-05-07 09:19:48.914 [i] Apps.Desktop: Cataloged 14 items in 0.0 seconds
2024-05-07 09:19:48.949 [i] Apps.StartMenu: Cataloged 598 items in 0.0 seconds
2024-05-07 09:19:50.100 [i] Apps.EnvPath: Cataloged 1325 items in 1.2 seconds
2024-05-07 09:19:50.167 [i] Bookmarks.Bookmarks: Referenced 3657 bookmarks
2024-05-07 09:20:37.554 [i] Received end-of-session message


2024-05-07 09:21:50.684 [i] Loaded 95 items from history file.
2024-05-07 09:21:50.736 [i] Loaded 4809 items from catalog file.
2024-05-07 09:21:50.778 [i] Init done in 0.6934s, including 0.4903s (71%) for the Python interpreter.
2024-05-07 09:21:50.779 [i] Plugin loaded: Internal.About
2024-05-07 09:21:50.844 [i] Plugin loaded: Apps.CustomCmds (instance #1)
2024-05-07 09:21:50.845 [i] Plugin loaded: Apps.Desktop (instance #1)
2024-05-07 09:21:50.845 [i] Plugin loaded: Apps.EnvPath (instance #1)
2024-05-07 09:21:50.845 [i] Plugin loaded: Apps.ExtraPaths (instance #1)
2024-05-07 09:21:50.845 [i] Plugin loaded: Apps.StartMenu (instance #1)
2024-05-07 09:21:50.868 [i] Plugin loaded: Bookmarks.Bookmarks (instance #1)
2024-05-07 09:21:50.877 [i] Plugin loaded: Calc.Calc (instance #1)
2024-05-07 09:21:50.879 [i] Plugin loaded: ControlPanel.ControlPanel (instance #1)
2024-05-07 09:21:50.880 [i] Plugin loaded: Env.Env (instance #1)
2024-05-07 09:21:50.883 [i] Plugin loaded: Everything.Everything (instance #1)
2024-05-07 09:21:50.885 [i] Plugin loaded: FileBrowser.FileBrowser (instance #1)
2024-05-07 09:21:50.899 [i] Plugin loaded: FilesCatalog.FilesCatalog (instance #1)
2024-05-07 09:21:50.923 [i] Plugin loaded: FileZilla.FileZilla (instance #1)
2024-05-07 09:21:50.926 [i] Plugin loaded: GoogleTranslate.GoogleTranslate (instance #1)
2024-05-07 09:21:50.928 [i] Plugin loaded: PuTTY.PuTTY (instance #1)
2024-05-07 09:21:50.931 [i] Plugin loaded: RegBrowser.RegBrowser (instance #1)
2024-05-07 09:21:50.935 [i] Plugin loaded: String.String (instance #1)
2024-05-07 09:21:50.937 [i] Plugin loaded: TaskSwitcher.TaskSwitcher (instance #1)
2024-05-07 09:21:50.938 [i] Plugin loaded: URL.URL (instance #1)
2024-05-07 09:21:50.940 [i] Plugin loaded: WebSearch.WebSearch (instance #1)
2024-05-07 09:21:50.943 [i] Plugin loaded: WebSuggest.WebSuggest (instance #1)
2024-05-07 09:21:50.946 [i] Plugin loaded: Winamp.Winamp (instance #1)
2024-05-07 09:21:50.948 [i] Plugin loaded: WinSCP.WinSCP (instance #1)
2024-05-07 09:21:50.996 [i] Apps.Desktop: Cataloged 14 items in 0.0 seconds
2024-05-07 09:21:51.015 [i] Apps.StartMenu: Cataloged 598 items in 0.0 seconds
2024-05-07 09:21:52.543 [i] Apps.EnvPath: Cataloged 1325 items in 1.6 seconds
2024-05-07 09:21:52.613 [i] Bookmarks.Bookmarks: Referenced 3657 bookmarks
2024-05-07 12:25:26.460 [i] Apps.StartMenu: Cataloged 599 items in 0.0 seconds
2024-05-07 13:43:22.951 [i] Apps.StartMenu: Cataloged 600 items in 0.0 seconds
2024-05-07 16:39:41.767 [i] Apps.StartMenu: Cataloged 600 items in 0.0 seconds
2024-05-09 12:09:43.686 [i] Python: Failed to execute C:\Users\Användaren\AppData\Roaming\Microsoft\Windows\Start Menu\SmartGit.lnk (action None). Error: file not found: "C:\ProgramData\scoop\apps\smartgit\current\bin\smartgit.exe" (initial path: "C:\Users\Användaren\AppData\Roaming\Microsoft\Windows\Start Menu\SmartGit.lnk")
2024-05-11 13:44:26.088 [i] Environment changed.
2024-05-11 13:44:26.109 [i] Apps.EnvPath: PATH changed, rebuilding catalog...
2024-05-11 13:44:26.167 [i] Apps.EnvPath: Cataloged 1176 items in 0.1 seconds
2024-05-11 13:44:30.076 [i] Environment changed.
2024-05-11 13:44:30.085 [i] Apps.EnvPath: PATH changed, rebuilding catalog...
2024-05-11 13:44:30.133 [i] Apps.EnvPath: Cataloged 1176 items in 0.0 seconds
2024-05-11 15:06:02.443 [i] Apps.StartMenu: Cataloged 600 items in 0.3 seconds
2024-05-12 00:54:37.568 [i] Apps.StartMenu: Cataloged 600 items in 0.0 seconds
2024-05-12 21:24:24.801 [i] Apps.StartMenu: Cataloged 602 items in 0.1 seconds
2024-05-13 11:06:08.284 [i] Apps.Desktop: Cataloged 14 items in 0.0 seconds
2024-05-13 11:09:50.749 [i] Apps.Desktop: Cataloged 14 items in 0.0 seconds
2024-05-13 11:13:02.680 [i] Apps.Desktop: Cataloged 14 items in 0.0 seconds
2024-05-13 11:14:44.609 [i] Apps.Desktop: Cataloged 14 items in 0.0 seconds
2024-05-13 12:00:19.918 [i] Apps.Desktop: Cataloged 15 items in 0.0 seconds
2024-05-13 12:01:53.363 [i] Apps.Desktop: Cataloged 14 items in 0.0 seconds
2024-05-13 12:03:41.581 [i] Apps.Desktop: Cataloged 14 items in 0.0 seconds
2024-05-15 21:07:37.038 [i] Apps.StartMenu: Cataloged 600 items in 0.0 seconds
2024-05-15 21:12:15.313 [i] Apps.StartMenu: Cataloged 602 items in 0.0 seconds
2024-05-15 21:12:56.358 [i] Apps.StartMenu: Cataloged 600 items in 0.0 seconds
2024-05-15 21:15:24.839 [i] Apps.StartMenu: Cataloged 602 items in 0.0 seconds
2024-05-16 04:54:35.780 [i] Apps.StartMenu: Cataloged 602 items in 0.0 seconds
2024-05-16 20:13:01.550 [i] Apps.Desktop: Cataloged 14 items in 0.0 seconds
2024-05-17 12:16:39.434 [i] Received TaskbarCreated system message
2024-05-17 12:19:02.866 [i] Python: Failed to execute C:\ProgramData\Microsoft\Windows\Start Menu\Program\Scoop Apps\Beyond Compare 4.lnk (action None). Error: file not found: "C:\ProgramData\Scoop\apps\beyondcompare\current\BCompare.exe" (initial path: "C:\ProgramData\Microsoft\Windows\Start Menu\Program\Scoop Apps\Beyond Compare 4.lnk")
2024-05-17 12:34:52.575 [i] Python: Failed to execute C:\ProgramData\Microsoft\Windows\Start Menu\Program\Scoop Apps\SmartGit.lnk (action None). Error: file not found: "C:\ProgramData\Scoop\apps\smartgit\current\bin\smartgit.exe" (initial path: "C:\ProgramData\Microsoft\Windows\Start Menu\Program\Scoop Apps\SmartGit.lnk")
2024-05-18 15:49:19.988 [i] Apps.StartMenu: Cataloged 602 items in 0.2 seconds
2024-05-19 02:54:43.360 [i] Apps.StartMenu: Cataloged 602 items in 1.1 seconds
2024-05-20 15:27:25.592 [i] Received TaskbarCreated system message
2024-05-21 09:30:55.934 [i] Apps.Desktop: Cataloged 14 items in 0.1 seconds
