[2021-12-13 14:20:34.788] [exthost] [info] extension host started
[2021-12-13 14:20:34.887] [exthost] [info] ExtensionService#_doActivateExtension vscode.microsoft-authentication {"startup":false,"extensionId":{"value":"vscode.microsoft-authentication","_lower":"vscode.microsoft-authentication"},"activationEvent":"onAuthenticationRequest:microsoft"}
[2021-12-13 14:20:34.887] [exthost] [info] ExtensionService#loadCommonJSModule file:///d:/AppData/Local/Programs/Microsoft VS Code/resources/app/extensions/microsoft-authentication/dist/extension.js
[2021-12-13 14:20:35.057] [exthost] [info] ExtensionService#_doActivateExtension vscode.debug-auto-launch {"startup":true,"extensionId":{"value":"vscode.debug-auto-launch","_lower":"vscode.debug-auto-launch"},"activationEvent":"*"}
[2021-12-13 14:20:35.057] [exthost] [info] ExtensionService#loadCommonJSModule file:///d:/AppData/Local/Programs/Microsoft VS Code/resources/app/extensions/debug-auto-launch/dist/extension
[2021-12-13 14:20:35.089] [exthost] [info] ExtensionService#_doActivateExtension vscode.git {"startup":true,"extensionId":{"value":"vscode.github","_lower":"vscode.github"},"activationEvent":"*"}
[2021-12-13 14:20:35.089] [exthost] [info] ExtensionService#loadCommonJSModule file:///d:/AppData/Local/Programs/Microsoft VS Code/resources/app/extensions/git/dist/main
[2021-12-13 14:20:35.418] [exthost] [info] ExtensionService#_doActivateExtension ms-vscode.js-debug {"startup":false,"extensionId":{"value":"ms-vscode.js-debug","_lower":"ms-vscode.js-debug"},"activationEvent":"onCommand:extension.js-debug.clearAutoAttachVariables"}
[2021-12-13 14:20:35.418] [exthost] [info] ExtensionService#loadCommonJSModule file:///d:/AppData/Local/Programs/Microsoft VS Code/resources/app/extensions/ms-vscode.js-debug/src/extension.js
[2021-12-13 14:20:35.717] [exthost] [info] ExtensionService#_doActivateExtension vscode.github-authentication {"startup":false,"extensionId":{"value":"vscode.github-authentication","_lower":"vscode.github-authentication"},"activationEvent":"onAuthenticationRequest:github"}
[2021-12-13 14:20:35.717] [exthost] [info] ExtensionService#loadCommonJSModule file:///d:/AppData/Local/Programs/Microsoft VS Code/resources/app/extensions/github-authentication/dist/extension.js
[2021-12-13 14:20:35.817] [exthost] [info] ExtensionService#_doActivateExtension vscode.github {"startup":true,"extensionId":{"value":"vscode.github","_lower":"vscode.github"},"activationEvent":"*"}
[2021-12-13 14:20:35.817] [exthost] [info] ExtensionService#loadCommonJSModule file:///d:/AppData/Local/Programs/Microsoft VS Code/resources/app/extensions/github/dist/extension.js
[2021-12-13 14:20:35.871] [exthost] [info] eager extensions activated
[2021-12-13 14:20:35.875] [exthost] [info] ExtensionService#_doActivateExtension vscode.emmet {"startup":false,"extensionId":{"value":"vscode.emmet","_lower":"vscode.emmet"},"activationEvent":"onStartupFinished"}
[2021-12-13 14:20:35.875] [exthost] [info] ExtensionService#loadCommonJSModule file:///d:/AppData/Local/Programs/Microsoft VS Code/resources/app/extensions/emmet/dist/node/emmetNodeMain
[2021-12-13 14:20:35.936] [exthost] [info] ExtensionService#_doActivateExtension vscode.merge-conflict {"startup":false,"extensionId":{"value":"vscode.merge-conflict","_lower":"vscode.merge-conflict"},"activationEvent":"onStartupFinished"}
[2021-12-13 14:20:35.936] [exthost] [info] ExtensionService#loadCommonJSModule file:///d:/AppData/Local/Programs/Microsoft VS Code/resources/app/extensions/merge-conflict/dist/mergeConflictMain
[2021-12-13 14:20:35.958] [exthost] [info] ExtensionService#_doActivateExtension ms-vscode-remote.remote-wsl-recommender {"startup":false,"extensionId":{"value":"ms-vscode-remote.remote-wsl-recommender","_lower":"ms-vscode-remote.remote-wsl-recommender"},"activationEvent":"onStartupFinished"}
[2021-12-13 14:20:35.958] [exthost] [info] ExtensionService#loadCommonJSModule file:///d:/AppData/Local/Programs/Microsoft VS Code/resources/app/extensions/ms-vscode-remote.remote-wsl-recommender/dist/extension.js
[2021-12-13 14:24:09.674] [exthost] [info] extension host terminating: renderer closed the socket
[2021-12-13 14:24:10.679] [exthost] [info] exiting with code 0
[2021-12-13 14:24:12.282] [exthost] [info] extension host started
[2021-12-13 14:24:12.282] [exthost] [info] Skipping acquiring lock for c:\Users\dator\AppData\Roaming\Code\User\workspaceStorage\14499845d38679bd02655044382e2335.
[2021-12-13 14:24:12.394] [exthost] [info] ExtensionService#_doActivateExtension vscode.microsoft-authentication {"startup":false,"extensionId":{"value":"vscode.microsoft-authentication","_lower":"vscode.microsoft-authentication"},"activationEvent":"onAuthenticationRequest:microsoft"}
[2021-12-13 14:24:12.394] [exthost] [info] ExtensionService#loadCommonJSModule file:///d:/AppData/Local/Programs/Microsoft VS Code/resources/app/extensions/microsoft-authentication/dist/extension.js
[2021-12-13 14:24:12.418] [exthost] [info] ExtensionService#_doActivateExtension vscode.debug-auto-launch {"startup":true,"extensionId":{"value":"vscode.debug-auto-launch","_lower":"vscode.debug-auto-launch"},"activationEvent":"*"}
[2021-12-13 14:24:12.419] [exthost] [info] ExtensionService#loadCommonJSModule file:///d:/AppData/Local/Programs/Microsoft VS Code/resources/app/extensions/debug-auto-launch/dist/extension
[2021-12-13 14:24:12.423] [exthost] [info] ExtensionService#_doActivateExtension vscode.git {"startup":true,"extensionId":{"value":"vscode.github","_lower":"vscode.github"},"activationEvent":"*"}
[2021-12-13 14:24:12.424] [exthost] [info] ExtensionService#loadCommonJSModule file:///d:/AppData/Local/Programs/Microsoft VS Code/resources/app/extensions/git/dist/main
[2021-12-13 14:24:12.564] [exthost] [info] ExtensionService#_doActivateExtension ms-vscode.js-debug {"startup":false,"extensionId":{"value":"ms-vscode.js-debug","_lower":"ms-vscode.js-debug"},"activationEvent":"onCommand:extension.js-debug.clearAutoAttachVariables"}
[2021-12-13 14:24:12.564] [exthost] [info] ExtensionService#loadCommonJSModule file:///d:/AppData/Local/Programs/Microsoft VS Code/resources/app/extensions/ms-vscode.js-debug/src/extension.js
[2021-12-13 14:24:12.691] [exthost] [info] ExtensionService#_doActivateExtension vscode.github-authentication {"startup":false,"extensionId":{"value":"vscode.github-authentication","_lower":"vscode.github-authentication"},"activationEvent":"onAuthenticationRequest:github"}
[2021-12-13 14:24:12.691] [exthost] [info] ExtensionService#loadCommonJSModule file:///d:/AppData/Local/Programs/Microsoft VS Code/resources/app/extensions/github-authentication/dist/extension.js
[2021-12-13 14:24:12.728] [exthost] [info] ExtensionService#_doActivateExtension vscode.github {"startup":true,"extensionId":{"value":"vscode.github","_lower":"vscode.github"},"activationEvent":"*"}
[2021-12-13 14:24:12.728] [exthost] [info] ExtensionService#loadCommonJSModule file:///d:/AppData/Local/Programs/Microsoft VS Code/resources/app/extensions/github/dist/extension.js
[2021-12-13 14:24:12.736] [exthost] [info] eager extensions activated
[2021-12-13 14:24:12.739] [exthost] [info] ExtensionService#_doActivateExtension vscode.emmet {"startup":false,"extensionId":{"value":"vscode.emmet","_lower":"vscode.emmet"},"activationEvent":"onStartupFinished"}
[2021-12-13 14:24:12.739] [exthost] [info] ExtensionService#loadCommonJSModule file:///d:/AppData/Local/Programs/Microsoft VS Code/resources/app/extensions/emmet/dist/node/emmetNodeMain
[2021-12-13 14:24:12.746] [exthost] [info] ExtensionService#_doActivateExtension vscode.merge-conflict {"startup":false,"extensionId":{"value":"vscode.merge-conflict","_lower":"vscode.merge-conflict"},"activationEvent":"onStartupFinished"}
[2021-12-13 14:24:12.746] [exthost] [info] ExtensionService#loadCommonJSModule file:///d:/AppData/Local/Programs/Microsoft VS Code/resources/app/extensions/merge-conflict/dist/mergeConflictMain
[2021-12-13 14:24:12.749] [exthost] [info] ExtensionService#_doActivateExtension ms-vscode-remote.remote-wsl-recommender {"startup":false,"extensionId":{"value":"ms-vscode-remote.remote-wsl-recommender","_lower":"ms-vscode-remote.remote-wsl-recommender"},"activationEvent":"onStartupFinished"}
[2021-12-13 14:24:12.749] [exthost] [info] ExtensionService#loadCommonJSModule file:///d:/AppData/Local/Programs/Microsoft VS Code/resources/app/extensions/ms-vscode-remote.remote-wsl-recommender/dist/extension.js
[2021-12-13 14:24:40.164] [exthost] [info] extension host terminating: renderer closed the socket
[2021-12-13 14:24:41.173] [exthost] [info] exiting with code 0
[2021-12-13 14:24:41.829] [exthost] [info] extension host started
[2021-12-13 14:24:41.829] [exthost] [info] Skipping acquiring lock for c:\Users\dator\AppData\Roaming\Code\User\workspaceStorage\6b3050d63a05f47ee3d666ee170f3e9f.
[2021-12-13 14:24:41.912] [exthost] [info] ExtensionService#_doActivateExtension vscode.microsoft-authentication {"startup":false,"extensionId":{"value":"vscode.microsoft-authentication","_lower":"vscode.microsoft-authentication"},"activationEvent":"onAuthenticationRequest:microsoft"}
[2021-12-13 14:24:41.912] [exthost] [info] ExtensionService#loadCommonJSModule file:///d:/AppData/Local/Programs/Microsoft VS Code/resources/app/extensions/microsoft-authentication/dist/extension.js
[2021-12-13 14:24:41.934] [exthost] [info] ExtensionService#_doActivateExtension vscode.debug-auto-launch {"startup":true,"extensionId":{"value":"vscode.debug-auto-launch","_lower":"vscode.debug-auto-launch"},"activationEvent":"*"}
[2021-12-13 14:24:41.934] [exthost] [info] ExtensionService#loadCommonJSModule file:///d:/AppData/Local/Programs/Microsoft VS Code/resources/app/extensions/debug-auto-launch/dist/extension
[2021-12-13 14:24:41.940] [exthost] [info] ExtensionService#_doActivateExtension vscode.git {"startup":true,"extensionId":{"value":"vscode.github","_lower":"vscode.github"},"activationEvent":"*"}
[2021-12-13 14:24:41.940] [exthost] [info] ExtensionService#loadCommonJSModule file:///d:/AppData/Local/Programs/Microsoft VS Code/resources/app/extensions/git/dist/main
[2021-12-13 14:24:42.053] [exthost] [info] ExtensionService#_doActivateExtension vscode.github {"startup":true,"extensionId":{"value":"vscode.github","_lower":"vscode.github"},"activationEvent":"*"}
[2021-12-13 14:24:42.053] [exthost] [info] ExtensionService#loadCommonJSModule file:///d:/AppData/Local/Programs/Microsoft VS Code/resources/app/extensions/github/dist/extension.js
[2021-12-13 14:24:42.099] [exthost] [info] eager extensions activated
[2021-12-13 14:24:42.102] [exthost] [info] ExtensionService#_doActivateExtension ms-vscode.js-debug {"startup":false,"extensionId":{"value":"ms-vscode.js-debug","_lower":"ms-vscode.js-debug"},"activationEvent":"onCommand:extension.js-debug.clearAutoAttachVariables"}
[2021-12-13 14:24:42.103] [exthost] [info] ExtensionService#loadCommonJSModule file:///d:/AppData/Local/Programs/Microsoft VS Code/resources/app/extensions/ms-vscode.js-debug/src/extension.js
[2021-12-13 14:24:42.198] [exthost] [info] ExtensionService#_doActivateExtension vscode.emmet {"startup":false,"extensionId":{"value":"vscode.emmet","_lower":"vscode.emmet"},"activationEvent":"onStartupFinished"}
[2021-12-13 14:24:42.198] [exthost] [info] ExtensionService#loadCommonJSModule file:///d:/AppData/Local/Programs/Microsoft VS Code/resources/app/extensions/emmet/dist/node/emmetNodeMain
[2021-12-13 14:24:42.205] [exthost] [info] ExtensionService#_doActivateExtension vscode.merge-conflict {"startup":false,"extensionId":{"value":"vscode.merge-conflict","_lower":"vscode.merge-conflict"},"activationEvent":"onStartupFinished"}
[2021-12-13 14:24:42.205] [exthost] [info] ExtensionService#loadCommonJSModule file:///d:/AppData/Local/Programs/Microsoft VS Code/resources/app/extensions/merge-conflict/dist/mergeConflictMain
[2021-12-13 14:24:42.208] [exthost] [info] ExtensionService#_doActivateExtension ms-vscode-remote.remote-wsl-recommender {"startup":false,"extensionId":{"value":"ms-vscode-remote.remote-wsl-recommender","_lower":"ms-vscode-remote.remote-wsl-recommender"},"activationEvent":"onStartupFinished"}
[2021-12-13 14:24:42.208] [exthost] [info] ExtensionService#loadCommonJSModule file:///d:/AppData/Local/Programs/Microsoft VS Code/resources/app/extensions/ms-vscode-remote.remote-wsl-recommender/dist/extension.js
[2021-12-13 14:24:42.218] [exthost] [info] ExtensionService#_doActivateExtension vscode.github-authentication {"startup":false,"extensionId":{"value":"vscode.github-authentication","_lower":"vscode.github-authentication"},"activationEvent":"onAuthenticationRequest:github"}
[2021-12-13 14:24:42.218] [exthost] [info] ExtensionService#loadCommonJSModule file:///d:/AppData/Local/Programs/Microsoft VS Code/resources/app/extensions/github-authentication/dist/extension.js
[2021-12-13 14:24:49.314] [exthost] [info] ExtensionService#_doActivateExtension vscode.extension-editing {"startup":false,"extensionId":{"value":"vscode.extension-editing","_lower":"vscode.extension-editing"},"activationEvent":"onLanguage:markdown"}
[2021-12-13 14:24:49.314] [exthost] [info] ExtensionService#loadCommonJSModule file:///d:/AppData/Local/Programs/Microsoft VS Code/resources/app/extensions/extension-editing/dist/extensionEditingMain
[2021-12-13 14:24:49.458] [exthost] [info] ExtensionService#_doActivateExtension vscode.markdown-language-features {"startup":false,"extensionId":{"value":"vscode.markdown-language-features","_lower":"vscode.markdown-language-features"},"activationEvent":"onLanguage:markdown"}
[2021-12-13 14:24:49.458] [exthost] [info] ExtensionService#loadCommonJSModule file:///d:/AppData/Local/Programs/Microsoft VS Code/resources/app/extensions/markdown-language-features/dist/extension
[2021-12-13 14:24:49.870] [exthost] [info] ExtensionService#_doActivateExtension vscode.markdown-math {"startup":false,"extensionId":{"value":"vscode.markdown-language-features","_lower":"vscode.markdown-language-features"},"activationEvent":"api"}
[2021-12-13 14:24:49.870] [exthost] [info] ExtensionService#loadCommonJSModule file:///d:/AppData/Local/Programs/Microsoft VS Code/resources/app/extensions/markdown-math/dist/extension
[2021-12-13 14:29:38.665] [exthost] [info] ExtensionService#_doActivateExtension vscode.configuration-editing {"startup":false,"extensionId":{"value":"vscode.configuration-editing","_lower":"vscode.configuration-editing"},"activationEvent":"onLanguage:jsonc"}
[2021-12-13 14:29:38.665] [exthost] [info] ExtensionService#loadCommonJSModule file:///d:/AppData/Local/Programs/Microsoft VS Code/resources/app/extensions/configuration-editing/dist/configurationEditingMain
[2021-12-13 14:29:38.718] [exthost] [info] ExtensionService#_doActivateExtension vscode.json-language-features {"startup":false,"extensionId":{"value":"vscode.json-language-features","_lower":"vscode.json-language-features"},"activationEvent":"onLanguage:jsonc"}
[2021-12-13 14:29:38.718] [exthost] [info] ExtensionService#loadCommonJSModule file:///d:/AppData/Local/Programs/Microsoft VS Code/resources/app/extensions/json-language-features/client/dist/node/jsonClientMain
[2021-12-13 14:29:38.892] [exthost] [info] ExtensionService#_doActivateExtension vscode.typescript-language-features {"startup":false,"extensionId":{"value":"vscode.typescript-language-features","_lower":"vscode.typescript-language-features"},"activationEvent":"onLanguage:jsonc"}
[2021-12-13 14:29:38.892] [exthost] [info] ExtensionService#loadCommonJSModule file:///d:/AppData/Local/Programs/Microsoft VS Code/resources/app/extensions/typescript-language-features/dist/extension
[2021-12-13 14:31:25.007] [exthost] [info] ExtensionService#_doActivateExtension aboqasem.mergeconf {"startup":false,"extensionId":{"value":"aboqasem.mergeconf","_lower":"aboqasem.mergeconf"},"activationEvent":"onStartupFinished"}
[2021-12-13 14:31:25.007] [exthost] [info] ExtensionService#loadCommonJSModule file:///c:/Users/dator/.vscode/extensions/aboqasem.mergeconf-0.2.0/dist/extension.js
[2021-12-13 14:32:50.388] [exthost] [info] ExtensionService#_doActivateExtension vscode.npm {"startup":false,"extensionId":{"value":"vscode.npm","_lower":"vscode.npm"},"activationEvent":"onLanguage:json"}
[2021-12-13 14:32:50.388] [exthost] [info] ExtensionService#loadCommonJSModule file:///d:/AppData/Local/Programs/Microsoft VS Code/resources/app/extensions/npm/dist/npmMain
[2021-12-13 14:34:52.839] [exthost] [info] ExtensionService#_doActivateExtension Amon.json-merger {"startup":false,"extensionId":{"value":"Amon.json-merger","_lower":"amon.json-merger"},"activationEvent":"onCommand:json-merger.merge"}
[2021-12-13 14:34:52.839] [exthost] [info] ExtensionService#loadCommonJSModule file:///c:/Users/dator/.vscode/extensions/amon.json-merger-0.0.1/extension.js
[2021-12-13 14:34:52.870] [exthost] [error] TypeError: Cannot read property 'length' of undefined
	at c:\Users\dator\.vscode\extensions\amon.json-merger-0.0.1\extension.js:17:15
	at _executeContributedCommand (d:\AppData\Local\Programs\Microsoft VS Code\resources\app\out\vs\workbench\services\extensions\node\extensionHostProcess.js:85:109251)
	at _.$executeContributedCommand (d:\AppData\Local\Programs\Microsoft VS Code\resources\app\out\vs\workbench\services\extensions\node\extensionHostProcess.js:85:109689)
	at h._doInvokeHandler (d:\AppData\Local\Programs\Microsoft VS Code\resources\app\out\vs\workbench\services\extensions\node\extensionHostProcess.js:89:12819)
	at h._invokeHandler (d:\AppData\Local\Programs\Microsoft VS Code\resources\app\out\vs\workbench\services\extensions\node\extensionHostProcess.js:89:12503)
	at h._receiveRequest (d:\AppData\Local\Programs\Microsoft VS Code\resources\app\out\vs\workbench\services\extensions\node\extensionHostProcess.js:89:11159)
	at h._receiveOneMessage (d:\AppData\Local\Programs\Microsoft VS Code\resources\app\out\vs\workbench\services\extensions\node\extensionHostProcess.js:89:9943)
	at d:\AppData\Local\Programs\Microsoft VS Code\resources\app\out\vs\workbench\services\extensions\node\extensionHostProcess.js:89:8039
	at d.fire (d:\AppData\Local\Programs\Microsoft VS Code\resources\app\out\vs\workbench\services\extensions\node\extensionHostProcess.js:57:1712)
	at c.fire (d:\AppData\Local\Programs\Microsoft VS Code\resources\app\out\vs\workbench\services\extensions\node\extensionHostProcess.js:65:15825)
	at d:\AppData\Local\Programs\Microsoft VS Code\resources\app\out\vs\workbench\services\extensions\node\extensionHostProcess.js:104:30060
	at d.fire (d:\AppData\Local\Programs\Microsoft VS Code\resources\app\out\vs\workbench\services\extensions\node\extensionHostProcess.js:57:1712)
	at c.fire (d:\AppData\Local\Programs\Microsoft VS Code\resources\app\out\vs\workbench\services\extensions\node\extensionHostProcess.js:65:15825)
	at r._receiveMessage (d:\AppData\Local\Programs\Microsoft VS Code\resources\app\out\vs\workbench\services\extensions\node\extensionHostProcess.js:65:21091)
	at d:\AppData\Local\Programs\Microsoft VS Code\resources\app\out\vs\workbench\services\extensions\node\extensionHostProcess.js:65:17969
	at d.fire (d:\AppData\Local\Programs\Microsoft VS Code\resources\app\out\vs\workbench\services\extensions\node\extensionHostProcess.js:57:1712)
	at v.acceptChunk (d:\AppData\Local\Programs\Microsoft VS Code\resources\app\out\vs\workbench\services\extensions\node\extensionHostProcess.js:65:13186)
	at d:\AppData\Local\Programs\Microsoft VS Code\resources\app\out\vs\workbench\services\extensions\node\extensionHostProcess.js:65:12534
	at Socket.w (d:\AppData\Local\Programs\Microsoft VS Code\resources\app\out\vs\workbench\services\extensions\node\extensionHostProcess.js:104:13218)
	at Socket.emit (events.js:315:20)
	at addChunk (internal/streams/readable.js:309:12)
	at readableAddChunk (internal/streams/readable.js:284:9)
	at Socket.Readable.push (internal/streams/readable.js:223:10)
	at Pipe.onStreamRead (internal/stream_base_commons.js:188:23) json-merger.merge
[2021-12-13 14:35:08.246] [exthost] [error] TypeError: Cannot read property 'length' of undefined
	at c:\Users\dator\.vscode\extensions\amon.json-merger-0.0.1\extension.js:17:15
	at _executeContributedCommand (d:\AppData\Local\Programs\Microsoft VS Code\resources\app\out\vs\workbench\services\extensions\node\extensionHostProcess.js:85:109251)
	at _.$executeContributedCommand (d:\AppData\Local\Programs\Microsoft VS Code\resources\app\out\vs\workbench\services\extensions\node\extensionHostProcess.js:85:109689)
	at h._doInvokeHandler (d:\AppData\Local\Programs\Microsoft VS Code\resources\app\out\vs\workbench\services\extensions\node\extensionHostProcess.js:89:12819)
	at h._invokeHandler (d:\AppData\Local\Programs\Microsoft VS Code\resources\app\out\vs\workbench\services\extensions\node\extensionHostProcess.js:89:12503)
	at h._receiveRequest (d:\AppData\Local\Programs\Microsoft VS Code\resources\app\out\vs\workbench\services\extensions\node\extensionHostProcess.js:89:11159)
	at h._receiveOneMessage (d:\AppData\Local\Programs\Microsoft VS Code\resources\app\out\vs\workbench\services\extensions\node\extensionHostProcess.js:89:9943)
	at d:\AppData\Local\Programs\Microsoft VS Code\resources\app\out\vs\workbench\services\extensions\node\extensionHostProcess.js:89:8039
	at d.fire (d:\AppData\Local\Programs\Microsoft VS Code\resources\app\out\vs\workbench\services\extensions\node\extensionHostProcess.js:57:1712)
	at c.fire (d:\AppData\Local\Programs\Microsoft VS Code\resources\app\out\vs\workbench\services\extensions\node\extensionHostProcess.js:65:15825)
	at d:\AppData\Local\Programs\Microsoft VS Code\resources\app\out\vs\workbench\services\extensions\node\extensionHostProcess.js:104:30060
	at d.fire (d:\AppData\Local\Programs\Microsoft VS Code\resources\app\out\vs\workbench\services\extensions\node\extensionHostProcess.js:57:1712)
	at c.fire (d:\AppData\Local\Programs\Microsoft VS Code\resources\app\out\vs\workbench\services\extensions\node\extensionHostProcess.js:65:15825)
	at r._receiveMessage (d:\AppData\Local\Programs\Microsoft VS Code\resources\app\out\vs\workbench\services\extensions\node\extensionHostProcess.js:65:21091)
	at d:\AppData\Local\Programs\Microsoft VS Code\resources\app\out\vs\workbench\services\extensions\node\extensionHostProcess.js:65:17969
	at d.fire (d:\AppData\Local\Programs\Microsoft VS Code\resources\app\out\vs\workbench\services\extensions\node\extensionHostProcess.js:57:1712)
	at v.acceptChunk (d:\AppData\Local\Programs\Microsoft VS Code\resources\app\out\vs\workbench\services\extensions\node\extensionHostProcess.js:65:13186)
	at d:\AppData\Local\Programs\Microsoft VS Code\resources\app\out\vs\workbench\services\extensions\node\extensionHostProcess.js:65:12534
	at Socket.w (d:\AppData\Local\Programs\Microsoft VS Code\resources\app\out\vs\workbench\services\extensions\node\extensionHostProcess.js:104:13218)
	at Socket.emit (events.js:315:20)
	at addChunk (internal/streams/readable.js:309:12)
	at readableAddChunk (internal/streams/readable.js:284:9)
	at Socket.Readable.push (internal/streams/readable.js:223:10)
	at Pipe.onStreamRead (internal/stream_base_commons.js:188:23) json-merger.merge
[2021-12-13 14:40:33.345] [exthost] [error] TypeError: Cannot read property 'length' of undefined
	at c:\Users\dator\.vscode\extensions\amon.json-merger-0.0.1\extension.js:17:15
	at _executeContributedCommand (d:\AppData\Local\Programs\Microsoft VS Code\resources\app\out\vs\workbench\services\extensions\node\extensionHostProcess.js:85:109251)
	at _.$executeContributedCommand (d:\AppData\Local\Programs\Microsoft VS Code\resources\app\out\vs\workbench\services\extensions\node\extensionHostProcess.js:85:109689)
	at h._doInvokeHandler (d:\AppData\Local\Programs\Microsoft VS Code\resources\app\out\vs\workbench\services\extensions\node\extensionHostProcess.js:89:12819)
	at h._invokeHandler (d:\AppData\Local\Programs\Microsoft VS Code\resources\app\out\vs\workbench\services\extensions\node\extensionHostProcess.js:89:12503)
	at h._receiveRequest (d:\AppData\Local\Programs\Microsoft VS Code\resources\app\out\vs\workbench\services\extensions\node\extensionHostProcess.js:89:11159)
	at h._receiveOneMessage (d:\AppData\Local\Programs\Microsoft VS Code\resources\app\out\vs\workbench\services\extensions\node\extensionHostProcess.js:89:9943)
	at d:\AppData\Local\Programs\Microsoft VS Code\resources\app\out\vs\workbench\services\extensions\node\extensionHostProcess.js:89:8039
	at d.fire (d:\AppData\Local\Programs\Microsoft VS Code\resources\app\out\vs\workbench\services\extensions\node\extensionHostProcess.js:57:1712)
	at c.fire (d:\AppData\Local\Programs\Microsoft VS Code\resources\app\out\vs\workbench\services\extensions\node\extensionHostProcess.js:65:15825)
	at d:\AppData\Local\Programs\Microsoft VS Code\resources\app\out\vs\workbench\services\extensions\node\extensionHostProcess.js:104:30060
	at d.fire (d:\AppData\Local\Programs\Microsoft VS Code\resources\app\out\vs\workbench\services\extensions\node\extensionHostProcess.js:57:1712)
	at c.fire (d:\AppData\Local\Programs\Microsoft VS Code\resources\app\out\vs\workbench\services\extensions\node\extensionHostProcess.js:65:15825)
	at r._receiveMessage (d:\AppData\Local\Programs\Microsoft VS Code\resources\app\out\vs\workbench\services\extensions\node\extensionHostProcess.js:65:21091)
	at d:\AppData\Local\Programs\Microsoft VS Code\resources\app\out\vs\workbench\services\extensions\node\extensionHostProcess.js:65:17969
	at d.fire (d:\AppData\Local\Programs\Microsoft VS Code\resources\app\out\vs\workbench\services\extensions\node\extensionHostProcess.js:57:1712)
	at v.acceptChunk (d:\AppData\Local\Programs\Microsoft VS Code\resources\app\out\vs\workbench\services\extensions\node\extensionHostProcess.js:65:13186)
	at d:\AppData\Local\Programs\Microsoft VS Code\resources\app\out\vs\workbench\services\extensions\node\extensionHostProcess.js:65:12534
	at Socket.w (d:\AppData\Local\Programs\Microsoft VS Code\resources\app\out\vs\workbench\services\extensions\node\extensionHostProcess.js:104:13218)
	at Socket.emit (events.js:315:20)
	at addChunk (internal/streams/readable.js:309:12)
	at readableAddChunk (internal/streams/readable.js:284:9)
	at Socket.Readable.push (internal/streams/readable.js:223:10)
	at Pipe.onStreamRead (internal/stream_base_commons.js:188:23) json-merger.merge
[2021-12-13 14:48:04.732] [exthost] [info] ExtensionService#_doActivateExtension LucidOcean.lucidocean-plurge {"startup":false,"extensionId":{"value":"LucidOcean.lucidocean-plurge","_lower":"lucidocean.lucidocean-plurge"},"activationEvent":"onCommand:lucidocean.plurge"}
[2021-12-13 14:48:04.732] [exthost] [info] ExtensionService#loadCommonJSModule file:///c:/Users/dator/.vscode/extensions/lucidocean.lucidocean-plurge-0.0.5/out/extension.js
[2021-12-13 14:53:35.645] [exthost] [info] extension host terminating: renderer closed the socket
[2021-12-13 14:53:36.660] [exthost] [info] exiting with code 0
